10.0770 	EXP 	Created window1 = Window(allowGUI=True, allowStencil=False, args=UNKNOWN, autoLog=True, bitsMode=UNKNOWN, blendMode='avg', color='white', colorSpace='named', fullscr=UNKNOWN, gamma=None, kwargs=UNKNOWN, lms=UNKNOWN, monitor=<psychopy.monitors.calibTools.Monitor object at 0x0000015595B38908>, multiSample=False, name='window1', numSamples=2, pos=[320.0, 180.0], screen=0, size=array([1280,  720]), stereo=False, units='cm', useFBO=False, useRetina=False, viewOri=0.0, viewPos=None, viewScale=None, waitBlanking=True, winType='pyglet')
10.1334 	EXP 	Created unnamed TextStim = TextStim(__class__=<class 'psychopy.visual.text.TextStim'>, alignHoriz='center', alignVert='center', antialias=True, autoLog=True, bold=False, color='black', colorSpace='named', contrast=1.0, depth=0, flipHoriz=False, flipVert=False, font='arial', fontFiles=[], height=1.0, italic=False, name='unnamed TextStim', opacity=1.0, ori=0.0, pos=array([0., 0.]), rgb=array([0., 0., 0.]), text='', units='cm', win=Window(...), wrapWidth=15.0)
10.1493 	EXP 	Created unnamed ImageStim = ImageStim(__class__=<class 'psychopy.visual.image.ImageStim'>, autoLog=True, color=array([1., 1., 1.]), colorSpace='rgb', contrast=1.0, depth=0, flipHoriz=False, flipVert=False, image=None, interpolate=False, mask=None, maskParams=None, name='unnamed ImageStim', opacity=1.0, ori=0.0, pos=array([0., 0.]), size=array([0.5, 0.5]), texRes=128, units='cm', win=Window(...))
10.1507 	EXP 	Created unnamed ImageStim = ImageStim(__class__=<class 'psychopy.visual.image.ImageStim'>, autoLog=True, color=array([1., 1., 1.]), colorSpace='rgb', contrast=1.0, depth=0, flipHoriz=False, flipVert=False, image=None, interpolate=False, mask=None, maskParams=None, name='unnamed ImageStim', opacity=1.0, ori=0.0, pos=array([0., 0.]), size=array([0.5, 0.5]), texRes=128, units='cm', win=Window(...))
10.1523 	EXP 	Created unnamed ImageStim = ImageStim(__class__=<class 'psychopy.visual.image.ImageStim'>, autoLog=True, color=array([1., 1., 1.]), colorSpace='rgb', contrast=1.0, depth=0, flipHoriz=False, flipVert=False, image=None, interpolate=False, mask=None, maskParams=None, name='unnamed ImageStim', opacity=1.0, ori=0.0, pos=array([0., 0.]), size=array([0.5, 0.5]), texRes=128, units='cm', win=Window(...))
10.2058 	EXP 	unnamed ImageStim: pos = array([-8.,  0.])
10.2058 	EXP 	unnamed ImageStim: pos = array([8., 0.])
10.2058 	EXP 	unnamed TextStim: text = 'Welcome to this experiment.\n\nPress any key to continue.'
10.2247 	EXP 	unnamed TextStim: text = 'Welcome to this experiment.\n\nPress any key to continue.'
10.2430 	EXP 	unnamed TextStim: text = 'Welcome to this experiment.\n\nPress any key to continue.'
10.2596 	EXP 	unnamed TextStim: text = 'Welcome to this experiment.\n\nPress any key to continue.'
10.2763 	EXP 	unnamed TextStim: text = 'Welcome to this experiment.\n\nPress any key to continue.'
10.2931 	EXP 	unnamed TextStim: text = 'Welcome to this experiment.\n\nPress any key to continue.'
10.3102 	EXP 	unnamed TextStim: text = 'Welcome to this experiment.\n\nPress any key to continue.'
10.3264 	EXP 	unnamed TextStim: text = 'Welcome to this experiment.\n\nPress any key to continue.'
10.3429 	EXP 	unnamed TextStim: text = 'Welcome to this experiment.\n\nPress any key to continue.'
10.3605 	EXP 	unnamed TextStim: text = 'Welcome to this experiment.\n\nPress any key to continue.'
10.3776 	EXP 	unnamed TextStim: text = 'Welcome to this experiment.\n\nPress any key to continue.'
10.3942 	EXP 	unnamed TextStim: text = 'Welcome to this experiment.\n\nPress any key to continue.'
10.4106 	EXP 	unnamed TextStim: text = 'Welcome to this experiment.\n\nPress any key to continue.'
10.4284 	EXP 	unnamed TextStim: text = 'Welcome to this experiment.\n\nPress any key to continue.'
10.4444 	EXP 	unnamed TextStim: text = 'Welcome to this experiment.\n\nPress any key to continue.'
10.4605 	EXP 	unnamed TextStim: text = 'Welcome to this experiment.\n\nPress any key to continue.'
10.4776 	EXP 	unnamed TextStim: text = 'Welcome to this experiment.\n\nPress any key to continue.'
10.4939 	EXP 	unnamed TextStim: text = 'Welcome to this experiment.\n\nPress any key to continue.'
10.5106 	EXP 	unnamed TextStim: text = 'Welcome to this experiment.\n\nPress any key to continue.'
10.5272 	EXP 	unnamed TextStim: text = 'Welcome to this experiment.\n\nPress any key to continue.'
10.5434 	EXP 	unnamed TextStim: text = 'Welcome to this experiment.\n\nPress any key to continue.'
10.5603 	EXP 	unnamed TextStim: text = 'Welcome to this experiment.\n\nPress any key to continue.'
10.5774 	EXP 	unnamed TextStim: text = 'Welcome to this experiment.\n\nPress any key to continue.'
10.5940 	EXP 	unnamed TextStim: text = 'Welcome to this experiment.\n\nPress any key to continue.'
10.6108 	EXP 	unnamed TextStim: text = 'Welcome to this experiment.\n\nPress any key to continue.'
10.6274 	EXP 	unnamed TextStim: text = 'Welcome to this experiment.\n\nPress any key to continue.'
10.6440 	EXP 	unnamed TextStim: text = 'Welcome to this experiment.\n\nPress any key to continue.'
10.6610 	EXP 	unnamed TextStim: text = 'Welcome to this experiment.\n\nPress any key to continue.'
10.6775 	EXP 	unnamed TextStim: text = 'Welcome to this experiment.\n\nPress any key to continue.'
10.6941 	EXP 	unnamed TextStim: text = 'Welcome to this experiment.\n\nPress any key to continue.'
10.7109 	EXP 	unnamed TextStim: text = 'Welcome to this experiment.\n\nPress any key to continue.'
10.7278 	EXP 	unnamed TextStim: text = 'Welcome to this experiment.\n\nPress any key to continue.'
10.7451 	EXP 	unnamed TextStim: text = 'Welcome to this experiment.\n\nPress any key to continue.'
10.7614 	EXP 	unnamed TextStim: text = 'Welcome to this experiment.\n\nPress any key to continue.'
10.7790 	EXP 	unnamed TextStim: text = 'Welcome to this experiment.\n\nPress any key to continue.'
10.7951 	EXP 	unnamed TextStim: text = 'Welcome to this experiment.\n\nPress any key to continue.'
10.8117 	EXP 	unnamed TextStim: text = 'Welcome to this experiment.\n\nPress any key to continue.'
10.8282 	EXP 	unnamed TextStim: text = 'Welcome to this experiment.\n\nPress any key to continue.'
10.8448 	EXP 	unnamed TextStim: text = 'Welcome to this experiment.\n\nPress any key to continue.'
10.8618 	EXP 	unnamed TextStim: text = 'Welcome to this experiment.\n\nPress any key to continue.'
10.8782 	EXP 	unnamed TextStim: text = 'Welcome to this experiment.\n\nPress any key to continue.'
10.8948 	EXP 	unnamed TextStim: text = 'Welcome to this experiment.\n\nPress any key to continue.'
10.9119 	EXP 	unnamed TextStim: text = 'Welcome to this experiment.\n\nPress any key to continue.'
10.9284 	EXP 	unnamed TextStim: text = 'Welcome to this experiment.\n\nPress any key to continue.'
10.9451 	EXP 	unnamed TextStim: text = 'Welcome to this experiment.\n\nPress any key to continue.'
10.9612 	EXP 	unnamed TextStim: text = 'Welcome to this experiment.\n\nPress any key to continue.'
10.9774 	EXP 	unnamed TextStim: text = 'Welcome to this experiment.\n\nPress any key to continue.'
10.9937 	EXP 	unnamed TextStim: text = 'Welcome to this experiment.\n\nPress any key to continue.'
11.0107 	EXP 	unnamed TextStim: text = 'Welcome to this experiment.\n\nPress any key to continue.'
11.0285 	EXP 	unnamed TextStim: text = 'Welcome to this experiment.\n\nPress any key to continue.'
11.0428 	EXP 	unnamed TextStim: text = 'Welcome to this experiment.\n\nPress any key to continue.'
11.0596 	EXP 	unnamed TextStim: text = 'Welcome to this experiment.\n\nPress any key to continue.'
11.0755 	EXP 	unnamed TextStim: text = 'Welcome to this experiment.\n\nPress any key to continue.'
11.0920 	EXP 	unnamed TextStim: text = 'Welcome to this experiment.\n\nPress any key to continue.'
11.1087 	EXP 	unnamed TextStim: text = 'Welcome to this experiment.\n\nPress any key to continue.'
11.1259 	EXP 	unnamed TextStim: text = 'Welcome to this experiment.\n\nPress any key to continue.'
11.1425 	EXP 	unnamed TextStim: text = 'Welcome to this experiment.\n\nPress any key to continue.'
11.1592 	EXP 	unnamed TextStim: text = 'Welcome to this experiment.\n\nPress any key to continue.'
11.1758 	EXP 	unnamed TextStim: text = 'Welcome to this experiment.\n\nPress any key to continue.'
11.1923 	EXP 	unnamed TextStim: text = 'Welcome to this experiment.\n\nPress any key to continue.'
11.2092 	EXP 	unnamed TextStim: text = 'Welcome to this experiment.\n\nPress any key to continue.'
11.2258 	EXP 	unnamed TextStim: text = 'Welcome to this experiment.\n\nPress any key to continue.'
11.2423 	EXP 	unnamed TextStim: text = 'Welcome to this experiment.\n\nPress any key to continue.'
11.2592 	EXP 	unnamed TextStim: text = 'Welcome to this experiment.\n\nPress any key to continue.'
11.2758 	EXP 	unnamed TextStim: text = 'Welcome to this experiment.\n\nPress any key to continue.'
11.2923 	EXP 	unnamed TextStim: text = 'Welcome to this experiment.\n\nPress any key to continue.'
11.3092 	EXP 	unnamed TextStim: text = 'Welcome to this experiment.\n\nPress any key to continue.'
11.3256 	EXP 	unnamed TextStim: text = 'Welcome to this experiment.\n\nPress any key to continue.'
11.3423 	EXP 	unnamed TextStim: text = 'Welcome to this experiment.\n\nPress any key to continue.'
11.3592 	EXP 	unnamed TextStim: text = 'Welcome to this experiment.\n\nPress any key to continue.'
11.3756 	EXP 	unnamed TextStim: text = 'Welcome to this experiment.\n\nPress any key to continue.'
11.3922 	EXP 	unnamed TextStim: text = 'Welcome to this experiment.\n\nPress any key to continue.'
11.4091 	EXP 	unnamed TextStim: text = 'Welcome to this experiment.\n\nPress any key to continue.'
11.4255 	EXP 	unnamed TextStim: text = 'Welcome to this experiment.\n\nPress any key to continue.'
11.4424 	EXP 	unnamed TextStim: text = 'Welcome to this experiment.\n\nPress any key to continue.'
11.4604 	EXP 	unnamed TextStim: text = 'Welcome to this experiment.\n\nPress any key to continue.'
11.4772 	EXP 	unnamed TextStim: text = 'Welcome to this experiment.\n\nPress any key to continue.'
11.4940 	EXP 	unnamed TextStim: text = 'Welcome to this experiment.\n\nPress any key to continue.'
11.5120 	EXP 	unnamed TextStim: text = 'Welcome to this experiment.\n\nPress any key to continue.'
11.5276 	EXP 	unnamed TextStim: text = 'Welcome to this experiment.\n\nPress any key to continue.'
11.5443 	EXP 	unnamed TextStim: text = 'Welcome to this experiment.\n\nPress any key to continue.'
11.5607 	EXP 	unnamed TextStim: text = 'Welcome to this experiment.\n\nPress any key to continue.'
11.5771 	EXP 	unnamed TextStim: text = 'Welcome to this experiment.\n\nPress any key to continue.'
11.5942 	EXP 	unnamed TextStim: text = 'Welcome to this experiment.\n\nPress any key to continue.'
11.6105 	EXP 	unnamed TextStim: text = 'Welcome to this experiment.\n\nPress any key to continue.'
11.6272 	EXP 	unnamed TextStim: text = 'Welcome to this experiment.\n\nPress any key to continue.'
11.6441 	EXP 	unnamed TextStim: text = 'Welcome to this experiment.\n\nPress any key to continue.'
11.6607 	EXP 	unnamed TextStim: text = 'Welcome to this experiment.\n\nPress any key to continue.'
11.6771 	EXP 	unnamed TextStim: text = 'Welcome to this experiment.\n\nPress any key to continue.'
11.6942 	EXP 	unnamed TextStim: text = 'Welcome to this experiment.\n\nPress any key to continue.'
11.7105 	EXP 	unnamed TextStim: text = 'Welcome to this experiment.\n\nPress any key to continue.'
11.7268 	EXP 	unnamed TextStim: text = 'Welcome to this experiment.\n\nPress any key to continue.'
11.7439 	EXP 	unnamed TextStim: text = 'Welcome to this experiment.\n\nPress any key to continue.'
11.7606 	EXP 	unnamed TextStim: text = 'Welcome to this experiment.\n\nPress any key to continue.'
11.7772 	EXP 	unnamed TextStim: text = 'Welcome to this experiment.\n\nPress any key to continue.'
11.7937 	EXP 	unnamed TextStim: text = 'Welcome to this experiment.\n\nPress any key to continue.'
11.8103 	EXP 	unnamed TextStim: text = 'Welcome to this experiment.\n\nPress any key to continue.'
11.8271 	EXP 	unnamed TextStim: text = 'Welcome to this experiment.\n\nPress any key to continue.'
11.8435 	EXP 	unnamed TextStim: text = 'Welcome to this experiment.\n\nPress any key to continue.'
11.8603 	EXP 	unnamed TextStim: text = 'Welcome to this experiment.\n\nPress any key to continue.'
11.8771 	EXP 	unnamed TextStim: text = 'Welcome to this experiment.\n\nPress any key to continue.'
11.8933 	EXP 	unnamed TextStim: text = 'Welcome to this experiment.\n\nPress any key to continue.'
11.9104 	EXP 	unnamed TextStim: text = 'Welcome to this experiment.\n\nPress any key to continue.'
11.9269 	EXP 	unnamed TextStim: text = 'Welcome to this experiment.\n\nPress any key to continue.'
11.9435 	EXP 	unnamed TextStim: text = 'Welcome to this experiment.\n\nPress any key to continue.'
11.9600 	EXP 	unnamed TextStim: text = 'Welcome to this experiment.\n\nPress any key to continue.'
11.9771 	EXP 	unnamed TextStim: text = 'Welcome to this experiment.\n\nPress any key to continue.'
11.9936 	EXP 	unnamed TextStim: text = 'Welcome to this experiment.\n\nPress any key to continue.'
12.0100 	EXP 	unnamed TextStim: text = 'Welcome to this experiment.\n\nPress any key to continue.'
12.0269 	EXP 	unnamed TextStim: text = 'Welcome to this experiment.\n\nPress any key to continue.'
12.0436 	EXP 	unnamed TextStim: text = 'Welcome to this experiment.\n\nPress any key to continue.'
12.0601 	EXP 	unnamed TextStim: text = 'Welcome to this experiment.\n\nPress any key to continue.'
12.0770 	EXP 	unnamed TextStim: text = 'Welcome to this experiment.\n\nPress any key to continue.'
12.0935 	EXP 	unnamed TextStim: text = 'Welcome to this experiment.\n\nPress any key to continue.'
12.1102 	EXP 	unnamed TextStim: text = 'Welcome to this experiment.\n\nPress any key to continue.'
12.1268 	EXP 	unnamed TextStim: text = 'Welcome to this experiment.\n\nPress any key to continue.'
12.1438 	EXP 	unnamed TextStim: text = 'Welcome to this experiment.\n\nPress any key to continue.'
12.1600 	EXP 	unnamed TextStim: text = 'Welcome to this experiment.\n\nPress any key to continue.'
12.1769 	EXP 	unnamed TextStim: text = 'Welcome to this experiment.\n\nPress any key to continue.'
12.1933 	EXP 	unnamed TextStim: text = 'Welcome to this experiment.\n\nPress any key to continue.'
12.2100 	EXP 	unnamed TextStim: text = 'Welcome to this experiment.\n\nPress any key to continue.'
12.2288 	EXP 	unnamed TextStim: text = 'Welcome to this experiment.\n\nPress any key to continue.'
12.2460 	EXP 	unnamed TextStim: text = 'Welcome to this experiment.\n\nPress any key to continue.'
12.2617 	EXP 	unnamed TextStim: text = 'Welcome to this experiment.\n\nPress any key to continue.'
12.2784 	EXP 	unnamed TextStim: text = 'Welcome to this experiment.\n\nPress any key to continue.'
12.2945 	EXP 	unnamed TextStim: text = 'Welcome to this experiment.\n\nPress any key to continue.'
12.2952 	DATA 	Keypress: space
12.3603 	EXP 	unnamed TextStim: text = 'You will get to see pictures. \n\nYour task is to name the pictures as quickly as possible.'
12.3760 	EXP 	unnamed TextStim: text = 'You will get to see pictures. \n\nYour task is to name the pictures as quickly as possible.'
12.3921 	EXP 	unnamed TextStim: text = 'You will get to see pictures. \n\nYour task is to name the pictures as quickly as possible.'
12.4089 	EXP 	unnamed TextStim: text = 'You will get to see pictures. \n\nYour task is to name the pictures as quickly as possible.'
12.4267 	EXP 	unnamed TextStim: text = 'You will get to see pictures. \n\nYour task is to name the pictures as quickly as possible.'
12.4435 	EXP 	unnamed TextStim: text = 'You will get to see pictures. \n\nYour task is to name the pictures as quickly as possible.'
12.4599 	EXP 	unnamed TextStim: text = 'You will get to see pictures. \n\nYour task is to name the pictures as quickly as possible.'
12.4771 	EXP 	unnamed TextStim: text = 'You will get to see pictures. \n\nYour task is to name the pictures as quickly as possible.'
12.4934 	EXP 	unnamed TextStim: text = 'You will get to see pictures. \n\nYour task is to name the pictures as quickly as possible.'
12.5099 	EXP 	unnamed TextStim: text = 'You will get to see pictures. \n\nYour task is to name the pictures as quickly as possible.'
12.5268 	EXP 	unnamed TextStim: text = 'You will get to see pictures. \n\nYour task is to name the pictures as quickly as possible.'
12.5431 	EXP 	unnamed TextStim: text = 'You will get to see pictures. \n\nYour task is to name the pictures as quickly as possible.'
12.5598 	EXP 	unnamed TextStim: text = 'You will get to see pictures. \n\nYour task is to name the pictures as quickly as possible.'
12.5766 	EXP 	unnamed TextStim: text = 'You will get to see pictures. \n\nYour task is to name the pictures as quickly as possible.'
12.5932 	EXP 	unnamed TextStim: text = 'You will get to see pictures. \n\nYour task is to name the pictures as quickly as possible.'
12.5939 	DATA 	Keypress: space
12.6346 	EXP 	unnamed TextStim: text = 'However, there is a catch.'
12.6432 	EXP 	unnamed TextStim: text = 'However, there is a catch.'
12.6596 	EXP 	unnamed TextStim: text = 'However, there is a catch.'
12.6771 	EXP 	unnamed TextStim: text = 'However, there is a catch.'
12.6935 	EXP 	unnamed TextStim: text = 'However, there is a catch.'
12.7097 	EXP 	unnamed TextStim: text = 'However, there is a catch.'
12.7265 	EXP 	unnamed TextStim: text = 'However, there is a catch.'
12.7433 	EXP 	unnamed TextStim: text = 'However, there is a catch.'
12.7600 	EXP 	unnamed TextStim: text = 'However, there is a catch.'
12.7767 	EXP 	unnamed TextStim: text = 'However, there is a catch.'
12.7932 	EXP 	unnamed TextStim: text = 'However, there is a catch.'
12.7939 	DATA 	Keypress: space
12.8504 	EXP 	unnamed TextStim: text = 'If you see a picture on the LEFT side of the screen, name the picture in English.'
12.8582 	EXP 	unnamed TextStim: text = 'If you see a picture on the LEFT side of the screen, name the picture in English.'
12.8749 	EXP 	unnamed TextStim: text = 'If you see a picture on the LEFT side of the screen, name the picture in English.'
12.8914 	EXP 	unnamed TextStim: text = 'If you see a picture on the LEFT side of the screen, name the picture in English.'
12.9087 	EXP 	unnamed TextStim: text = 'If you see a picture on the LEFT side of the screen, name the picture in English.'
12.9254 	EXP 	unnamed TextStim: text = 'If you see a picture on the LEFT side of the screen, name the picture in English.'
12.9421 	EXP 	unnamed TextStim: text = 'If you see a picture on the LEFT side of the screen, name the picture in English.'
12.9587 	EXP 	unnamed TextStim: text = 'If you see a picture on the LEFT side of the screen, name the picture in English.'
12.9754 	EXP 	unnamed TextStim: text = 'If you see a picture on the LEFT side of the screen, name the picture in English.'
12.9758 	DATA 	Keypress: space
13.0480 	EXP 	unnamed TextStim: text = 'If you see a picture on the RIGHT side of the screen, name the picture in Dutch.'
13.0576 	EXP 	unnamed TextStim: text = 'If you see a picture on the RIGHT side of the screen, name the picture in Dutch.'
13.0744 	EXP 	unnamed TextStim: text = 'If you see a picture on the RIGHT side of the screen, name the picture in Dutch.'
13.0910 	EXP 	unnamed TextStim: text = 'If you see a picture on the RIGHT side of the screen, name the picture in Dutch.'
13.1082 	EXP 	unnamed TextStim: text = 'If you see a picture on the RIGHT side of the screen, name the picture in Dutch.'
13.1248 	EXP 	unnamed TextStim: text = 'If you see a picture on the RIGHT side of the screen, name the picture in Dutch.'
13.1415 	EXP 	unnamed TextStim: text = 'If you see a picture on the RIGHT side of the screen, name the picture in Dutch.'
13.1580 	EXP 	unnamed TextStim: text = 'If you see a picture on the RIGHT side of the screen, name the picture in Dutch.'
13.1748 	EXP 	unnamed TextStim: text = 'If you see a picture on the RIGHT side of the screen, name the picture in Dutch.'
13.1916 	EXP 	unnamed TextStim: text = 'If you see a picture on the RIGHT side of the screen, name the picture in Dutch.'
13.2080 	EXP 	unnamed TextStim: text = 'If you see a picture on the RIGHT side of the screen, name the picture in Dutch.'
13.2248 	EXP 	unnamed TextStim: text = 'If you see a picture on the RIGHT side of the screen, name the picture in Dutch.'
13.2415 	EXP 	unnamed TextStim: text = 'If you see a picture on the RIGHT side of the screen, name the picture in Dutch.'
13.2594 	EXP 	unnamed TextStim: text = 'If you see a picture on the RIGHT side of the screen, name the picture in Dutch.'
13.2762 	EXP 	unnamed TextStim: text = 'If you see a picture on the RIGHT side of the screen, name the picture in Dutch.'
13.2927 	EXP 	unnamed TextStim: text = 'If you see a picture on the RIGHT side of the screen, name the picture in Dutch.'
13.3098 	EXP 	unnamed TextStim: text = 'If you see a picture on the RIGHT side of the screen, name the picture in Dutch.'
13.3261 	EXP 	unnamed TextStim: text = 'If you see a picture on the RIGHT side of the screen, name the picture in Dutch.'
13.3428 	EXP 	unnamed TextStim: text = 'If you see a picture on the RIGHT side of the screen, name the picture in Dutch.'
13.3596 	EXP 	unnamed TextStim: text = 'If you see a picture on the RIGHT side of the screen, name the picture in Dutch.'
13.3762 	EXP 	unnamed TextStim: text = 'If you see a picture on the RIGHT side of the screen, name the picture in Dutch.'
13.3946 	EXP 	unnamed TextStim: text = 'If you see a picture on the RIGHT side of the screen, name the picture in Dutch.'
13.4104 	EXP 	unnamed TextStim: text = 'If you see a picture on the RIGHT side of the screen, name the picture in Dutch.'
13.4122 	DATA 	Keypress: space
13.4364 	EXP 	unnamed TextStim: text = 'Ready? \n\nPress a key to start!'
13.4418 	EXP 	unnamed TextStim: text = 'Ready? \n\nPress a key to start!'
13.4581 	EXP 	unnamed TextStim: text = 'Ready? \n\nPress a key to start!'
13.4741 	EXP 	unnamed TextStim: text = 'Ready? \n\nPress a key to start!'
13.4914 	EXP 	unnamed TextStim: text = 'Ready? \n\nPress a key to start!'
13.5083 	EXP 	unnamed TextStim: text = 'Ready? \n\nPress a key to start!'
13.5245 	EXP 	unnamed TextStim: text = 'Ready? \n\nPress a key to start!'
13.5413 	EXP 	unnamed TextStim: text = 'Ready? \n\nPress a key to start!'
13.5579 	EXP 	unnamed TextStim: text = 'Ready? \n\nPress a key to start!'
13.5746 	EXP 	unnamed TextStim: text = 'Ready? \n\nPress a key to start!'
13.5912 	EXP 	unnamed TextStim: text = 'Ready? \n\nPress a key to start!'
13.6079 	EXP 	unnamed TextStim: text = 'Ready? \n\nPress a key to start!'
13.6245 	EXP 	unnamed TextStim: text = 'Ready? \n\nPress a key to start!'
13.6413 	EXP 	unnamed TextStim: text = 'Ready? \n\nPress a key to start!'
13.6579 	EXP 	unnamed TextStim: text = 'Ready? \n\nPress a key to start!'
13.6746 	EXP 	unnamed TextStim: text = 'Ready? \n\nPress a key to start!'
13.6911 	EXP 	unnamed TextStim: text = 'Ready? \n\nPress a key to start!'
13.7078 	EXP 	unnamed TextStim: text = 'Ready? \n\nPress a key to start!'
13.7244 	EXP 	unnamed TextStim: text = 'Ready? \n\nPress a key to start!'
13.7411 	EXP 	unnamed TextStim: text = 'Ready? \n\nPress a key to start!'
13.7579 	EXP 	unnamed TextStim: text = 'Ready? \n\nPress a key to start!'
13.7748 	EXP 	unnamed TextStim: text = 'Ready? \n\nPress a key to start!'
13.7911 	EXP 	unnamed TextStim: text = 'Ready? \n\nPress a key to start!'
13.7920 	DATA 	Keypress: space
13.8078 	EXP 	unnamed TextStim: text = 'Ready? \n\nPress a key to start!'
13.8249 	EXP 	unnamed ImageStim: size = array([8.7890625, 8.7890625])
13.8249 	EXP 	unnamed ImageStim: image = '1.png'
15.8348 	EXP 	unnamed ImageStim: size = array([8.7890625, 8.7890625])
15.8348 	EXP 	unnamed ImageStim: image = '2.png'
17.8430 	EXP 	unnamed ImageStim: size = array([8.7890625, 8.7890625])
17.8430 	EXP 	unnamed ImageStim: image = '3.png'
19.8527 	EXP 	unnamed ImageStim: size = array([8.7890625, 8.7890625])
19.8527 	EXP 	unnamed ImageStim: image = '4.png'
21.8619 	EXP 	unnamed ImageStim: size = array([8.7890625, 8.7890625])
21.8619 	EXP 	unnamed ImageStim: image = '5.png'
23.8673 	EXP 	unnamed ImageStim: size = array([8.7890625, 8.7890625])
23.8673 	EXP 	unnamed ImageStim: image = '6.png'
25.8743 	EXP 	unnamed ImageStim: size = array([8.7890625, 8.7890625])
25.8743 	EXP 	unnamed ImageStim: image = '7.png'
27.9629 	EXP 	window1: mouseVisible = True
