9.4950 	EXP 	Created window1 = Window(allowGUI=True, allowStencil=False, args=UNKNOWN, autoLog=True, bitsMode=UNKNOWN, blendMode='avg', color='white', colorSpace='named', fullscr=UNKNOWN, gamma=None, kwargs=UNKNOWN, lms=UNKNOWN, monitor=<psychopy.monitors.calibTools.Monitor object at 0x00000270B73B7630>, multiSample=False, name='window1', numSamples=2, pos=[320.0, 180.0], screen=0, size=array([1280,  720]), stereo=False, units='cm', useFBO=False, useRetina=False, viewOri=0.0, viewPos=None, viewScale=None, waitBlanking=True, winType='pyglet')
9.5831 	EXP 	Created unnamed TextStim = TextStim(__class__=<class 'psychopy.visual.text.TextStim'>, alignHoriz='center', alignVert='center', antialias=True, autoLog=True, bold=False, color='black', colorSpace='named', contrast=1.0, depth=0, flipHoriz=False, flipVert=False, font='arial', fontFiles=[], height=1.0, italic=False, name='unnamed TextStim', opacity=1.0, ori=0.0, pos=array([0., 0.]), rgb=array([0., 0., 0.]), text='', units='cm', win=Window(...), wrapWidth=15.0)
9.6029 	EXP 	Created unnamed ImageStim = ImageStim(__class__=<class 'psychopy.visual.image.ImageStim'>, autoLog=True, color=array([1., 1., 1.]), colorSpace='rgb', contrast=1.0, depth=0, flipHoriz=False, flipVert=False, image=None, interpolate=False, mask=None, maskParams=None, name='unnamed ImageStim', opacity=1.0, ori=0.0, pos=array([0., 0.]), size=array([0.5, 0.5]), texRes=128, units='cm', win=Window(...))
9.6044 	EXP 	Created unnamed ImageStim = ImageStim(__class__=<class 'psychopy.visual.image.ImageStim'>, autoLog=True, color=array([1., 1., 1.]), colorSpace='rgb', contrast=1.0, depth=0, flipHoriz=False, flipVert=False, image=None, interpolate=False, mask=None, maskParams=None, name='unnamed ImageStim', opacity=1.0, ori=0.0, pos=array([0., 0.]), size=array([0.5, 0.5]), texRes=128, units='cm', win=Window(...))
9.6063 	EXP 	Created unnamed ImageStim = ImageStim(__class__=<class 'psychopy.visual.image.ImageStim'>, autoLog=True, color=array([1., 1., 1.]), colorSpace='rgb', contrast=1.0, depth=0, flipHoriz=False, flipVert=False, image=None, interpolate=False, mask=None, maskParams=None, name='unnamed ImageStim', opacity=1.0, ori=0.0, pos=array([0., 0.]), size=array([0.5, 0.5]), texRes=128, units='cm', win=Window(...))
9.7013 	EXP 	unnamed ImageStim: pos = array([-8.,  0.])
9.7013 	EXP 	unnamed ImageStim: pos = array([8., 0.])
9.7013 	EXP 	unnamed TextStim: text = 'Welcome to this experiment.\n\nPress any key to continue.'
9.7096 	EXP 	unnamed TextStim: text = 'Welcome to this experiment.\n\nPress any key to continue.'
9.7280 	EXP 	unnamed TextStim: text = 'Welcome to this experiment.\n\nPress any key to continue.'
9.7445 	EXP 	unnamed TextStim: text = 'Welcome to this experiment.\n\nPress any key to continue.'
9.7616 	EXP 	unnamed TextStim: text = 'Welcome to this experiment.\n\nPress any key to continue.'
9.7783 	EXP 	unnamed TextStim: text = 'Welcome to this experiment.\n\nPress any key to continue.'
9.7949 	EXP 	unnamed TextStim: text = 'Welcome to this experiment.\n\nPress any key to continue.'
9.8117 	EXP 	unnamed TextStim: text = 'Welcome to this experiment.\n\nPress any key to continue.'
9.8282 	EXP 	unnamed TextStim: text = 'Welcome to this experiment.\n\nPress any key to continue.'
9.8451 	EXP 	unnamed TextStim: text = 'Welcome to this experiment.\n\nPress any key to continue.'
9.8628 	EXP 	unnamed TextStim: text = 'Welcome to this experiment.\n\nPress any key to continue.'
9.8780 	EXP 	unnamed TextStim: text = 'Welcome to this experiment.\n\nPress any key to continue.'
9.8949 	EXP 	unnamed TextStim: text = 'Welcome to this experiment.\n\nPress any key to continue.'
9.9114 	EXP 	unnamed TextStim: text = 'Welcome to this experiment.\n\nPress any key to continue.'
9.9281 	EXP 	unnamed TextStim: text = 'Welcome to this experiment.\n\nPress any key to continue.'
9.9447 	EXP 	unnamed TextStim: text = 'Welcome to this experiment.\n\nPress any key to continue.'
9.9614 	EXP 	unnamed TextStim: text = 'Welcome to this experiment.\n\nPress any key to continue.'
9.9781 	EXP 	unnamed TextStim: text = 'Welcome to this experiment.\n\nPress any key to continue.'
9.9949 	EXP 	unnamed TextStim: text = 'Welcome to this experiment.\n\nPress any key to continue.'
10.0114 	EXP 	unnamed TextStim: text = 'Welcome to this experiment.\n\nPress any key to continue.'
10.0283 	EXP 	unnamed TextStim: text = 'Welcome to this experiment.\n\nPress any key to continue.'
10.0448 	EXP 	unnamed TextStim: text = 'Welcome to this experiment.\n\nPress any key to continue.'
10.0612 	EXP 	unnamed TextStim: text = 'Welcome to this experiment.\n\nPress any key to continue.'
10.0781 	EXP 	unnamed TextStim: text = 'Welcome to this experiment.\n\nPress any key to continue.'
10.0947 	EXP 	unnamed TextStim: text = 'Welcome to this experiment.\n\nPress any key to continue.'
10.1112 	EXP 	unnamed TextStim: text = 'Welcome to this experiment.\n\nPress any key to continue.'
10.1282 	EXP 	unnamed TextStim: text = 'Welcome to this experiment.\n\nPress any key to continue.'
10.1446 	EXP 	unnamed TextStim: text = 'Welcome to this experiment.\n\nPress any key to continue.'
10.1613 	EXP 	unnamed TextStim: text = 'Welcome to this experiment.\n\nPress any key to continue.'
10.1780 	EXP 	unnamed TextStim: text = 'Welcome to this experiment.\n\nPress any key to continue.'
10.1946 	EXP 	unnamed TextStim: text = 'Welcome to this experiment.\n\nPress any key to continue.'
10.2113 	EXP 	unnamed TextStim: text = 'Welcome to this experiment.\n\nPress any key to continue.'
10.2282 	EXP 	unnamed TextStim: text = 'Welcome to this experiment.\n\nPress any key to continue.'
10.2446 	EXP 	unnamed TextStim: text = 'Welcome to this experiment.\n\nPress any key to continue.'
10.2612 	EXP 	unnamed TextStim: text = 'Welcome to this experiment.\n\nPress any key to continue.'
10.2780 	EXP 	unnamed TextStim: text = 'Welcome to this experiment.\n\nPress any key to continue.'
10.2945 	EXP 	unnamed TextStim: text = 'Welcome to this experiment.\n\nPress any key to continue.'
10.3112 	EXP 	unnamed TextStim: text = 'Welcome to this experiment.\n\nPress any key to continue.'
10.3278 	EXP 	unnamed TextStim: text = 'Welcome to this experiment.\n\nPress any key to continue.'
10.3445 	EXP 	unnamed TextStim: text = 'Welcome to this experiment.\n\nPress any key to continue.'
10.3612 	EXP 	unnamed TextStim: text = 'Welcome to this experiment.\n\nPress any key to continue.'
10.3778 	EXP 	unnamed TextStim: text = 'Welcome to this experiment.\n\nPress any key to continue.'
10.3947 	EXP 	unnamed TextStim: text = 'Welcome to this experiment.\n\nPress any key to continue.'
10.4130 	EXP 	unnamed TextStim: text = 'Welcome to this experiment.\n\nPress any key to continue.'
10.4291 	EXP 	unnamed TextStim: text = 'Welcome to this experiment.\n\nPress any key to continue.'
10.4448 	EXP 	unnamed TextStim: text = 'Welcome to this experiment.\n\nPress any key to continue.'
10.4613 	EXP 	unnamed TextStim: text = 'Welcome to this experiment.\n\nPress any key to continue.'
10.4776 	EXP 	unnamed TextStim: text = 'Welcome to this experiment.\n\nPress any key to continue.'
10.4944 	EXP 	unnamed TextStim: text = 'Welcome to this experiment.\n\nPress any key to continue.'
10.5108 	EXP 	unnamed TextStim: text = 'Welcome to this experiment.\n\nPress any key to continue.'
10.5279 	EXP 	unnamed TextStim: text = 'Welcome to this experiment.\n\nPress any key to continue.'
10.5442 	EXP 	unnamed TextStim: text = 'Welcome to this experiment.\n\nPress any key to continue.'
10.5450 	DATA 	Keypress: space
10.6131 	EXP 	unnamed TextStim: text = 'You will get to see pictures. \n\nYour task is to name the pictures as quickly as possible.'
10.6261 	EXP 	unnamed TextStim: text = 'You will get to see pictures. \n\nYour task is to name the pictures as quickly as possible.'
10.6442 	EXP 	unnamed TextStim: text = 'You will get to see pictures. \n\nYour task is to name the pictures as quickly as possible.'
10.6616 	EXP 	unnamed TextStim: text = 'You will get to see pictures. \n\nYour task is to name the pictures as quickly as possible.'
10.6776 	EXP 	unnamed TextStim: text = 'You will get to see pictures. \n\nYour task is to name the pictures as quickly as possible.'
10.6945 	EXP 	unnamed TextStim: text = 'You will get to see pictures. \n\nYour task is to name the pictures as quickly as possible.'
10.7110 	EXP 	unnamed TextStim: text = 'You will get to see pictures. \n\nYour task is to name the pictures as quickly as possible.'
10.7276 	EXP 	unnamed TextStim: text = 'You will get to see pictures. \n\nYour task is to name the pictures as quickly as possible.'
10.7285 	DATA 	Keypress: space
10.7655 	EXP 	unnamed TextStim: text = 'However, there is a catch.'
10.7772 	EXP 	unnamed TextStim: text = 'However, there is a catch.'
10.7938 	EXP 	unnamed TextStim: text = 'However, there is a catch.'
10.8109 	EXP 	unnamed TextStim: text = 'However, there is a catch.'
10.8275 	EXP 	unnamed TextStim: text = 'However, there is a catch.'
10.8444 	EXP 	unnamed TextStim: text = 'However, there is a catch.'
10.8613 	EXP 	unnamed TextStim: text = 'However, there is a catch.'
10.8777 	EXP 	unnamed TextStim: text = 'However, there is a catch.'
10.8942 	EXP 	unnamed TextStim: text = 'However, there is a catch.'
10.8949 	DATA 	Keypress: space
10.9639 	EXP 	unnamed TextStim: text = 'If you see a picture on the LEFT side of the screen, name the picture in English.'
10.9769 	EXP 	unnamed TextStim: text = 'If you see a picture on the LEFT side of the screen, name the picture in English.'
10.9938 	EXP 	unnamed TextStim: text = 'If you see a picture on the LEFT side of the screen, name the picture in English.'
11.0105 	EXP 	unnamed TextStim: text = 'If you see a picture on the LEFT side of the screen, name the picture in English.'
11.0273 	EXP 	unnamed TextStim: text = 'If you see a picture on the LEFT side of the screen, name the picture in English.'
11.0442 	EXP 	unnamed TextStim: text = 'If you see a picture on the LEFT side of the screen, name the picture in English.'
11.0610 	EXP 	unnamed TextStim: text = 'If you see a picture on the LEFT side of the screen, name the picture in English.'
11.0777 	EXP 	unnamed TextStim: text = 'If you see a picture on the LEFT side of the screen, name the picture in English.'
11.0785 	DATA 	Keypress: space
11.1316 	EXP 	unnamed TextStim: text = 'If you see a picture on the RIGHT side of the screen, name the picture in Dutch.'
11.1426 	EXP 	unnamed TextStim: text = 'If you see a picture on the RIGHT side of the screen, name the picture in Dutch.'
11.1594 	EXP 	unnamed TextStim: text = 'If you see a picture on the RIGHT side of the screen, name the picture in Dutch.'
11.1760 	EXP 	unnamed TextStim: text = 'If you see a picture on the RIGHT side of the screen, name the picture in Dutch.'
11.1932 	EXP 	unnamed TextStim: text = 'If you see a picture on the RIGHT side of the screen, name the picture in Dutch.'
11.2097 	EXP 	unnamed TextStim: text = 'If you see a picture on the RIGHT side of the screen, name the picture in Dutch.'
11.2284 	EXP 	unnamed TextStim: text = 'If you see a picture on the RIGHT side of the screen, name the picture in Dutch.'
11.2447 	EXP 	unnamed TextStim: text = 'If you see a picture on the RIGHT side of the screen, name the picture in Dutch.'
11.2616 	EXP 	unnamed TextStim: text = 'If you see a picture on the RIGHT side of the screen, name the picture in Dutch.'
11.2627 	DATA 	Keypress: space
11.3012 	EXP 	unnamed TextStim: text = 'Ready? \n\nPress a key to start!'
11.3099 	EXP 	unnamed TextStim: text = 'Ready? \n\nPress a key to start!'
11.3265 	EXP 	unnamed TextStim: text = 'Ready? \n\nPress a key to start!'
11.3433 	EXP 	unnamed TextStim: text = 'Ready? \n\nPress a key to start!'
11.3601 	EXP 	unnamed TextStim: text = 'Ready? \n\nPress a key to start!'
11.3764 	EXP 	unnamed TextStim: text = 'Ready? \n\nPress a key to start!'
11.3929 	EXP 	unnamed TextStim: text = 'Ready? \n\nPress a key to start!'
11.4100 	EXP 	unnamed TextStim: text = 'Ready? \n\nPress a key to start!'
11.4257 	EXP 	unnamed TextStim: text = 'Ready? \n\nPress a key to start!'
11.4430 	EXP 	unnamed TextStim: text = 'Ready? \n\nPress a key to start!'
11.4608 	EXP 	unnamed TextStim: text = 'Ready? \n\nPress a key to start!'
11.4775 	EXP 	unnamed TextStim: text = 'Ready? \n\nPress a key to start!'
11.4942 	EXP 	unnamed TextStim: text = 'Ready? \n\nPress a key to start!'
11.5106 	EXP 	unnamed TextStim: text = 'Ready? \n\nPress a key to start!'
11.5273 	EXP 	unnamed TextStim: text = 'Ready? \n\nPress a key to start!'
11.5442 	EXP 	unnamed TextStim: text = 'Ready? \n\nPress a key to start!'
11.5606 	EXP 	unnamed TextStim: text = 'Ready? \n\nPress a key to start!'
11.5774 	EXP 	unnamed TextStim: text = 'Ready? \n\nPress a key to start!'
11.5940 	EXP 	unnamed TextStim: text = 'Ready? \n\nPress a key to start!'
11.6106 	EXP 	unnamed TextStim: text = 'Ready? \n\nPress a key to start!'
11.6274 	EXP 	unnamed TextStim: text = 'Ready? \n\nPress a key to start!'
11.6281 	DATA 	Keypress: space
11.6483 	EXP 	unnamed ImageStim: size = array([8.7890625, 8.7890625])
11.6483 	EXP 	unnamed ImageStim: image = '1.png'
13.6571 	EXP 	unnamed ImageStim: size = array([8.7890625, 8.7890625])
13.6571 	EXP 	unnamed ImageStim: image = '2.png'
15.6640 	EXP 	unnamed ImageStim: size = array([8.7890625, 8.7890625])
15.6640 	EXP 	unnamed ImageStim: image = '3.png'
17.6706 	EXP 	unnamed ImageStim: size = array([8.7890625, 8.7890625])
17.6706 	EXP 	unnamed ImageStim: image = '4.png'
19.6808 	EXP 	unnamed ImageStim: size = array([8.7890625, 8.7890625])
19.6808 	EXP 	unnamed ImageStim: image = '5.png'
21.6881 	EXP 	unnamed ImageStim: size = array([8.7890625, 8.7890625])
21.6881 	EXP 	unnamed ImageStim: image = '6.png'
23.6948 	EXP 	unnamed ImageStim: size = array([8.7890625, 8.7890625])
23.6948 	EXP 	unnamed ImageStim: image = '7.png'
25.8011 	EXP 	window1: mouseVisible = True
