8.7687 	EXP 	Created window1 = Window(allowGUI=True, allowStencil=False, args=UNKNOWN, autoLog=True, bitsMode=UNKNOWN, blendMode='avg', color='white', colorSpace='named', fullscr=UNKNOWN, gamma=None, kwargs=UNKNOWN, lms=UNKNOWN, monitor=<psychopy.monitors.calibTools.Monitor object at 0x00000260B77C6630>, multiSample=False, name='window1', numSamples=2, pos=[320.0, 180.0], screen=0, size=array([1280,  720]), stereo=False, units='cm', useFBO=False, useRetina=False, viewOri=0.0, viewPos=None, viewScale=None, waitBlanking=True, winType='pyglet')
9.2118 	EXP 	Created unnamed TextStim = TextStim(__class__=<class 'psychopy.visual.text.TextStim'>, alignHoriz='center', alignVert='center', antialias=True, autoLog=True, bold=False, color='black', colorSpace='named', contrast=1.0, depth=0, flipHoriz=False, flipVert=False, font='arial', fontFiles=[], height=1.0, italic=False, name='unnamed TextStim', opacity=1.0, ori=0.0, pos=array([0., 0.]), rgb=array([0., 0., 0.]), text='', units='cm', win=Window(...), wrapWidth=15.0)
9.3676 	EXP 	Created unnamed ImageStim = ImageStim(__class__=<class 'psychopy.visual.image.ImageStim'>, autoLog=True, color=array([1., 1., 1.]), colorSpace='rgb', contrast=1.0, depth=0, flipHoriz=False, flipVert=False, image=None, interpolate=False, mask=None, maskParams=None, name='unnamed ImageStim', opacity=1.0, ori=0.0, pos=array([0., 0.]), size=array([0.5, 0.5]), texRes=128, units='cm', win=Window(...))
9.3710 	EXP 	Created unnamed ImageStim = ImageStim(__class__=<class 'psychopy.visual.image.ImageStim'>, autoLog=True, color=array([1., 1., 1.]), colorSpace='rgb', contrast=1.0, depth=0, flipHoriz=False, flipVert=False, image=None, interpolate=False, mask=None, maskParams=None, name='unnamed ImageStim', opacity=1.0, ori=0.0, pos=array([0., 0.]), size=array([0.5, 0.5]), texRes=128, units='cm', win=Window(...))
9.3748 	EXP 	Created unnamed ImageStim = ImageStim(__class__=<class 'psychopy.visual.image.ImageStim'>, autoLog=True, color=array([1., 1., 1.]), colorSpace='rgb', contrast=1.0, depth=0, flipHoriz=False, flipVert=False, image=None, interpolate=False, mask=None, maskParams=None, name='unnamed ImageStim', opacity=1.0, ori=0.0, pos=array([0., 0.]), size=array([0.5, 0.5]), texRes=128, units='cm', win=Window(...))
9.5503 	EXP 	unnamed ImageStim: pos = array([-8.,  0.])
9.5503 	EXP 	unnamed ImageStim: pos = array([8., 0.])
9.5503 	EXP 	unnamed TextStim: text = 'Welcome to this experiment.\n\nPress any key to continue.'
9.5663 	EXP 	unnamed TextStim: text = 'Welcome to this experiment.\n\nPress any key to continue.'
9.5829 	EXP 	unnamed TextStim: text = 'Welcome to this experiment.\n\nPress any key to continue.'
9.5999 	EXP 	unnamed TextStim: text = 'Welcome to this experiment.\n\nPress any key to continue.'
9.6168 	EXP 	unnamed TextStim: text = 'Welcome to this experiment.\n\nPress any key to continue.'
9.6341 	EXP 	unnamed TextStim: text = 'Welcome to this experiment.\n\nPress any key to continue.'
9.6501 	EXP 	unnamed TextStim: text = 'Welcome to this experiment.\n\nPress any key to continue.'
9.6674 	EXP 	unnamed TextStim: text = 'Welcome to this experiment.\n\nPress any key to continue.'
9.6831 	EXP 	unnamed TextStim: text = 'Welcome to this experiment.\n\nPress any key to continue.'
9.6999 	EXP 	unnamed TextStim: text = 'Welcome to this experiment.\n\nPress any key to continue.'
9.7167 	EXP 	unnamed TextStim: text = 'Welcome to this experiment.\n\nPress any key to continue.'
9.7331 	EXP 	unnamed TextStim: text = 'Welcome to this experiment.\n\nPress any key to continue.'
9.7501 	EXP 	unnamed TextStim: text = 'Welcome to this experiment.\n\nPress any key to continue.'
9.7667 	EXP 	unnamed TextStim: text = 'Welcome to this experiment.\n\nPress any key to continue.'
9.7830 	EXP 	unnamed TextStim: text = 'Welcome to this experiment.\n\nPress any key to continue.'
9.7999 	EXP 	unnamed TextStim: text = 'Welcome to this experiment.\n\nPress any key to continue.'
9.8167 	EXP 	unnamed TextStim: text = 'Welcome to this experiment.\n\nPress any key to continue.'
9.8332 	EXP 	unnamed TextStim: text = 'Welcome to this experiment.\n\nPress any key to continue.'
9.8499 	EXP 	unnamed TextStim: text = 'Welcome to this experiment.\n\nPress any key to continue.'
9.8664 	EXP 	unnamed TextStim: text = 'Welcome to this experiment.\n\nPress any key to continue.'
9.8833 	EXP 	unnamed TextStim: text = 'Welcome to this experiment.\n\nPress any key to continue.'
9.8999 	EXP 	unnamed TextStim: text = 'Welcome to this experiment.\n\nPress any key to continue.'
9.9166 	EXP 	unnamed TextStim: text = 'Welcome to this experiment.\n\nPress any key to continue.'
9.9331 	EXP 	unnamed TextStim: text = 'Welcome to this experiment.\n\nPress any key to continue.'
9.9498 	EXP 	unnamed TextStim: text = 'Welcome to this experiment.\n\nPress any key to continue.'
9.9666 	EXP 	unnamed TextStim: text = 'Welcome to this experiment.\n\nPress any key to continue.'
9.9831 	EXP 	unnamed TextStim: text = 'Welcome to this experiment.\n\nPress any key to continue.'
9.9997 	EXP 	unnamed TextStim: text = 'Welcome to this experiment.\n\nPress any key to continue.'
10.0165 	EXP 	unnamed TextStim: text = 'Welcome to this experiment.\n\nPress any key to continue.'
10.0331 	EXP 	unnamed TextStim: text = 'Welcome to this experiment.\n\nPress any key to continue.'
10.0497 	EXP 	unnamed TextStim: text = 'Welcome to this experiment.\n\nPress any key to continue.'
10.0663 	EXP 	unnamed TextStim: text = 'Welcome to this experiment.\n\nPress any key to continue.'
10.0830 	EXP 	unnamed TextStim: text = 'Welcome to this experiment.\n\nPress any key to continue.'
10.0998 	EXP 	unnamed TextStim: text = 'Welcome to this experiment.\n\nPress any key to continue.'
10.1164 	EXP 	unnamed TextStim: text = 'Welcome to this experiment.\n\nPress any key to continue.'
10.1329 	EXP 	unnamed TextStim: text = 'Welcome to this experiment.\n\nPress any key to continue.'
10.1496 	EXP 	unnamed TextStim: text = 'Welcome to this experiment.\n\nPress any key to continue.'
10.1667 	EXP 	unnamed TextStim: text = 'Welcome to this experiment.\n\nPress any key to continue.'
10.1829 	EXP 	unnamed TextStim: text = 'Welcome to this experiment.\n\nPress any key to continue.'
10.1997 	EXP 	unnamed TextStim: text = 'Welcome to this experiment.\n\nPress any key to continue.'
10.2166 	EXP 	unnamed TextStim: text = 'Welcome to this experiment.\n\nPress any key to continue.'
10.2330 	EXP 	unnamed TextStim: text = 'Welcome to this experiment.\n\nPress any key to continue.'
10.2498 	EXP 	unnamed TextStim: text = 'Welcome to this experiment.\n\nPress any key to continue.'
10.2661 	EXP 	unnamed TextStim: text = 'Welcome to this experiment.\n\nPress any key to continue.'
10.2831 	EXP 	unnamed TextStim: text = 'Welcome to this experiment.\n\nPress any key to continue.'
10.2996 	EXP 	unnamed TextStim: text = 'Welcome to this experiment.\n\nPress any key to continue.'
10.3162 	EXP 	unnamed TextStim: text = 'Welcome to this experiment.\n\nPress any key to continue.'
10.3329 	EXP 	unnamed TextStim: text = 'Welcome to this experiment.\n\nPress any key to continue.'
10.3496 	EXP 	unnamed TextStim: text = 'Welcome to this experiment.\n\nPress any key to continue.'
10.3662 	EXP 	unnamed TextStim: text = 'Welcome to this experiment.\n\nPress any key to continue.'
10.3829 	EXP 	unnamed TextStim: text = 'Welcome to this experiment.\n\nPress any key to continue.'
10.3995 	EXP 	unnamed TextStim: text = 'Welcome to this experiment.\n\nPress any key to continue.'
10.4162 	EXP 	unnamed TextStim: text = 'Welcome to this experiment.\n\nPress any key to continue.'
10.4327 	EXP 	unnamed TextStim: text = 'Welcome to this experiment.\n\nPress any key to continue.'
10.4497 	EXP 	unnamed TextStim: text = 'Welcome to this experiment.\n\nPress any key to continue.'
10.4663 	EXP 	unnamed TextStim: text = 'Welcome to this experiment.\n\nPress any key to continue.'
10.4829 	EXP 	unnamed TextStim: text = 'Welcome to this experiment.\n\nPress any key to continue.'
10.4996 	EXP 	unnamed TextStim: text = 'Welcome to this experiment.\n\nPress any key to continue.'
10.5160 	EXP 	unnamed TextStim: text = 'Welcome to this experiment.\n\nPress any key to continue.'
10.5330 	EXP 	unnamed TextStim: text = 'Welcome to this experiment.\n\nPress any key to continue.'
10.5496 	EXP 	unnamed TextStim: text = 'Welcome to this experiment.\n\nPress any key to continue.'
10.5661 	EXP 	unnamed TextStim: text = 'Welcome to this experiment.\n\nPress any key to continue.'
10.5829 	EXP 	unnamed TextStim: text = 'Welcome to this experiment.\n\nPress any key to continue.'
10.5995 	EXP 	unnamed TextStim: text = 'Welcome to this experiment.\n\nPress any key to continue.'
10.6163 	EXP 	unnamed TextStim: text = 'Welcome to this experiment.\n\nPress any key to continue.'
10.6327 	EXP 	unnamed TextStim: text = 'Welcome to this experiment.\n\nPress any key to continue.'
10.6495 	EXP 	unnamed TextStim: text = 'Welcome to this experiment.\n\nPress any key to continue.'
10.6662 	EXP 	unnamed TextStim: text = 'Welcome to this experiment.\n\nPress any key to continue.'
10.6830 	EXP 	unnamed TextStim: text = 'Welcome to this experiment.\n\nPress any key to continue.'
10.6993 	EXP 	unnamed TextStim: text = 'Welcome to this experiment.\n\nPress any key to continue.'
10.7163 	EXP 	unnamed TextStim: text = 'Welcome to this experiment.\n\nPress any key to continue.'
10.7330 	EXP 	unnamed TextStim: text = 'Welcome to this experiment.\n\nPress any key to continue.'
10.7493 	EXP 	unnamed TextStim: text = 'Welcome to this experiment.\n\nPress any key to continue.'
10.7661 	EXP 	unnamed TextStim: text = 'Welcome to this experiment.\n\nPress any key to continue.'
10.7825 	EXP 	unnamed TextStim: text = 'Welcome to this experiment.\n\nPress any key to continue.'
10.7994 	EXP 	unnamed TextStim: text = 'Welcome to this experiment.\n\nPress any key to continue.'
10.8161 	EXP 	unnamed TextStim: text = 'Welcome to this experiment.\n\nPress any key to continue.'
10.8326 	EXP 	unnamed TextStim: text = 'Welcome to this experiment.\n\nPress any key to continue.'
10.8496 	EXP 	unnamed TextStim: text = 'Welcome to this experiment.\n\nPress any key to continue.'
10.8661 	EXP 	unnamed TextStim: text = 'Welcome to this experiment.\n\nPress any key to continue.'
10.8826 	EXP 	unnamed TextStim: text = 'Welcome to this experiment.\n\nPress any key to continue.'
10.8993 	EXP 	unnamed TextStim: text = 'Welcome to this experiment.\n\nPress any key to continue.'
10.9161 	EXP 	unnamed TextStim: text = 'Welcome to this experiment.\n\nPress any key to continue.'
10.9328 	EXP 	unnamed TextStim: text = 'Welcome to this experiment.\n\nPress any key to continue.'
10.9493 	EXP 	unnamed TextStim: text = 'Welcome to this experiment.\n\nPress any key to continue.'
10.9658 	EXP 	unnamed TextStim: text = 'Welcome to this experiment.\n\nPress any key to continue.'
10.9826 	EXP 	unnamed TextStim: text = 'Welcome to this experiment.\n\nPress any key to continue.'
10.9833 	DATA 	Keypress: space
11.0508 	EXP 	unnamed TextStim: text = 'You will get to see pictures. \n\nYour task is to name the pictures as quickly as possible.'
11.0652 	EXP 	unnamed TextStim: text = 'You will get to see pictures. \n\nYour task is to name the pictures as quickly as possible.'
11.0826 	EXP 	unnamed TextStim: text = 'You will get to see pictures. \n\nYour task is to name the pictures as quickly as possible.'
11.0990 	EXP 	unnamed TextStim: text = 'You will get to see pictures. \n\nYour task is to name the pictures as quickly as possible.'
11.1155 	EXP 	unnamed TextStim: text = 'You will get to see pictures. \n\nYour task is to name the pictures as quickly as possible.'
11.1327 	EXP 	unnamed TextStim: text = 'You will get to see pictures. \n\nYour task is to name the pictures as quickly as possible.'
11.1492 	EXP 	unnamed TextStim: text = 'You will get to see pictures. \n\nYour task is to name the pictures as quickly as possible.'
11.1659 	EXP 	unnamed TextStim: text = 'You will get to see pictures. \n\nYour task is to name the pictures as quickly as possible.'
11.1823 	EXP 	unnamed TextStim: text = 'You will get to see pictures. \n\nYour task is to name the pictures as quickly as possible.'
11.1993 	EXP 	unnamed TextStim: text = 'You will get to see pictures. \n\nYour task is to name the pictures as quickly as possible.'
11.2158 	EXP 	unnamed TextStim: text = 'You will get to see pictures. \n\nYour task is to name the pictures as quickly as possible.'
11.2325 	EXP 	unnamed TextStim: text = 'You will get to see pictures. \n\nYour task is to name the pictures as quickly as possible.'
11.2493 	EXP 	unnamed TextStim: text = 'You will get to see pictures. \n\nYour task is to name the pictures as quickly as possible.'
11.2659 	EXP 	unnamed TextStim: text = 'You will get to see pictures. \n\nYour task is to name the pictures as quickly as possible.'
11.2824 	EXP 	unnamed TextStim: text = 'You will get to see pictures. \n\nYour task is to name the pictures as quickly as possible.'
11.2993 	EXP 	unnamed TextStim: text = 'You will get to see pictures. \n\nYour task is to name the pictures as quickly as possible.'
11.3157 	EXP 	unnamed TextStim: text = 'You will get to see pictures. \n\nYour task is to name the pictures as quickly as possible.'
11.3324 	EXP 	unnamed TextStim: text = 'You will get to see pictures. \n\nYour task is to name the pictures as quickly as possible.'
11.3489 	EXP 	unnamed TextStim: text = 'You will get to see pictures. \n\nYour task is to name the pictures as quickly as possible.'
11.3659 	EXP 	unnamed TextStim: text = 'You will get to see pictures. \n\nYour task is to name the pictures as quickly as possible.'
11.3823 	EXP 	unnamed TextStim: text = 'You will get to see pictures. \n\nYour task is to name the pictures as quickly as possible.'
11.3990 	EXP 	unnamed TextStim: text = 'You will get to see pictures. \n\nYour task is to name the pictures as quickly as possible.'
11.4158 	EXP 	unnamed TextStim: text = 'You will get to see pictures. \n\nYour task is to name the pictures as quickly as possible.'
11.4322 	EXP 	unnamed TextStim: text = 'You will get to see pictures. \n\nYour task is to name the pictures as quickly as possible.'
11.4490 	EXP 	unnamed TextStim: text = 'You will get to see pictures. \n\nYour task is to name the pictures as quickly as possible.'
11.4656 	EXP 	unnamed TextStim: text = 'You will get to see pictures. \n\nYour task is to name the pictures as quickly as possible.'
11.4823 	EXP 	unnamed TextStim: text = 'You will get to see pictures. \n\nYour task is to name the pictures as quickly as possible.'
11.4991 	EXP 	unnamed TextStim: text = 'You will get to see pictures. \n\nYour task is to name the pictures as quickly as possible.'
11.5159 	EXP 	unnamed TextStim: text = 'You will get to see pictures. \n\nYour task is to name the pictures as quickly as possible.'
11.5321 	EXP 	unnamed TextStim: text = 'You will get to see pictures. \n\nYour task is to name the pictures as quickly as possible.'
11.5490 	EXP 	unnamed TextStim: text = 'You will get to see pictures. \n\nYour task is to name the pictures as quickly as possible.'
11.5659 	EXP 	unnamed TextStim: text = 'You will get to see pictures. \n\nYour task is to name the pictures as quickly as possible.'
11.5823 	EXP 	unnamed TextStim: text = 'You will get to see pictures. \n\nYour task is to name the pictures as quickly as possible.'
11.5991 	EXP 	unnamed TextStim: text = 'You will get to see pictures. \n\nYour task is to name the pictures as quickly as possible.'
11.6154 	EXP 	unnamed TextStim: text = 'You will get to see pictures. \n\nYour task is to name the pictures as quickly as possible.'
11.6323 	EXP 	unnamed TextStim: text = 'You will get to see pictures. \n\nYour task is to name the pictures as quickly as possible.'
11.6490 	EXP 	unnamed TextStim: text = 'You will get to see pictures. \n\nYour task is to name the pictures as quickly as possible.'
11.6655 	EXP 	unnamed TextStim: text = 'You will get to see pictures. \n\nYour task is to name the pictures as quickly as possible.'
11.6824 	EXP 	unnamed TextStim: text = 'You will get to see pictures. \n\nYour task is to name the pictures as quickly as possible.'
11.6989 	EXP 	unnamed TextStim: text = 'You will get to see pictures. \n\nYour task is to name the pictures as quickly as possible.'
11.7156 	EXP 	unnamed TextStim: text = 'You will get to see pictures. \n\nYour task is to name the pictures as quickly as possible.'
11.7322 	EXP 	unnamed TextStim: text = 'You will get to see pictures. \n\nYour task is to name the pictures as quickly as possible.'
11.7488 	EXP 	unnamed TextStim: text = 'You will get to see pictures. \n\nYour task is to name the pictures as quickly as possible.'
11.7656 	EXP 	unnamed TextStim: text = 'You will get to see pictures. \n\nYour task is to name the pictures as quickly as possible.'
11.7824 	EXP 	unnamed TextStim: text = 'You will get to see pictures. \n\nYour task is to name the pictures as quickly as possible.'
11.7986 	EXP 	unnamed TextStim: text = 'You will get to see pictures. \n\nYour task is to name the pictures as quickly as possible.'
11.8154 	EXP 	unnamed TextStim: text = 'You will get to see pictures. \n\nYour task is to name the pictures as quickly as possible.'
11.8326 	EXP 	unnamed TextStim: text = 'You will get to see pictures. \n\nYour task is to name the pictures as quickly as possible.'
11.8488 	EXP 	unnamed TextStim: text = 'You will get to see pictures. \n\nYour task is to name the pictures as quickly as possible.'
11.8653 	EXP 	unnamed TextStim: text = 'You will get to see pictures. \n\nYour task is to name the pictures as quickly as possible.'
11.8820 	EXP 	unnamed TextStim: text = 'You will get to see pictures. \n\nYour task is to name the pictures as quickly as possible.'
11.8990 	EXP 	unnamed TextStim: text = 'You will get to see pictures. \n\nYour task is to name the pictures as quickly as possible.'
11.9155 	EXP 	unnamed TextStim: text = 'You will get to see pictures. \n\nYour task is to name the pictures as quickly as possible.'
11.9322 	EXP 	unnamed TextStim: text = 'You will get to see pictures. \n\nYour task is to name the pictures as quickly as possible.'
11.9488 	EXP 	unnamed TextStim: text = 'You will get to see pictures. \n\nYour task is to name the pictures as quickly as possible.'
11.9655 	EXP 	unnamed TextStim: text = 'You will get to see pictures. \n\nYour task is to name the pictures as quickly as possible.'
11.9819 	EXP 	unnamed TextStim: text = 'You will get to see pictures. \n\nYour task is to name the pictures as quickly as possible.'
11.9988 	EXP 	unnamed TextStim: text = 'You will get to see pictures. \n\nYour task is to name the pictures as quickly as possible.'
12.0152 	EXP 	unnamed TextStim: text = 'You will get to see pictures. \n\nYour task is to name the pictures as quickly as possible.'
12.0322 	EXP 	unnamed TextStim: text = 'You will get to see pictures. \n\nYour task is to name the pictures as quickly as possible.'
12.0487 	EXP 	unnamed TextStim: text = 'You will get to see pictures. \n\nYour task is to name the pictures as quickly as possible.'
12.0652 	EXP 	unnamed TextStim: text = 'You will get to see pictures. \n\nYour task is to name the pictures as quickly as possible.'
12.0821 	EXP 	unnamed TextStim: text = 'You will get to see pictures. \n\nYour task is to name the pictures as quickly as possible.'
12.0993 	EXP 	unnamed TextStim: text = 'You will get to see pictures. \n\nYour task is to name the pictures as quickly as possible.'
12.1168 	EXP 	unnamed TextStim: text = 'You will get to see pictures. \n\nYour task is to name the pictures as quickly as possible.'
12.1322 	EXP 	unnamed TextStim: text = 'You will get to see pictures. \n\nYour task is to name the pictures as quickly as possible.'
12.1488 	EXP 	unnamed TextStim: text = 'You will get to see pictures. \n\nYour task is to name the pictures as quickly as possible.'
12.1658 	EXP 	unnamed TextStim: text = 'You will get to see pictures. \n\nYour task is to name the pictures as quickly as possible.'
12.1820 	EXP 	unnamed TextStim: text = 'You will get to see pictures. \n\nYour task is to name the pictures as quickly as possible.'
12.1987 	EXP 	unnamed TextStim: text = 'You will get to see pictures. \n\nYour task is to name the pictures as quickly as possible.'
12.2153 	EXP 	unnamed TextStim: text = 'You will get to see pictures. \n\nYour task is to name the pictures as quickly as possible.'
12.2320 	EXP 	unnamed TextStim: text = 'You will get to see pictures. \n\nYour task is to name the pictures as quickly as possible.'
12.2489 	EXP 	unnamed TextStim: text = 'You will get to see pictures. \n\nYour task is to name the pictures as quickly as possible.'
12.2653 	EXP 	unnamed TextStim: text = 'You will get to see pictures. \n\nYour task is to name the pictures as quickly as possible.'
12.2819 	EXP 	unnamed TextStim: text = 'You will get to see pictures. \n\nYour task is to name the pictures as quickly as possible.'
12.2988 	EXP 	unnamed TextStim: text = 'You will get to see pictures. \n\nYour task is to name the pictures as quickly as possible.'
12.3153 	EXP 	unnamed TextStim: text = 'You will get to see pictures. \n\nYour task is to name the pictures as quickly as possible.'
12.3319 	EXP 	unnamed TextStim: text = 'You will get to see pictures. \n\nYour task is to name the pictures as quickly as possible.'
12.3487 	EXP 	unnamed TextStim: text = 'You will get to see pictures. \n\nYour task is to name the pictures as quickly as possible.'
12.3651 	EXP 	unnamed TextStim: text = 'You will get to see pictures. \n\nYour task is to name the pictures as quickly as possible.'
12.3821 	EXP 	unnamed TextStim: text = 'You will get to see pictures. \n\nYour task is to name the pictures as quickly as possible.'
12.3985 	EXP 	unnamed TextStim: text = 'You will get to see pictures. \n\nYour task is to name the pictures as quickly as possible.'
12.4152 	EXP 	unnamed TextStim: text = 'You will get to see pictures. \n\nYour task is to name the pictures as quickly as possible.'
12.4320 	EXP 	unnamed TextStim: text = 'You will get to see pictures. \n\nYour task is to name the pictures as quickly as possible.'
12.4486 	EXP 	unnamed TextStim: text = 'You will get to see pictures. \n\nYour task is to name the pictures as quickly as possible.'
12.4652 	EXP 	unnamed TextStim: text = 'You will get to see pictures. \n\nYour task is to name the pictures as quickly as possible.'
12.4819 	EXP 	unnamed TextStim: text = 'You will get to see pictures. \n\nYour task is to name the pictures as quickly as possible.'
12.4984 	EXP 	unnamed TextStim: text = 'You will get to see pictures. \n\nYour task is to name the pictures as quickly as possible.'
12.5151 	EXP 	unnamed TextStim: text = 'You will get to see pictures. \n\nYour task is to name the pictures as quickly as possible.'
12.5318 	EXP 	unnamed TextStim: text = 'You will get to see pictures. \n\nYour task is to name the pictures as quickly as possible.'
12.5485 	EXP 	unnamed TextStim: text = 'You will get to see pictures. \n\nYour task is to name the pictures as quickly as possible.'
12.5652 	EXP 	unnamed TextStim: text = 'You will get to see pictures. \n\nYour task is to name the pictures as quickly as possible.'
12.5817 	EXP 	unnamed TextStim: text = 'You will get to see pictures. \n\nYour task is to name the pictures as quickly as possible.'
12.5987 	EXP 	unnamed TextStim: text = 'You will get to see pictures. \n\nYour task is to name the pictures as quickly as possible.'
12.6150 	EXP 	unnamed TextStim: text = 'You will get to see pictures. \n\nYour task is to name the pictures as quickly as possible.'
12.6316 	EXP 	unnamed TextStim: text = 'You will get to see pictures. \n\nYour task is to name the pictures as quickly as possible.'
12.6485 	EXP 	unnamed TextStim: text = 'You will get to see pictures. \n\nYour task is to name the pictures as quickly as possible.'
12.6653 	EXP 	unnamed TextStim: text = 'You will get to see pictures. \n\nYour task is to name the pictures as quickly as possible.'
12.6819 	EXP 	unnamed TextStim: text = 'You will get to see pictures. \n\nYour task is to name the pictures as quickly as possible.'
12.6985 	EXP 	unnamed TextStim: text = 'You will get to see pictures. \n\nYour task is to name the pictures as quickly as possible.'
12.7151 	EXP 	unnamed TextStim: text = 'You will get to see pictures. \n\nYour task is to name the pictures as quickly as possible.'
12.7318 	EXP 	unnamed TextStim: text = 'You will get to see pictures. \n\nYour task is to name the pictures as quickly as possible.'
12.7486 	EXP 	unnamed TextStim: text = 'You will get to see pictures. \n\nYour task is to name the pictures as quickly as possible.'
12.7654 	EXP 	unnamed TextStim: text = 'You will get to see pictures. \n\nYour task is to name the pictures as quickly as possible.'
12.7816 	EXP 	unnamed TextStim: text = 'You will get to see pictures. \n\nYour task is to name the pictures as quickly as possible.'
12.7983 	EXP 	unnamed TextStim: text = 'You will get to see pictures. \n\nYour task is to name the pictures as quickly as possible.'
12.8151 	EXP 	unnamed TextStim: text = 'You will get to see pictures. \n\nYour task is to name the pictures as quickly as possible.'
12.8317 	EXP 	unnamed TextStim: text = 'You will get to see pictures. \n\nYour task is to name the pictures as quickly as possible.'
12.8482 	EXP 	unnamed TextStim: text = 'You will get to see pictures. \n\nYour task is to name the pictures as quickly as possible.'
12.8650 	EXP 	unnamed TextStim: text = 'You will get to see pictures. \n\nYour task is to name the pictures as quickly as possible.'
12.8819 	EXP 	unnamed TextStim: text = 'You will get to see pictures. \n\nYour task is to name the pictures as quickly as possible.'
12.8982 	EXP 	unnamed TextStim: text = 'You will get to see pictures. \n\nYour task is to name the pictures as quickly as possible.'
12.9150 	EXP 	unnamed TextStim: text = 'You will get to see pictures. \n\nYour task is to name the pictures as quickly as possible.'
12.9315 	EXP 	unnamed TextStim: text = 'You will get to see pictures. \n\nYour task is to name the pictures as quickly as possible.'
12.9484 	EXP 	unnamed TextStim: text = 'You will get to see pictures. \n\nYour task is to name the pictures as quickly as possible.'
12.9649 	EXP 	unnamed TextStim: text = 'You will get to see pictures. \n\nYour task is to name the pictures as quickly as possible.'
12.9819 	EXP 	unnamed TextStim: text = 'You will get to see pictures. \n\nYour task is to name the pictures as quickly as possible.'
12.9982 	EXP 	unnamed TextStim: text = 'You will get to see pictures. \n\nYour task is to name the pictures as quickly as possible.'
13.0150 	EXP 	unnamed TextStim: text = 'You will get to see pictures. \n\nYour task is to name the pictures as quickly as possible.'
13.0314 	EXP 	unnamed TextStim: text = 'You will get to see pictures. \n\nYour task is to name the pictures as quickly as possible.'
13.0483 	EXP 	unnamed TextStim: text = 'You will get to see pictures. \n\nYour task is to name the pictures as quickly as possible.'
13.0648 	EXP 	unnamed TextStim: text = 'You will get to see pictures. \n\nYour task is to name the pictures as quickly as possible.'
13.0816 	EXP 	unnamed TextStim: text = 'You will get to see pictures. \n\nYour task is to name the pictures as quickly as possible.'
13.0981 	EXP 	unnamed TextStim: text = 'You will get to see pictures. \n\nYour task is to name the pictures as quickly as possible.'
13.1148 	EXP 	unnamed TextStim: text = 'You will get to see pictures. \n\nYour task is to name the pictures as quickly as possible.'
13.1315 	EXP 	unnamed TextStim: text = 'You will get to see pictures. \n\nYour task is to name the pictures as quickly as possible.'
13.1482 	EXP 	unnamed TextStim: text = 'You will get to see pictures. \n\nYour task is to name the pictures as quickly as possible.'
13.1648 	EXP 	unnamed TextStim: text = 'You will get to see pictures. \n\nYour task is to name the pictures as quickly as possible.'
13.1815 	EXP 	unnamed TextStim: text = 'You will get to see pictures. \n\nYour task is to name the pictures as quickly as possible.'
13.1981 	EXP 	unnamed TextStim: text = 'You will get to see pictures. \n\nYour task is to name the pictures as quickly as possible.'
13.2149 	EXP 	unnamed TextStim: text = 'You will get to see pictures. \n\nYour task is to name the pictures as quickly as possible.'
13.2317 	EXP 	unnamed TextStim: text = 'You will get to see pictures. \n\nYour task is to name the pictures as quickly as possible.'
13.2482 	EXP 	unnamed TextStim: text = 'You will get to see pictures. \n\nYour task is to name the pictures as quickly as possible.'
13.2649 	EXP 	unnamed TextStim: text = 'You will get to see pictures. \n\nYour task is to name the pictures as quickly as possible.'
13.2815 	EXP 	unnamed TextStim: text = 'You will get to see pictures. \n\nYour task is to name the pictures as quickly as possible.'
13.2982 	EXP 	unnamed TextStim: text = 'You will get to see pictures. \n\nYour task is to name the pictures as quickly as possible.'
13.3148 	EXP 	unnamed TextStim: text = 'You will get to see pictures. \n\nYour task is to name the pictures as quickly as possible.'
13.3314 	EXP 	unnamed TextStim: text = 'You will get to see pictures. \n\nYour task is to name the pictures as quickly as possible.'
13.3484 	EXP 	unnamed TextStim: text = 'You will get to see pictures. \n\nYour task is to name the pictures as quickly as possible.'
13.3647 	EXP 	unnamed TextStim: text = 'You will get to see pictures. \n\nYour task is to name the pictures as quickly as possible.'
13.3816 	EXP 	unnamed TextStim: text = 'You will get to see pictures. \n\nYour task is to name the pictures as quickly as possible.'
13.3982 	EXP 	unnamed TextStim: text = 'You will get to see pictures. \n\nYour task is to name the pictures as quickly as possible.'
13.4145 	EXP 	unnamed TextStim: text = 'You will get to see pictures. \n\nYour task is to name the pictures as quickly as possible.'
13.4315 	EXP 	unnamed TextStim: text = 'You will get to see pictures. \n\nYour task is to name the pictures as quickly as possible.'
13.4481 	EXP 	unnamed TextStim: text = 'You will get to see pictures. \n\nYour task is to name the pictures as quickly as possible.'
13.4646 	EXP 	unnamed TextStim: text = 'You will get to see pictures. \n\nYour task is to name the pictures as quickly as possible.'
13.4816 	EXP 	unnamed TextStim: text = 'You will get to see pictures. \n\nYour task is to name the pictures as quickly as possible.'
13.4979 	EXP 	unnamed TextStim: text = 'You will get to see pictures. \n\nYour task is to name the pictures as quickly as possible.'
13.5144 	EXP 	unnamed TextStim: text = 'You will get to see pictures. \n\nYour task is to name the pictures as quickly as possible.'
13.5313 	EXP 	unnamed TextStim: text = 'You will get to see pictures. \n\nYour task is to name the pictures as quickly as possible.'
13.5477 	EXP 	unnamed TextStim: text = 'You will get to see pictures. \n\nYour task is to name the pictures as quickly as possible.'
13.5645 	EXP 	unnamed TextStim: text = 'You will get to see pictures. \n\nYour task is to name the pictures as quickly as possible.'
13.5817 	EXP 	unnamed TextStim: text = 'You will get to see pictures. \n\nYour task is to name the pictures as quickly as possible.'
13.5976 	EXP 	unnamed TextStim: text = 'You will get to see pictures. \n\nYour task is to name the pictures as quickly as possible.'
13.6144 	EXP 	unnamed TextStim: text = 'You will get to see pictures. \n\nYour task is to name the pictures as quickly as possible.'
13.6315 	EXP 	unnamed TextStim: text = 'You will get to see pictures. \n\nYour task is to name the pictures as quickly as possible.'
13.6478 	EXP 	unnamed TextStim: text = 'You will get to see pictures. \n\nYour task is to name the pictures as quickly as possible.'
13.6646 	EXP 	unnamed TextStim: text = 'You will get to see pictures. \n\nYour task is to name the pictures as quickly as possible.'
13.6813 	EXP 	unnamed TextStim: text = 'You will get to see pictures. \n\nYour task is to name the pictures as quickly as possible.'
13.6979 	EXP 	unnamed TextStim: text = 'You will get to see pictures. \n\nYour task is to name the pictures as quickly as possible.'
13.7146 	EXP 	unnamed TextStim: text = 'You will get to see pictures. \n\nYour task is to name the pictures as quickly as possible.'
13.7319 	EXP 	unnamed TextStim: text = 'You will get to see pictures. \n\nYour task is to name the pictures as quickly as possible.'
13.7473 	EXP 	unnamed TextStim: text = 'You will get to see pictures. \n\nYour task is to name the pictures as quickly as possible.'
13.7639 	EXP 	unnamed TextStim: text = 'You will get to see pictures. \n\nYour task is to name the pictures as quickly as possible.'
13.7814 	EXP 	unnamed TextStim: text = 'You will get to see pictures. \n\nYour task is to name the pictures as quickly as possible.'
13.7981 	EXP 	unnamed TextStim: text = 'You will get to see pictures. \n\nYour task is to name the pictures as quickly as possible.'
13.8144 	EXP 	unnamed TextStim: text = 'You will get to see pictures. \n\nYour task is to name the pictures as quickly as possible.'
13.8311 	EXP 	unnamed TextStim: text = 'You will get to see pictures. \n\nYour task is to name the pictures as quickly as possible.'
13.8480 	EXP 	unnamed TextStim: text = 'You will get to see pictures. \n\nYour task is to name the pictures as quickly as possible.'
13.8643 	EXP 	unnamed TextStim: text = 'You will get to see pictures. \n\nYour task is to name the pictures as quickly as possible.'
13.8811 	EXP 	unnamed TextStim: text = 'You will get to see pictures. \n\nYour task is to name the pictures as quickly as possible.'
13.8983 	EXP 	unnamed TextStim: text = 'You will get to see pictures. \n\nYour task is to name the pictures as quickly as possible.'
13.9144 	EXP 	unnamed TextStim: text = 'You will get to see pictures. \n\nYour task is to name the pictures as quickly as possible.'
13.9311 	EXP 	unnamed TextStim: text = 'You will get to see pictures. \n\nYour task is to name the pictures as quickly as possible.'
13.9478 	EXP 	unnamed TextStim: text = 'You will get to see pictures. \n\nYour task is to name the pictures as quickly as possible.'
13.9645 	EXP 	unnamed TextStim: text = 'You will get to see pictures. \n\nYour task is to name the pictures as quickly as possible.'
13.9812 	EXP 	unnamed TextStim: text = 'You will get to see pictures. \n\nYour task is to name the pictures as quickly as possible.'
13.9982 	EXP 	unnamed TextStim: text = 'You will get to see pictures. \n\nYour task is to name the pictures as quickly as possible.'
14.0142 	EXP 	unnamed TextStim: text = 'You will get to see pictures. \n\nYour task is to name the pictures as quickly as possible.'
14.0313 	EXP 	unnamed TextStim: text = 'You will get to see pictures. \n\nYour task is to name the pictures as quickly as possible.'
14.0477 	EXP 	unnamed TextStim: text = 'You will get to see pictures. \n\nYour task is to name the pictures as quickly as possible.'
14.0644 	EXP 	unnamed TextStim: text = 'You will get to see pictures. \n\nYour task is to name the pictures as quickly as possible.'
14.0810 	EXP 	unnamed TextStim: text = 'You will get to see pictures. \n\nYour task is to name the pictures as quickly as possible.'
14.0978 	EXP 	unnamed TextStim: text = 'You will get to see pictures. \n\nYour task is to name the pictures as quickly as possible.'
14.1142 	EXP 	unnamed TextStim: text = 'You will get to see pictures. \n\nYour task is to name the pictures as quickly as possible.'
14.1308 	EXP 	unnamed TextStim: text = 'You will get to see pictures. \n\nYour task is to name the pictures as quickly as possible.'
14.1477 	EXP 	unnamed TextStim: text = 'You will get to see pictures. \n\nYour task is to name the pictures as quickly as possible.'
14.1642 	EXP 	unnamed TextStim: text = 'You will get to see pictures. \n\nYour task is to name the pictures as quickly as possible.'
14.1811 	EXP 	unnamed TextStim: text = 'You will get to see pictures. \n\nYour task is to name the pictures as quickly as possible.'
14.1975 	EXP 	unnamed TextStim: text = 'You will get to see pictures. \n\nYour task is to name the pictures as quickly as possible.'
14.2142 	EXP 	unnamed TextStim: text = 'You will get to see pictures. \n\nYour task is to name the pictures as quickly as possible.'
14.2314 	EXP 	unnamed TextStim: text = 'You will get to see pictures. \n\nYour task is to name the pictures as quickly as possible.'
14.2488 	EXP 	unnamed TextStim: text = 'You will get to see pictures. \n\nYour task is to name the pictures as quickly as possible.'
14.2670 	EXP 	unnamed TextStim: text = 'You will get to see pictures. \n\nYour task is to name the pictures as quickly as possible.'
14.2828 	EXP 	unnamed TextStim: text = 'You will get to see pictures. \n\nYour task is to name the pictures as quickly as possible.'
14.2976 	EXP 	unnamed TextStim: text = 'You will get to see pictures. \n\nYour task is to name the pictures as quickly as possible.'
14.3143 	EXP 	unnamed TextStim: text = 'You will get to see pictures. \n\nYour task is to name the pictures as quickly as possible.'
14.3307 	EXP 	unnamed TextStim: text = 'You will get to see pictures. \n\nYour task is to name the pictures as quickly as possible.'
14.3472 	EXP 	unnamed TextStim: text = 'You will get to see pictures. \n\nYour task is to name the pictures as quickly as possible.'
14.3642 	EXP 	unnamed TextStim: text = 'You will get to see pictures. \n\nYour task is to name the pictures as quickly as possible.'
14.3809 	EXP 	unnamed TextStim: text = 'You will get to see pictures. \n\nYour task is to name the pictures as quickly as possible.'
14.3974 	EXP 	unnamed TextStim: text = 'You will get to see pictures. \n\nYour task is to name the pictures as quickly as possible.'
14.4141 	EXP 	unnamed TextStim: text = 'You will get to see pictures. \n\nYour task is to name the pictures as quickly as possible.'
14.4308 	EXP 	unnamed TextStim: text = 'You will get to see pictures. \n\nYour task is to name the pictures as quickly as possible.'
14.4477 	EXP 	unnamed TextStim: text = 'You will get to see pictures. \n\nYour task is to name the pictures as quickly as possible.'
14.4639 	EXP 	unnamed TextStim: text = 'You will get to see pictures. \n\nYour task is to name the pictures as quickly as possible.'
14.4811 	EXP 	unnamed TextStim: text = 'You will get to see pictures. \n\nYour task is to name the pictures as quickly as possible.'
14.4972 	EXP 	unnamed TextStim: text = 'You will get to see pictures. \n\nYour task is to name the pictures as quickly as possible.'
14.5142 	EXP 	unnamed TextStim: text = 'You will get to see pictures. \n\nYour task is to name the pictures as quickly as possible.'
14.5308 	EXP 	unnamed TextStim: text = 'You will get to see pictures. \n\nYour task is to name the pictures as quickly as possible.'
14.5476 	EXP 	unnamed TextStim: text = 'You will get to see pictures. \n\nYour task is to name the pictures as quickly as possible.'
14.5642 	EXP 	unnamed TextStim: text = 'You will get to see pictures. \n\nYour task is to name the pictures as quickly as possible.'
14.5811 	EXP 	unnamed TextStim: text = 'You will get to see pictures. \n\nYour task is to name the pictures as quickly as possible.'
14.5971 	EXP 	unnamed TextStim: text = 'You will get to see pictures. \n\nYour task is to name the pictures as quickly as possible.'
14.6138 	EXP 	unnamed TextStim: text = 'You will get to see pictures. \n\nYour task is to name the pictures as quickly as possible.'
14.6307 	EXP 	unnamed TextStim: text = 'You will get to see pictures. \n\nYour task is to name the pictures as quickly as possible.'
14.6478 	EXP 	unnamed TextStim: text = 'You will get to see pictures. \n\nYour task is to name the pictures as quickly as possible.'
14.6639 	EXP 	unnamed TextStim: text = 'You will get to see pictures. \n\nYour task is to name the pictures as quickly as possible.'
14.6808 	EXP 	unnamed TextStim: text = 'You will get to see pictures. \n\nYour task is to name the pictures as quickly as possible.'
14.6972 	EXP 	unnamed TextStim: text = 'You will get to see pictures. \n\nYour task is to name the pictures as quickly as possible.'
14.7141 	EXP 	unnamed TextStim: text = 'You will get to see pictures. \n\nYour task is to name the pictures as quickly as possible.'
14.7305 	EXP 	unnamed TextStim: text = 'You will get to see pictures. \n\nYour task is to name the pictures as quickly as possible.'
14.7471 	EXP 	unnamed TextStim: text = 'You will get to see pictures. \n\nYour task is to name the pictures as quickly as possible.'
14.7639 	EXP 	unnamed TextStim: text = 'You will get to see pictures. \n\nYour task is to name the pictures as quickly as possible.'
14.7806 	EXP 	unnamed TextStim: text = 'You will get to see pictures. \n\nYour task is to name the pictures as quickly as possible.'
14.7975 	EXP 	unnamed TextStim: text = 'You will get to see pictures. \n\nYour task is to name the pictures as quickly as possible.'
14.8141 	EXP 	unnamed TextStim: text = 'You will get to see pictures. \n\nYour task is to name the pictures as quickly as possible.'
14.8307 	EXP 	unnamed TextStim: text = 'You will get to see pictures. \n\nYour task is to name the pictures as quickly as possible.'
14.8473 	EXP 	unnamed TextStim: text = 'You will get to see pictures. \n\nYour task is to name the pictures as quickly as possible.'
14.8640 	EXP 	unnamed TextStim: text = 'You will get to see pictures. \n\nYour task is to name the pictures as quickly as possible.'
14.8805 	EXP 	unnamed TextStim: text = 'You will get to see pictures. \n\nYour task is to name the pictures as quickly as possible.'
14.8978 	EXP 	unnamed TextStim: text = 'You will get to see pictures. \n\nYour task is to name the pictures as quickly as possible.'
14.9144 	EXP 	unnamed TextStim: text = 'You will get to see pictures. \n\nYour task is to name the pictures as quickly as possible.'
14.9317 	EXP 	unnamed TextStim: text = 'You will get to see pictures. \n\nYour task is to name the pictures as quickly as possible.'
14.9479 	EXP 	unnamed TextStim: text = 'You will get to see pictures. \n\nYour task is to name the pictures as quickly as possible.'
14.9642 	EXP 	unnamed TextStim: text = 'You will get to see pictures. \n\nYour task is to name the pictures as quickly as possible.'
14.9812 	EXP 	unnamed TextStim: text = 'You will get to see pictures. \n\nYour task is to name the pictures as quickly as possible.'
14.9970 	EXP 	unnamed TextStim: text = 'You will get to see pictures. \n\nYour task is to name the pictures as quickly as possible.'
15.0142 	EXP 	unnamed TextStim: text = 'You will get to see pictures. \n\nYour task is to name the pictures as quickly as possible.'
15.0300 	EXP 	unnamed TextStim: text = 'You will get to see pictures. \n\nYour task is to name the pictures as quickly as possible.'
15.0463 	EXP 	unnamed TextStim: text = 'You will get to see pictures. \n\nYour task is to name the pictures as quickly as possible.'
15.0626 	EXP 	unnamed TextStim: text = 'You will get to see pictures. \n\nYour task is to name the pictures as quickly as possible.'
15.0802 	EXP 	unnamed TextStim: text = 'You will get to see pictures. \n\nYour task is to name the pictures as quickly as possible.'
15.0960 	EXP 	unnamed TextStim: text = 'You will get to see pictures. \n\nYour task is to name the pictures as quickly as possible.'
15.1129 	EXP 	unnamed TextStim: text = 'You will get to see pictures. \n\nYour task is to name the pictures as quickly as possible.'
15.1295 	EXP 	unnamed TextStim: text = 'You will get to see pictures. \n\nYour task is to name the pictures as quickly as possible.'
15.1465 	EXP 	unnamed TextStim: text = 'You will get to see pictures. \n\nYour task is to name the pictures as quickly as possible.'
15.1631 	EXP 	unnamed TextStim: text = 'You will get to see pictures. \n\nYour task is to name the pictures as quickly as possible.'
15.1793 	EXP 	unnamed TextStim: text = 'You will get to see pictures. \n\nYour task is to name the pictures as quickly as possible.'
15.1959 	EXP 	unnamed TextStim: text = 'You will get to see pictures. \n\nYour task is to name the pictures as quickly as possible.'
15.2126 	EXP 	unnamed TextStim: text = 'You will get to see pictures. \n\nYour task is to name the pictures as quickly as possible.'
15.2299 	EXP 	unnamed TextStim: text = 'You will get to see pictures. \n\nYour task is to name the pictures as quickly as possible.'
15.2460 	EXP 	unnamed TextStim: text = 'You will get to see pictures. \n\nYour task is to name the pictures as quickly as possible.'
15.2627 	EXP 	unnamed TextStim: text = 'You will get to see pictures. \n\nYour task is to name the pictures as quickly as possible.'
15.2794 	EXP 	unnamed TextStim: text = 'You will get to see pictures. \n\nYour task is to name the pictures as quickly as possible.'
15.2965 	EXP 	unnamed TextStim: text = 'You will get to see pictures. \n\nYour task is to name the pictures as quickly as possible.'
15.3127 	EXP 	unnamed TextStim: text = 'You will get to see pictures. \n\nYour task is to name the pictures as quickly as possible.'
15.3294 	EXP 	unnamed TextStim: text = 'You will get to see pictures. \n\nYour task is to name the pictures as quickly as possible.'
15.3462 	EXP 	unnamed TextStim: text = 'You will get to see pictures. \n\nYour task is to name the pictures as quickly as possible.'
15.3630 	EXP 	unnamed TextStim: text = 'You will get to see pictures. \n\nYour task is to name the pictures as quickly as possible.'
15.3796 	EXP 	unnamed TextStim: text = 'You will get to see pictures. \n\nYour task is to name the pictures as quickly as possible.'
15.3958 	EXP 	unnamed TextStim: text = 'You will get to see pictures. \n\nYour task is to name the pictures as quickly as possible.'
15.4124 	EXP 	unnamed TextStim: text = 'You will get to see pictures. \n\nYour task is to name the pictures as quickly as possible.'
15.4293 	EXP 	unnamed TextStim: text = 'You will get to see pictures. \n\nYour task is to name the pictures as quickly as possible.'
15.4458 	EXP 	unnamed TextStim: text = 'You will get to see pictures. \n\nYour task is to name the pictures as quickly as possible.'
15.4625 	EXP 	unnamed TextStim: text = 'You will get to see pictures. \n\nYour task is to name the pictures as quickly as possible.'
15.4796 	EXP 	unnamed TextStim: text = 'You will get to see pictures. \n\nYour task is to name the pictures as quickly as possible.'
15.4960 	EXP 	unnamed TextStim: text = 'You will get to see pictures. \n\nYour task is to name the pictures as quickly as possible.'
15.5122 	EXP 	unnamed TextStim: text = 'You will get to see pictures. \n\nYour task is to name the pictures as quickly as possible.'
15.5284 	EXP 	unnamed TextStim: text = 'You will get to see pictures. \n\nYour task is to name the pictures as quickly as possible.'
15.5453 	EXP 	unnamed TextStim: text = 'You will get to see pictures. \n\nYour task is to name the pictures as quickly as possible.'
15.5620 	EXP 	unnamed TextStim: text = 'You will get to see pictures. \n\nYour task is to name the pictures as quickly as possible.'
15.5783 	EXP 	unnamed TextStim: text = 'You will get to see pictures. \n\nYour task is to name the pictures as quickly as possible.'
15.5958 	EXP 	unnamed TextStim: text = 'You will get to see pictures. \n\nYour task is to name the pictures as quickly as possible.'
15.6121 	EXP 	unnamed TextStim: text = 'You will get to see pictures. \n\nYour task is to name the pictures as quickly as possible.'
15.6285 	EXP 	unnamed TextStim: text = 'You will get to see pictures. \n\nYour task is to name the pictures as quickly as possible.'
15.6452 	EXP 	unnamed TextStim: text = 'You will get to see pictures. \n\nYour task is to name the pictures as quickly as possible.'
15.6622 	EXP 	unnamed TextStim: text = 'You will get to see pictures. \n\nYour task is to name the pictures as quickly as possible.'
15.6787 	EXP 	unnamed TextStim: text = 'You will get to see pictures. \n\nYour task is to name the pictures as quickly as possible.'
15.6955 	EXP 	unnamed TextStim: text = 'You will get to see pictures. \n\nYour task is to name the pictures as quickly as possible.'
15.7115 	EXP 	unnamed TextStim: text = 'You will get to see pictures. \n\nYour task is to name the pictures as quickly as possible.'
15.7287 	EXP 	unnamed TextStim: text = 'You will get to see pictures. \n\nYour task is to name the pictures as quickly as possible.'
15.7455 	EXP 	unnamed TextStim: text = 'You will get to see pictures. \n\nYour task is to name the pictures as quickly as possible.'
15.7618 	EXP 	unnamed TextStim: text = 'You will get to see pictures. \n\nYour task is to name the pictures as quickly as possible.'
15.7786 	EXP 	unnamed TextStim: text = 'You will get to see pictures. \n\nYour task is to name the pictures as quickly as possible.'
15.7954 	EXP 	unnamed TextStim: text = 'You will get to see pictures. \n\nYour task is to name the pictures as quickly as possible.'
15.8120 	EXP 	unnamed TextStim: text = 'You will get to see pictures. \n\nYour task is to name the pictures as quickly as possible.'
15.8284 	EXP 	unnamed TextStim: text = 'You will get to see pictures. \n\nYour task is to name the pictures as quickly as possible.'
15.8452 	EXP 	unnamed TextStim: text = 'You will get to see pictures. \n\nYour task is to name the pictures as quickly as possible.'
15.8622 	EXP 	unnamed TextStim: text = 'You will get to see pictures. \n\nYour task is to name the pictures as quickly as possible.'
15.8787 	EXP 	unnamed TextStim: text = 'You will get to see pictures. \n\nYour task is to name the pictures as quickly as possible.'
15.8952 	EXP 	unnamed TextStim: text = 'You will get to see pictures. \n\nYour task is to name the pictures as quickly as possible.'
15.9122 	EXP 	unnamed TextStim: text = 'You will get to see pictures. \n\nYour task is to name the pictures as quickly as possible.'
15.9286 	EXP 	unnamed TextStim: text = 'You will get to see pictures. \n\nYour task is to name the pictures as quickly as possible.'
15.9453 	EXP 	unnamed TextStim: text = 'You will get to see pictures. \n\nYour task is to name the pictures as quickly as possible.'
15.9618 	EXP 	unnamed TextStim: text = 'You will get to see pictures. \n\nYour task is to name the pictures as quickly as possible.'
15.9785 	EXP 	unnamed TextStim: text = 'You will get to see pictures. \n\nYour task is to name the pictures as quickly as possible.'
15.9952 	EXP 	unnamed TextStim: text = 'You will get to see pictures. \n\nYour task is to name the pictures as quickly as possible.'
16.0116 	EXP 	unnamed TextStim: text = 'You will get to see pictures. \n\nYour task is to name the pictures as quickly as possible.'
16.0288 	EXP 	unnamed TextStim: text = 'You will get to see pictures. \n\nYour task is to name the pictures as quickly as possible.'
16.0451 	EXP 	unnamed TextStim: text = 'You will get to see pictures. \n\nYour task is to name the pictures as quickly as possible.'
16.0615 	EXP 	unnamed TextStim: text = 'You will get to see pictures. \n\nYour task is to name the pictures as quickly as possible.'
16.0784 	EXP 	unnamed TextStim: text = 'You will get to see pictures. \n\nYour task is to name the pictures as quickly as possible.'
16.0951 	EXP 	unnamed TextStim: text = 'You will get to see pictures. \n\nYour task is to name the pictures as quickly as possible.'
16.1122 	EXP 	unnamed TextStim: text = 'You will get to see pictures. \n\nYour task is to name the pictures as quickly as possible.'
16.1288 	EXP 	unnamed TextStim: text = 'You will get to see pictures. \n\nYour task is to name the pictures as quickly as possible.'
16.1450 	EXP 	unnamed TextStim: text = 'You will get to see pictures. \n\nYour task is to name the pictures as quickly as possible.'
16.1622 	EXP 	unnamed TextStim: text = 'You will get to see pictures. \n\nYour task is to name the pictures as quickly as possible.'
16.1783 	EXP 	unnamed TextStim: text = 'You will get to see pictures. \n\nYour task is to name the pictures as quickly as possible.'
16.1953 	EXP 	unnamed TextStim: text = 'You will get to see pictures. \n\nYour task is to name the pictures as quickly as possible.'
16.2119 	EXP 	unnamed TextStim: text = 'You will get to see pictures. \n\nYour task is to name the pictures as quickly as possible.'
16.2282 	EXP 	unnamed TextStim: text = 'You will get to see pictures. \n\nYour task is to name the pictures as quickly as possible.'
16.2448 	EXP 	unnamed TextStim: text = 'You will get to see pictures. \n\nYour task is to name the pictures as quickly as possible.'
16.2616 	EXP 	unnamed TextStim: text = 'You will get to see pictures. \n\nYour task is to name the pictures as quickly as possible.'
16.2784 	EXP 	unnamed TextStim: text = 'You will get to see pictures. \n\nYour task is to name the pictures as quickly as possible.'
16.2951 	EXP 	unnamed TextStim: text = 'You will get to see pictures. \n\nYour task is to name the pictures as quickly as possible.'
16.3117 	EXP 	unnamed TextStim: text = 'You will get to see pictures. \n\nYour task is to name the pictures as quickly as possible.'
16.3284 	EXP 	unnamed TextStim: text = 'You will get to see pictures. \n\nYour task is to name the pictures as quickly as possible.'
16.3451 	EXP 	unnamed TextStim: text = 'You will get to see pictures. \n\nYour task is to name the pictures as quickly as possible.'
16.3616 	EXP 	unnamed TextStim: text = 'You will get to see pictures. \n\nYour task is to name the pictures as quickly as possible.'
16.3784 	EXP 	unnamed TextStim: text = 'You will get to see pictures. \n\nYour task is to name the pictures as quickly as possible.'
16.3950 	EXP 	unnamed TextStim: text = 'You will get to see pictures. \n\nYour task is to name the pictures as quickly as possible.'
16.4117 	EXP 	unnamed TextStim: text = 'You will get to see pictures. \n\nYour task is to name the pictures as quickly as possible.'
16.4285 	EXP 	unnamed TextStim: text = 'You will get to see pictures. \n\nYour task is to name the pictures as quickly as possible.'
16.4449 	EXP 	unnamed TextStim: text = 'You will get to see pictures. \n\nYour task is to name the pictures as quickly as possible.'
16.4618 	EXP 	unnamed TextStim: text = 'You will get to see pictures. \n\nYour task is to name the pictures as quickly as possible.'
16.4782 	EXP 	unnamed TextStim: text = 'You will get to see pictures. \n\nYour task is to name the pictures as quickly as possible.'
16.4949 	EXP 	unnamed TextStim: text = 'You will get to see pictures. \n\nYour task is to name the pictures as quickly as possible.'
16.5113 	EXP 	unnamed TextStim: text = 'You will get to see pictures. \n\nYour task is to name the pictures as quickly as possible.'
16.5285 	EXP 	unnamed TextStim: text = 'You will get to see pictures. \n\nYour task is to name the pictures as quickly as possible.'
16.5447 	EXP 	unnamed TextStim: text = 'You will get to see pictures. \n\nYour task is to name the pictures as quickly as possible.'
16.5613 	EXP 	unnamed TextStim: text = 'You will get to see pictures. \n\nYour task is to name the pictures as quickly as possible.'
16.5618 	DATA 	Keypress: space
16.5798 	EXP 	unnamed TextStim: text = 'However, there is a catch.'
16.5946 	EXP 	unnamed TextStim: text = 'However, there is a catch.'
16.6114 	EXP 	unnamed TextStim: text = 'However, there is a catch.'
16.6278 	EXP 	unnamed TextStim: text = 'However, there is a catch.'
16.6446 	EXP 	unnamed TextStim: text = 'However, there is a catch.'
16.6611 	EXP 	unnamed TextStim: text = 'However, there is a catch.'
16.6778 	EXP 	unnamed TextStim: text = 'However, there is a catch.'
16.6944 	EXP 	unnamed TextStim: text = 'However, there is a catch.'
16.7110 	EXP 	unnamed TextStim: text = 'However, there is a catch.'
16.7277 	EXP 	unnamed TextStim: text = 'However, there is a catch.'
16.7444 	EXP 	unnamed TextStim: text = 'However, there is a catch.'
16.7613 	EXP 	unnamed TextStim: text = 'However, there is a catch.'
16.7781 	EXP 	unnamed TextStim: text = 'However, there is a catch.'
16.7950 	EXP 	unnamed TextStim: text = 'However, there is a catch.'
16.8114 	EXP 	unnamed TextStim: text = 'However, there is a catch.'
16.8282 	EXP 	unnamed TextStim: text = 'However, there is a catch.'
16.8447 	EXP 	unnamed TextStim: text = 'However, there is a catch.'
16.8614 	EXP 	unnamed TextStim: text = 'However, there is a catch.'
16.8779 	EXP 	unnamed TextStim: text = 'However, there is a catch.'
16.8946 	EXP 	unnamed TextStim: text = 'However, there is a catch.'
16.9118 	EXP 	unnamed TextStim: text = 'However, there is a catch.'
16.9283 	EXP 	unnamed TextStim: text = 'However, there is a catch.'
16.9447 	EXP 	unnamed TextStim: text = 'However, there is a catch.'
16.9452 	DATA 	Keypress: space
16.9863 	EXP 	unnamed TextStim: text = 'If you see a picture on the LEFT side of the screen, name the picture in English.'
16.9949 	EXP 	unnamed TextStim: text = 'If you see a picture on the LEFT side of the screen, name the picture in English.'
17.0117 	EXP 	unnamed TextStim: text = 'If you see a picture on the LEFT side of the screen, name the picture in English.'
17.0280 	EXP 	unnamed TextStim: text = 'If you see a picture on the LEFT side of the screen, name the picture in English.'
17.0442 	EXP 	unnamed TextStim: text = 'If you see a picture on the LEFT side of the screen, name the picture in English.'
17.0607 	EXP 	unnamed TextStim: text = 'If you see a picture on the LEFT side of the screen, name the picture in English.'
17.0781 	EXP 	unnamed TextStim: text = 'If you see a picture on the LEFT side of the screen, name the picture in English.'
17.0949 	EXP 	unnamed TextStim: text = 'If you see a picture on the LEFT side of the screen, name the picture in English.'
17.1114 	EXP 	unnamed TextStim: text = 'If you see a picture on the LEFT side of the screen, name the picture in English.'
17.1294 	EXP 	unnamed TextStim: text = 'If you see a picture on the LEFT side of the screen, name the picture in English.'
17.1462 	EXP 	unnamed TextStim: text = 'If you see a picture on the LEFT side of the screen, name the picture in English.'
17.1628 	EXP 	unnamed TextStim: text = 'If you see a picture on the LEFT side of the screen, name the picture in English.'
17.1797 	EXP 	unnamed TextStim: text = 'If you see a picture on the LEFT side of the screen, name the picture in English.'
17.1961 	EXP 	unnamed TextStim: text = 'If you see a picture on the LEFT side of the screen, name the picture in English.'
17.2129 	EXP 	unnamed TextStim: text = 'If you see a picture on the LEFT side of the screen, name the picture in English.'
17.2293 	EXP 	unnamed TextStim: text = 'If you see a picture on the LEFT side of the screen, name the picture in English.'
17.2462 	EXP 	unnamed TextStim: text = 'If you see a picture on the LEFT side of the screen, name the picture in English.'
17.2628 	EXP 	unnamed TextStim: text = 'If you see a picture on the LEFT side of the screen, name the picture in English.'
17.2793 	EXP 	unnamed TextStim: text = 'If you see a picture on the LEFT side of the screen, name the picture in English.'
17.2962 	EXP 	unnamed TextStim: text = 'If you see a picture on the LEFT side of the screen, name the picture in English.'
17.3127 	EXP 	unnamed TextStim: text = 'If you see a picture on the LEFT side of the screen, name the picture in English.'
17.3292 	EXP 	unnamed TextStim: text = 'If you see a picture on the LEFT side of the screen, name the picture in English.'
17.3460 	EXP 	unnamed TextStim: text = 'If you see a picture on the LEFT side of the screen, name the picture in English.'
17.3627 	EXP 	unnamed TextStim: text = 'If you see a picture on the LEFT side of the screen, name the picture in English.'
17.3794 	EXP 	unnamed TextStim: text = 'If you see a picture on the LEFT side of the screen, name the picture in English.'
17.3961 	EXP 	unnamed TextStim: text = 'If you see a picture on the LEFT side of the screen, name the picture in English.'
17.3969 	DATA 	Keypress: space
17.4526 	EXP 	unnamed TextStim: text = 'If you see a picture on the RIGHT side of the screen, name the picture in Dutch.'
17.4611 	EXP 	unnamed TextStim: text = 'If you see a picture on the RIGHT side of the screen, name the picture in Dutch.'
17.4779 	EXP 	unnamed TextStim: text = 'If you see a picture on the RIGHT side of the screen, name the picture in Dutch.'
17.4951 	EXP 	unnamed TextStim: text = 'If you see a picture on the RIGHT side of the screen, name the picture in Dutch.'
17.5123 	EXP 	unnamed TextStim: text = 'If you see a picture on the RIGHT side of the screen, name the picture in Dutch.'
17.5292 	EXP 	unnamed TextStim: text = 'If you see a picture on the RIGHT side of the screen, name the picture in Dutch.'
17.5459 	EXP 	unnamed TextStim: text = 'If you see a picture on the RIGHT side of the screen, name the picture in Dutch.'
17.5627 	EXP 	unnamed TextStim: text = 'If you see a picture on the RIGHT side of the screen, name the picture in Dutch.'
17.5794 	EXP 	unnamed TextStim: text = 'If you see a picture on the RIGHT side of the screen, name the picture in Dutch.'
17.5960 	EXP 	unnamed TextStim: text = 'If you see a picture on the RIGHT side of the screen, name the picture in Dutch.'
17.6127 	EXP 	unnamed TextStim: text = 'If you see a picture on the RIGHT side of the screen, name the picture in Dutch.'
17.6294 	EXP 	unnamed TextStim: text = 'If you see a picture on the RIGHT side of the screen, name the picture in Dutch.'
17.6460 	EXP 	unnamed TextStim: text = 'If you see a picture on the RIGHT side of the screen, name the picture in Dutch.'
17.6627 	EXP 	unnamed TextStim: text = 'If you see a picture on the RIGHT side of the screen, name the picture in Dutch.'
17.6790 	EXP 	unnamed TextStim: text = 'If you see a picture on the RIGHT side of the screen, name the picture in Dutch.'
17.6959 	EXP 	unnamed TextStim: text = 'If you see a picture on the RIGHT side of the screen, name the picture in Dutch.'
17.7125 	EXP 	unnamed TextStim: text = 'If you see a picture on the RIGHT side of the screen, name the picture in Dutch.'
17.7294 	EXP 	unnamed TextStim: text = 'If you see a picture on the RIGHT side of the screen, name the picture in Dutch.'
17.7460 	EXP 	unnamed TextStim: text = 'If you see a picture on the RIGHT side of the screen, name the picture in Dutch.'
17.7623 	EXP 	unnamed TextStim: text = 'If you see a picture on the RIGHT side of the screen, name the picture in Dutch.'
17.7630 	DATA 	Keypress: space
17.7991 	EXP 	unnamed TextStim: text = 'Ready? \n\nPress a key to start!'
17.8119 	EXP 	unnamed TextStim: text = 'Ready? \n\nPress a key to start!'
17.8286 	EXP 	unnamed TextStim: text = 'Ready? \n\nPress a key to start!'
17.8457 	EXP 	unnamed TextStim: text = 'Ready? \n\nPress a key to start!'
17.8624 	EXP 	unnamed TextStim: text = 'Ready? \n\nPress a key to start!'
17.8791 	EXP 	unnamed TextStim: text = 'Ready? \n\nPress a key to start!'
17.8959 	EXP 	unnamed TextStim: text = 'Ready? \n\nPress a key to start!'
17.9128 	EXP 	unnamed TextStim: text = 'Ready? \n\nPress a key to start!'
17.9293 	EXP 	unnamed TextStim: text = 'Ready? \n\nPress a key to start!'
17.9457 	EXP 	unnamed TextStim: text = 'Ready? \n\nPress a key to start!'
17.9625 	EXP 	unnamed TextStim: text = 'Ready? \n\nPress a key to start!'
17.9789 	EXP 	unnamed TextStim: text = 'Ready? \n\nPress a key to start!'
17.9958 	EXP 	unnamed TextStim: text = 'Ready? \n\nPress a key to start!'
18.0123 	EXP 	unnamed TextStim: text = 'Ready? \n\nPress a key to start!'
18.0289 	EXP 	unnamed TextStim: text = 'Ready? \n\nPress a key to start!'
18.0458 	EXP 	unnamed TextStim: text = 'Ready? \n\nPress a key to start!'
18.0623 	EXP 	unnamed TextStim: text = 'Ready? \n\nPress a key to start!'
18.0791 	EXP 	unnamed TextStim: text = 'Ready? \n\nPress a key to start!'
18.0965 	EXP 	unnamed TextStim: text = 'Ready? \n\nPress a key to start!'
18.1123 	EXP 	unnamed TextStim: text = 'Ready? \n\nPress a key to start!'
18.1289 	EXP 	unnamed TextStim: text = 'Ready? \n\nPress a key to start!'
18.1455 	EXP 	unnamed TextStim: text = 'Ready? \n\nPress a key to start!'
18.1622 	EXP 	unnamed TextStim: text = 'Ready? \n\nPress a key to start!'
18.1789 	EXP 	unnamed TextStim: text = 'Ready? \n\nPress a key to start!'
18.1959 	EXP 	unnamed TextStim: text = 'Ready? \n\nPress a key to start!'
18.2123 	EXP 	unnamed TextStim: text = 'Ready? \n\nPress a key to start!'
18.2291 	EXP 	unnamed TextStim: text = 'Ready? \n\nPress a key to start!'
18.2457 	EXP 	unnamed TextStim: text = 'Ready? \n\nPress a key to start!'
18.2624 	EXP 	unnamed TextStim: text = 'Ready? \n\nPress a key to start!'
18.2789 	EXP 	unnamed TextStim: text = 'Ready? \n\nPress a key to start!'
18.2958 	EXP 	unnamed TextStim: text = 'Ready? \n\nPress a key to start!'
18.3121 	EXP 	unnamed TextStim: text = 'Ready? \n\nPress a key to start!'
18.3288 	EXP 	unnamed TextStim: text = 'Ready? \n\nPress a key to start!'
18.3457 	EXP 	unnamed TextStim: text = 'Ready? \n\nPress a key to start!'
18.3628 	EXP 	unnamed TextStim: text = 'Ready? \n\nPress a key to start!'
18.3788 	EXP 	unnamed TextStim: text = 'Ready? \n\nPress a key to start!'
18.3959 	EXP 	unnamed TextStim: text = 'Ready? \n\nPress a key to start!'
18.4129 	EXP 	unnamed TextStim: text = 'Ready? \n\nPress a key to start!'
18.4288 	EXP 	unnamed TextStim: text = 'Ready? \n\nPress a key to start!'
18.4457 	EXP 	unnamed TextStim: text = 'Ready? \n\nPress a key to start!'
18.4622 	EXP 	unnamed TextStim: text = 'Ready? \n\nPress a key to start!'
18.4789 	EXP 	unnamed TextStim: text = 'Ready? \n\nPress a key to start!'
18.4959 	EXP 	unnamed TextStim: text = 'Ready? \n\nPress a key to start!'
18.5120 	EXP 	unnamed TextStim: text = 'Ready? \n\nPress a key to start!'
18.5285 	EXP 	unnamed TextStim: text = 'Ready? \n\nPress a key to start!'
18.5456 	EXP 	unnamed TextStim: text = 'Ready? \n\nPress a key to start!'
18.5621 	EXP 	unnamed TextStim: text = 'Ready? \n\nPress a key to start!'
18.5787 	EXP 	unnamed TextStim: text = 'Ready? \n\nPress a key to start!'
18.5956 	EXP 	unnamed TextStim: text = 'Ready? \n\nPress a key to start!'
18.6123 	EXP 	unnamed TextStim: text = 'Ready? \n\nPress a key to start!'
18.6289 	EXP 	unnamed TextStim: text = 'Ready? \n\nPress a key to start!'
18.6453 	EXP 	unnamed TextStim: text = 'Ready? \n\nPress a key to start!'
18.6622 	EXP 	unnamed TextStim: text = 'Ready? \n\nPress a key to start!'
18.6786 	EXP 	unnamed TextStim: text = 'Ready? \n\nPress a key to start!'
18.6958 	EXP 	unnamed TextStim: text = 'Ready? \n\nPress a key to start!'
18.7120 	EXP 	unnamed TextStim: text = 'Ready? \n\nPress a key to start!'
18.7130 	DATA 	Keypress: space
18.7424 	EXP 	unnamed ImageStim: size = array([8.7890625, 8.7890625])
18.7424 	EXP 	unnamed ImageStim: image = '1.png'
20.7558 	EXP 	unnamed ImageStim: size = array([8.7890625, 8.7890625])
20.7558 	EXP 	unnamed ImageStim: image = '2.png'
22.7672 	EXP 	unnamed ImageStim: size = array([8.7890625, 8.7890625])
22.7672 	EXP 	unnamed ImageStim: image = '3.png'
24.7775 	EXP 	unnamed ImageStim: size = array([8.7890625, 8.7890625])
24.7775 	EXP 	unnamed ImageStim: image = '4.png'
26.7918 	EXP 	unnamed ImageStim: size = array([8.7890625, 8.7890625])
26.7918 	EXP 	unnamed ImageStim: image = '5.png'
28.8042 	EXP 	unnamed ImageStim: size = array([8.7890625, 8.7890625])
28.8042 	EXP 	unnamed ImageStim: image = '6.png'
30.8153 	EXP 	unnamed ImageStim: size = array([8.7890625, 8.7890625])
30.8153 	EXP 	unnamed ImageStim: image = '7.png'
32.9292 	EXP 	window1: mouseVisible = True
