10.6240 	EXP 	Created window1 = Window(allowGUI=True, allowStencil=False, args=UNKNOWN, autoLog=True, bitsMode=UNKNOWN, blendMode='avg', color='white', colorSpace='named', fullscr=UNKNOWN, gamma=None, kwargs=UNKNOWN, lms=UNKNOWN, monitor=<psychopy.monitors.calibTools.Monitor object at 0x000001E82B858EF0>, multiSample=False, name='window1', numSamples=2, pos=[320.0, 180.0], screen=0, size=array([1280,  720]), stereo=False, units='cm', useFBO=False, useRetina=False, viewOri=0.0, viewPos=None, viewScale=None, waitBlanking=True, winType='pyglet')
10.6977 	EXP 	Created unnamed TextStim = TextStim(__class__=<class 'psychopy.visual.text.TextStim'>, alignHoriz='center', alignVert='center', antialias=True, autoLog=True, bold=False, color='black', colorSpace='named', contrast=1.0, depth=0, flipHoriz=False, flipVert=False, font='arial', fontFiles=[], height=1.0, italic=False, name='unnamed TextStim', opacity=1.0, ori=0.0, pos=array([0., 0.]), rgb=array([0., 0., 0.]), text='', units='cm', win=Window(...), wrapWidth=15.0)
10.7130 	EXP 	Created unnamed ImageStim = ImageStim(__class__=<class 'psychopy.visual.image.ImageStim'>, autoLog=True, color=array([1., 1., 1.]), colorSpace='rgb', contrast=1.0, depth=0, flipHoriz=False, flipVert=False, image=None, interpolate=False, mask=None, maskParams=None, name='unnamed ImageStim', opacity=1.0, ori=0.0, pos=array([0., 0.]), size=array([0.5, 0.5]), texRes=128, units='cm', win=Window(...))
10.7147 	EXP 	Created unnamed ImageStim = ImageStim(__class__=<class 'psychopy.visual.image.ImageStim'>, autoLog=True, color=array([1., 1., 1.]), colorSpace='rgb', contrast=1.0, depth=0, flipHoriz=False, flipVert=False, image=None, interpolate=False, mask=None, maskParams=None, name='unnamed ImageStim', opacity=1.0, ori=0.0, pos=array([0., 0.]), size=array([0.5, 0.5]), texRes=128, units='cm', win=Window(...))
10.7692 	EXP 	unnamed ImageStim: pos = array([-8.,  0.])
10.7692 	EXP 	unnamed ImageStim: pos = array([8., 0.])
10.7692 	EXP 	unnamed TextStim: text = 'Welcome to this experiment.\n\nPress any key to continue.'
10.7861 	EXP 	unnamed TextStim: text = 'Welcome to this experiment.\n\nPress any key to continue.'
10.8039 	EXP 	unnamed TextStim: text = 'Welcome to this experiment.\n\nPress any key to continue.'
10.8209 	EXP 	unnamed TextStim: text = 'Welcome to this experiment.\n\nPress any key to continue.'
10.8376 	EXP 	unnamed TextStim: text = 'Welcome to this experiment.\n\nPress any key to continue.'
10.8542 	EXP 	unnamed TextStim: text = 'Welcome to this experiment.\n\nPress any key to continue.'
10.8709 	EXP 	unnamed TextStim: text = 'Welcome to this experiment.\n\nPress any key to continue.'
10.8878 	EXP 	unnamed TextStim: text = 'Welcome to this experiment.\n\nPress any key to continue.'
10.9042 	EXP 	unnamed TextStim: text = 'Welcome to this experiment.\n\nPress any key to continue.'
10.9213 	EXP 	unnamed TextStim: text = 'Welcome to this experiment.\n\nPress any key to continue.'
10.9391 	EXP 	unnamed TextStim: text = 'Welcome to this experiment.\n\nPress any key to continue.'
10.9569 	EXP 	unnamed TextStim: text = 'Welcome to this experiment.\n\nPress any key to continue.'
10.9724 	EXP 	unnamed TextStim: text = 'Welcome to this experiment.\n\nPress any key to continue.'
10.9890 	EXP 	unnamed TextStim: text = 'Welcome to this experiment.\n\nPress any key to continue.'
11.0057 	EXP 	unnamed TextStim: text = 'Welcome to this experiment.\n\nPress any key to continue.'
11.0224 	EXP 	unnamed TextStim: text = 'Welcome to this experiment.\n\nPress any key to continue.'
11.0390 	EXP 	unnamed TextStim: text = 'Welcome to this experiment.\n\nPress any key to continue.'
11.0556 	EXP 	unnamed TextStim: text = 'Welcome to this experiment.\n\nPress any key to continue.'
11.0724 	EXP 	unnamed TextStim: text = 'Welcome to this experiment.\n\nPress any key to continue.'
11.0890 	EXP 	unnamed TextStim: text = 'Welcome to this experiment.\n\nPress any key to continue.'
11.1057 	EXP 	unnamed TextStim: text = 'Welcome to this experiment.\n\nPress any key to continue.'
11.1223 	EXP 	unnamed TextStim: text = 'Welcome to this experiment.\n\nPress any key to continue.'
11.1388 	EXP 	unnamed TextStim: text = 'Welcome to this experiment.\n\nPress any key to continue.'
11.1556 	EXP 	unnamed TextStim: text = 'Welcome to this experiment.\n\nPress any key to continue.'
11.1724 	EXP 	unnamed TextStim: text = 'Welcome to this experiment.\n\nPress any key to continue.'
11.1890 	EXP 	unnamed TextStim: text = 'Welcome to this experiment.\n\nPress any key to continue.'
11.2058 	EXP 	unnamed TextStim: text = 'Welcome to this experiment.\n\nPress any key to continue.'
11.2223 	EXP 	unnamed TextStim: text = 'Welcome to this experiment.\n\nPress any key to continue.'
11.2392 	EXP 	unnamed TextStim: text = 'Welcome to this experiment.\n\nPress any key to continue.'
11.2557 	EXP 	unnamed TextStim: text = 'Welcome to this experiment.\n\nPress any key to continue.'
11.2725 	EXP 	unnamed TextStim: text = 'Welcome to this experiment.\n\nPress any key to continue.'
11.2890 	EXP 	unnamed TextStim: text = 'Welcome to this experiment.\n\nPress any key to continue.'
11.3054 	EXP 	unnamed TextStim: text = 'Welcome to this experiment.\n\nPress any key to continue.'
11.3221 	EXP 	unnamed TextStim: text = 'Welcome to this experiment.\n\nPress any key to continue.'
11.3387 	EXP 	unnamed TextStim: text = 'Welcome to this experiment.\n\nPress any key to continue.'
11.3556 	EXP 	unnamed TextStim: text = 'Welcome to this experiment.\n\nPress any key to continue.'
11.3723 	EXP 	unnamed TextStim: text = 'Welcome to this experiment.\n\nPress any key to continue.'
11.3889 	EXP 	unnamed TextStim: text = 'Welcome to this experiment.\n\nPress any key to continue.'
11.4057 	EXP 	unnamed TextStim: text = 'Welcome to this experiment.\n\nPress any key to continue.'
11.4223 	EXP 	unnamed TextStim: text = 'Welcome to this experiment.\n\nPress any key to continue.'
11.4389 	EXP 	unnamed TextStim: text = 'Welcome to this experiment.\n\nPress any key to continue.'
11.4558 	EXP 	unnamed TextStim: text = 'Welcome to this experiment.\n\nPress any key to continue.'
11.4723 	EXP 	unnamed TextStim: text = 'Welcome to this experiment.\n\nPress any key to continue.'
11.4889 	EXP 	unnamed TextStim: text = 'Welcome to this experiment.\n\nPress any key to continue.'
11.5063 	EXP 	unnamed TextStim: text = 'Welcome to this experiment.\n\nPress any key to continue.'
11.5221 	EXP 	unnamed TextStim: text = 'Welcome to this experiment.\n\nPress any key to continue.'
11.5388 	EXP 	unnamed TextStim: text = 'Welcome to this experiment.\n\nPress any key to continue.'
11.5555 	EXP 	unnamed TextStim: text = 'Welcome to this experiment.\n\nPress any key to continue.'
11.5722 	EXP 	unnamed TextStim: text = 'Welcome to this experiment.\n\nPress any key to continue.'
11.5887 	EXP 	unnamed TextStim: text = 'Welcome to this experiment.\n\nPress any key to continue.'
11.6058 	EXP 	unnamed TextStim: text = 'Welcome to this experiment.\n\nPress any key to continue.'
11.6226 	EXP 	unnamed TextStim: text = 'Welcome to this experiment.\n\nPress any key to continue.'
11.6232 	DATA 	Keypress: space
11.6696 	EXP 	unnamed TextStim: text = 'You will get to see pictures. \n\nYour task is to name the pictures as quickly as possible.'
11.6866 	EXP 	unnamed TextStim: text = 'You will get to see pictures. \n\nYour task is to name the pictures as quickly as possible.'
11.7041 	EXP 	unnamed TextStim: text = 'You will get to see pictures. \n\nYour task is to name the pictures as quickly as possible.'
11.7223 	EXP 	unnamed TextStim: text = 'You will get to see pictures. \n\nYour task is to name the pictures as quickly as possible.'
11.7388 	EXP 	unnamed TextStim: text = 'You will get to see pictures. \n\nYour task is to name the pictures as quickly as possible.'
11.7559 	EXP 	unnamed TextStim: text = 'You will get to see pictures. \n\nYour task is to name the pictures as quickly as possible.'
11.7719 	EXP 	unnamed TextStim: text = 'You will get to see pictures. \n\nYour task is to name the pictures as quickly as possible.'
11.7888 	EXP 	unnamed TextStim: text = 'You will get to see pictures. \n\nYour task is to name the pictures as quickly as possible.'
11.8057 	EXP 	unnamed TextStim: text = 'You will get to see pictures. \n\nYour task is to name the pictures as quickly as possible.'
11.8217 	EXP 	unnamed TextStim: text = 'You will get to see pictures. \n\nYour task is to name the pictures as quickly as possible.'
11.8386 	EXP 	unnamed TextStim: text = 'You will get to see pictures. \n\nYour task is to name the pictures as quickly as possible.'
11.8554 	EXP 	unnamed TextStim: text = 'You will get to see pictures. \n\nYour task is to name the pictures as quickly as possible.'
11.8720 	EXP 	unnamed TextStim: text = 'You will get to see pictures. \n\nYour task is to name the pictures as quickly as possible.'
11.8886 	EXP 	unnamed TextStim: text = 'You will get to see pictures. \n\nYour task is to name the pictures as quickly as possible.'
11.9054 	EXP 	unnamed TextStim: text = 'You will get to see pictures. \n\nYour task is to name the pictures as quickly as possible.'
11.9220 	EXP 	unnamed TextStim: text = 'You will get to see pictures. \n\nYour task is to name the pictures as quickly as possible.'
11.9388 	EXP 	unnamed TextStim: text = 'You will get to see pictures. \n\nYour task is to name the pictures as quickly as possible.'
11.9554 	EXP 	unnamed TextStim: text = 'You will get to see pictures. \n\nYour task is to name the pictures as quickly as possible.'
11.9720 	EXP 	unnamed TextStim: text = 'You will get to see pictures. \n\nYour task is to name the pictures as quickly as possible.'
11.9887 	EXP 	unnamed TextStim: text = 'You will get to see pictures. \n\nYour task is to name the pictures as quickly as possible.'
12.0056 	EXP 	unnamed TextStim: text = 'You will get to see pictures. \n\nYour task is to name the pictures as quickly as possible.'
12.0219 	EXP 	unnamed TextStim: text = 'You will get to see pictures. \n\nYour task is to name the pictures as quickly as possible.'
12.0226 	DATA 	Keypress: space
12.0619 	EXP 	unnamed TextStim: text = 'However, there is a catch.'
12.0712 	EXP 	unnamed TextStim: text = 'However, there is a catch.'
12.0868 	EXP 	unnamed TextStim: text = 'However, there is a catch.'
12.1038 	EXP 	unnamed TextStim: text = 'However, there is a catch.'
12.1207 	EXP 	unnamed TextStim: text = 'However, there is a catch.'
12.1373 	EXP 	unnamed TextStim: text = 'However, there is a catch.'
12.1541 	EXP 	unnamed TextStim: text = 'However, there is a catch.'
12.1706 	EXP 	unnamed TextStim: text = 'However, there is a catch.'
12.1873 	EXP 	unnamed TextStim: text = 'However, there is a catch.'
12.2041 	EXP 	unnamed TextStim: text = 'However, there is a catch.'
12.2213 	EXP 	unnamed TextStim: text = 'However, there is a catch.'
12.2385 	EXP 	unnamed TextStim: text = 'However, there is a catch.'
12.2554 	EXP 	unnamed TextStim: text = 'However, there is a catch.'
12.2722 	EXP 	unnamed TextStim: text = 'However, there is a catch.'
12.2885 	EXP 	unnamed TextStim: text = 'However, there is a catch.'
12.3054 	EXP 	unnamed TextStim: text = 'However, there is a catch.'
12.3216 	EXP 	unnamed TextStim: text = 'However, there is a catch.'
12.3385 	EXP 	unnamed TextStim: text = 'However, there is a catch.'
12.3550 	EXP 	unnamed TextStim: text = 'However, there is a catch.'
12.3717 	EXP 	unnamed TextStim: text = 'However, there is a catch.'
12.3885 	EXP 	unnamed TextStim: text = 'However, there is a catch.'
12.4052 	EXP 	unnamed TextStim: text = 'However, there is a catch.'
12.4220 	EXP 	unnamed TextStim: text = 'However, there is a catch.'
12.4383 	EXP 	unnamed TextStim: text = 'However, there is a catch.'
12.4551 	EXP 	unnamed TextStim: text = 'However, there is a catch.'
12.4717 	EXP 	unnamed TextStim: text = 'However, there is a catch.'
12.4883 	EXP 	unnamed TextStim: text = 'However, there is a catch.'
12.5053 	EXP 	unnamed TextStim: text = 'However, there is a catch.'
12.5217 	EXP 	unnamed TextStim: text = 'However, there is a catch.'
12.5383 	EXP 	unnamed TextStim: text = 'However, there is a catch.'
12.5390 	DATA 	Keypress: space
12.5948 	EXP 	unnamed TextStim: text = 'If you see a picture on the LEFT side of the screen, name the picture in English.'
12.6031 	EXP 	unnamed TextStim: text = 'If you see a picture on the LEFT side of the screen, name the picture in English.'
12.6197 	EXP 	unnamed TextStim: text = 'If you see a picture on the LEFT side of the screen, name the picture in English.'
12.6370 	EXP 	unnamed TextStim: text = 'If you see a picture on the LEFT side of the screen, name the picture in English.'
12.6535 	EXP 	unnamed TextStim: text = 'If you see a picture on the LEFT side of the screen, name the picture in English.'
12.6701 	EXP 	unnamed TextStim: text = 'If you see a picture on the LEFT side of the screen, name the picture in English.'
12.6867 	EXP 	unnamed TextStim: text = 'If you see a picture on the LEFT side of the screen, name the picture in English.'
12.7034 	EXP 	unnamed TextStim: text = 'If you see a picture on the LEFT side of the screen, name the picture in English.'
12.7201 	EXP 	unnamed TextStim: text = 'If you see a picture on the LEFT side of the screen, name the picture in English.'
12.7373 	EXP 	unnamed TextStim: text = 'If you see a picture on the LEFT side of the screen, name the picture in English.'
12.7552 	EXP 	unnamed TextStim: text = 'If you see a picture on the LEFT side of the screen, name the picture in English.'
12.7706 	EXP 	unnamed TextStim: text = 'If you see a picture on the LEFT side of the screen, name the picture in English.'
12.7873 	EXP 	unnamed TextStim: text = 'If you see a picture on the LEFT side of the screen, name the picture in English.'
12.8033 	EXP 	unnamed TextStim: text = 'If you see a picture on the LEFT side of the screen, name the picture in English.'
12.8207 	EXP 	unnamed TextStim: text = 'If you see a picture on the LEFT side of the screen, name the picture in English.'
12.8382 	EXP 	unnamed TextStim: text = 'If you see a picture on the LEFT side of the screen, name the picture in English.'
12.8550 	EXP 	unnamed TextStim: text = 'If you see a picture on the LEFT side of the screen, name the picture in English.'
12.8715 	EXP 	unnamed TextStim: text = 'If you see a picture on the LEFT side of the screen, name the picture in English.'
12.8881 	EXP 	unnamed TextStim: text = 'If you see a picture on the LEFT side of the screen, name the picture in English.'
12.9049 	EXP 	unnamed TextStim: text = 'If you see a picture on the LEFT side of the screen, name the picture in English.'
12.9215 	EXP 	unnamed TextStim: text = 'If you see a picture on the LEFT side of the screen, name the picture in English.'
12.9380 	EXP 	unnamed TextStim: text = 'If you see a picture on the LEFT side of the screen, name the picture in English.'
12.9549 	EXP 	unnamed TextStim: text = 'If you see a picture on the LEFT side of the screen, name the picture in English.'
12.9713 	EXP 	unnamed TextStim: text = 'If you see a picture on the LEFT side of the screen, name the picture in English.'
12.9880 	EXP 	unnamed TextStim: text = 'If you see a picture on the LEFT side of the screen, name the picture in English.'
13.0047 	EXP 	unnamed TextStim: text = 'If you see a picture on the LEFT side of the screen, name the picture in English.'
13.0213 	EXP 	unnamed TextStim: text = 'If you see a picture on the LEFT side of the screen, name the picture in English.'
13.0384 	EXP 	unnamed TextStim: text = 'If you see a picture on the LEFT side of the screen, name the picture in English.'
13.0547 	EXP 	unnamed TextStim: text = 'If you see a picture on the LEFT side of the screen, name the picture in English.'
13.0714 	EXP 	unnamed TextStim: text = 'If you see a picture on the LEFT side of the screen, name the picture in English.'
13.0881 	EXP 	unnamed TextStim: text = 'If you see a picture on the LEFT side of the screen, name the picture in English.'
13.1050 	EXP 	unnamed TextStim: text = 'If you see a picture on the LEFT side of the screen, name the picture in English.'
13.1214 	EXP 	unnamed TextStim: text = 'If you see a picture on the LEFT side of the screen, name the picture in English.'
13.1380 	EXP 	unnamed TextStim: text = 'If you see a picture on the LEFT side of the screen, name the picture in English.'
13.1548 	EXP 	unnamed TextStim: text = 'If you see a picture on the LEFT side of the screen, name the picture in English.'
13.1716 	EXP 	unnamed TextStim: text = 'If you see a picture on the LEFT side of the screen, name the picture in English.'
13.1878 	EXP 	unnamed TextStim: text = 'If you see a picture on the LEFT side of the screen, name the picture in English.'
13.2044 	EXP 	unnamed TextStim: text = 'If you see a picture on the LEFT side of the screen, name the picture in English.'
13.2213 	EXP 	unnamed TextStim: text = 'If you see a picture on the LEFT side of the screen, name the picture in English.'
13.2381 	EXP 	unnamed TextStim: text = 'If you see a picture on the LEFT side of the screen, name the picture in English.'
13.2545 	EXP 	unnamed TextStim: text = 'If you see a picture on the LEFT side of the screen, name the picture in English.'
13.2710 	EXP 	unnamed TextStim: text = 'If you see a picture on the LEFT side of the screen, name the picture in English.'
13.2882 	EXP 	unnamed TextStim: text = 'If you see a picture on the LEFT side of the screen, name the picture in English.'
13.3047 	EXP 	unnamed TextStim: text = 'If you see a picture on the LEFT side of the screen, name the picture in English.'
13.3213 	EXP 	unnamed TextStim: text = 'If you see a picture on the LEFT side of the screen, name the picture in English.'
13.3380 	EXP 	unnamed TextStim: text = 'If you see a picture on the LEFT side of the screen, name the picture in English.'
13.3546 	EXP 	unnamed TextStim: text = 'If you see a picture on the LEFT side of the screen, name the picture in English.'
13.3711 	EXP 	unnamed TextStim: text = 'If you see a picture on the LEFT side of the screen, name the picture in English.'
13.3880 	EXP 	unnamed TextStim: text = 'If you see a picture on the LEFT side of the screen, name the picture in English.'
13.4044 	EXP 	unnamed TextStim: text = 'If you see a picture on the LEFT side of the screen, name the picture in English.'
13.4211 	EXP 	unnamed TextStim: text = 'If you see a picture on the LEFT side of the screen, name the picture in English.'
13.4378 	EXP 	unnamed TextStim: text = 'If you see a picture on the LEFT side of the screen, name the picture in English.'
13.4546 	EXP 	unnamed TextStim: text = 'If you see a picture on the LEFT side of the screen, name the picture in English.'
13.4712 	EXP 	unnamed TextStim: text = 'If you see a picture on the LEFT side of the screen, name the picture in English.'
13.4876 	EXP 	unnamed TextStim: text = 'If you see a picture on the LEFT side of the screen, name the picture in English.'
13.4883 	DATA 	Keypress: space
13.5645 	EXP 	unnamed TextStim: text = 'If you see a picture on the RIGHT side of the screen, name the picture in Dutch.'
13.5693 	EXP 	unnamed TextStim: text = 'If you see a picture on the RIGHT side of the screen, name the picture in Dutch.'
13.5857 	EXP 	unnamed TextStim: text = 'If you see a picture on the RIGHT side of the screen, name the picture in Dutch.'
13.6031 	EXP 	unnamed TextStim: text = 'If you see a picture on the RIGHT side of the screen, name the picture in Dutch.'
13.6195 	EXP 	unnamed TextStim: text = 'If you see a picture on the RIGHT side of the screen, name the picture in Dutch.'
13.6364 	EXP 	unnamed TextStim: text = 'If you see a picture on the RIGHT side of the screen, name the picture in Dutch.'
13.6530 	EXP 	unnamed TextStim: text = 'If you see a picture on the RIGHT side of the screen, name the picture in Dutch.'
13.6697 	EXP 	unnamed TextStim: text = 'If you see a picture on the RIGHT side of the screen, name the picture in Dutch.'
13.6863 	EXP 	unnamed TextStim: text = 'If you see a picture on the RIGHT side of the screen, name the picture in Dutch.'
13.7030 	EXP 	unnamed TextStim: text = 'If you see a picture on the RIGHT side of the screen, name the picture in Dutch.'
13.7196 	EXP 	unnamed TextStim: text = 'If you see a picture on the RIGHT side of the screen, name the picture in Dutch.'
13.7362 	EXP 	unnamed TextStim: text = 'If you see a picture on the RIGHT side of the screen, name the picture in Dutch.'
13.7529 	EXP 	unnamed TextStim: text = 'If you see a picture on the RIGHT side of the screen, name the picture in Dutch.'
13.7695 	EXP 	unnamed TextStim: text = 'If you see a picture on the RIGHT side of the screen, name the picture in Dutch.'
13.7862 	EXP 	unnamed TextStim: text = 'If you see a picture on the RIGHT side of the screen, name the picture in Dutch.'
13.8030 	EXP 	unnamed TextStim: text = 'If you see a picture on the RIGHT side of the screen, name the picture in Dutch.'
13.8196 	EXP 	unnamed TextStim: text = 'If you see a picture on the RIGHT side of the screen, name the picture in Dutch.'
13.8361 	EXP 	unnamed TextStim: text = 'If you see a picture on the RIGHT side of the screen, name the picture in Dutch.'
13.8528 	EXP 	unnamed TextStim: text = 'If you see a picture on the RIGHT side of the screen, name the picture in Dutch.'
13.8696 	EXP 	unnamed TextStim: text = 'If you see a picture on the RIGHT side of the screen, name the picture in Dutch.'
13.8861 	EXP 	unnamed TextStim: text = 'If you see a picture on the RIGHT side of the screen, name the picture in Dutch.'
13.9029 	EXP 	unnamed TextStim: text = 'If you see a picture on the RIGHT side of the screen, name the picture in Dutch.'
13.9195 	EXP 	unnamed TextStim: text = 'If you see a picture on the RIGHT side of the screen, name the picture in Dutch.'
13.9361 	EXP 	unnamed TextStim: text = 'If you see a picture on the RIGHT side of the screen, name the picture in Dutch.'
13.9529 	EXP 	unnamed TextStim: text = 'If you see a picture on the RIGHT side of the screen, name the picture in Dutch.'
13.9694 	EXP 	unnamed TextStim: text = 'If you see a picture on the RIGHT side of the screen, name the picture in Dutch.'
13.9862 	EXP 	unnamed TextStim: text = 'If you see a picture on the RIGHT side of the screen, name the picture in Dutch.'
14.0028 	EXP 	unnamed TextStim: text = 'If you see a picture on the RIGHT side of the screen, name the picture in Dutch.'
14.0194 	EXP 	unnamed TextStim: text = 'If you see a picture on the RIGHT side of the screen, name the picture in Dutch.'
14.0362 	EXP 	unnamed TextStim: text = 'If you see a picture on the RIGHT side of the screen, name the picture in Dutch.'
14.0545 	EXP 	unnamed TextStim: text = 'If you see a picture on the RIGHT side of the screen, name the picture in Dutch.'
14.0710 	EXP 	unnamed TextStim: text = 'If you see a picture on the RIGHT side of the screen, name the picture in Dutch.'
14.0886 	EXP 	unnamed TextStim: text = 'If you see a picture on the RIGHT side of the screen, name the picture in Dutch.'
14.1042 	EXP 	unnamed TextStim: text = 'If you see a picture on the RIGHT side of the screen, name the picture in Dutch.'
14.1210 	EXP 	unnamed TextStim: text = 'If you see a picture on the RIGHT side of the screen, name the picture in Dutch.'
14.1380 	EXP 	unnamed TextStim: text = 'If you see a picture on the RIGHT side of the screen, name the picture in Dutch.'
14.1542 	EXP 	unnamed TextStim: text = 'If you see a picture on the RIGHT side of the screen, name the picture in Dutch.'
14.1709 	EXP 	unnamed TextStim: text = 'If you see a picture on the RIGHT side of the screen, name the picture in Dutch.'
14.1880 	EXP 	unnamed TextStim: text = 'If you see a picture on the RIGHT side of the screen, name the picture in Dutch.'
14.2042 	EXP 	unnamed TextStim: text = 'If you see a picture on the RIGHT side of the screen, name the picture in Dutch.'
14.2208 	EXP 	unnamed TextStim: text = 'If you see a picture on the RIGHT side of the screen, name the picture in Dutch.'
14.2376 	EXP 	unnamed TextStim: text = 'If you see a picture on the RIGHT side of the screen, name the picture in Dutch.'
14.2540 	EXP 	unnamed TextStim: text = 'If you see a picture on the RIGHT side of the screen, name the picture in Dutch.'
14.2706 	EXP 	unnamed TextStim: text = 'If you see a picture on the RIGHT side of the screen, name the picture in Dutch.'
14.2875 	EXP 	unnamed TextStim: text = 'If you see a picture on the RIGHT side of the screen, name the picture in Dutch.'
14.3045 	EXP 	unnamed TextStim: text = 'If you see a picture on the RIGHT side of the screen, name the picture in Dutch.'
14.3207 	EXP 	unnamed TextStim: text = 'If you see a picture on the RIGHT side of the screen, name the picture in Dutch.'
14.3376 	EXP 	unnamed TextStim: text = 'If you see a picture on the RIGHT side of the screen, name the picture in Dutch.'
14.3541 	EXP 	unnamed TextStim: text = 'If you see a picture on the RIGHT side of the screen, name the picture in Dutch.'
14.3707 	EXP 	unnamed TextStim: text = 'If you see a picture on the RIGHT side of the screen, name the picture in Dutch.'
14.3874 	EXP 	unnamed TextStim: text = 'If you see a picture on the RIGHT side of the screen, name the picture in Dutch.'
14.4039 	EXP 	unnamed TextStim: text = 'If you see a picture on the RIGHT side of the screen, name the picture in Dutch.'
14.4208 	EXP 	unnamed TextStim: text = 'If you see a picture on the RIGHT side of the screen, name the picture in Dutch.'
14.4374 	EXP 	unnamed TextStim: text = 'If you see a picture on the RIGHT side of the screen, name the picture in Dutch.'
14.4541 	EXP 	unnamed TextStim: text = 'If you see a picture on the RIGHT side of the screen, name the picture in Dutch.'
14.4707 	EXP 	unnamed TextStim: text = 'If you see a picture on the RIGHT side of the screen, name the picture in Dutch.'
14.4876 	EXP 	unnamed TextStim: text = 'If you see a picture on the RIGHT side of the screen, name the picture in Dutch.'
14.5038 	EXP 	unnamed TextStim: text = 'If you see a picture on the RIGHT side of the screen, name the picture in Dutch.'
14.5207 	EXP 	unnamed TextStim: text = 'If you see a picture on the RIGHT side of the screen, name the picture in Dutch.'
14.5374 	EXP 	unnamed TextStim: text = 'If you see a picture on the RIGHT side of the screen, name the picture in Dutch.'
14.5541 	EXP 	unnamed TextStim: text = 'If you see a picture on the RIGHT side of the screen, name the picture in Dutch.'
14.5707 	EXP 	unnamed TextStim: text = 'If you see a picture on the RIGHT side of the screen, name the picture in Dutch.'
14.5872 	EXP 	unnamed TextStim: text = 'If you see a picture on the RIGHT side of the screen, name the picture in Dutch.'
14.6041 	EXP 	unnamed TextStim: text = 'If you see a picture on the RIGHT side of the screen, name the picture in Dutch.'
14.6205 	EXP 	unnamed TextStim: text = 'If you see a picture on the RIGHT side of the screen, name the picture in Dutch.'
14.6370 	EXP 	unnamed TextStim: text = 'If you see a picture on the RIGHT side of the screen, name the picture in Dutch.'
14.6538 	EXP 	unnamed TextStim: text = 'If you see a picture on the RIGHT side of the screen, name the picture in Dutch.'
14.6706 	EXP 	unnamed TextStim: text = 'If you see a picture on the RIGHT side of the screen, name the picture in Dutch.'
14.6713 	DATA 	Keypress: space
14.7088 	EXP 	unnamed TextStim: text = 'Ready? \n\nPress a key to start!'
14.7188 	EXP 	unnamed TextStim: text = 'Ready? \n\nPress a key to start!'
14.7355 	EXP 	unnamed TextStim: text = 'Ready? \n\nPress a key to start!'
14.7527 	EXP 	unnamed TextStim: text = 'Ready? \n\nPress a key to start!'
14.7694 	EXP 	unnamed TextStim: text = 'Ready? \n\nPress a key to start!'
14.7861 	EXP 	unnamed TextStim: text = 'Ready? \n\nPress a key to start!'
14.8030 	EXP 	unnamed TextStim: text = 'Ready? \n\nPress a key to start!'
14.8195 	EXP 	unnamed TextStim: text = 'Ready? \n\nPress a key to start!'
14.8358 	EXP 	unnamed TextStim: text = 'Ready? \n\nPress a key to start!'
14.8524 	EXP 	unnamed TextStim: text = 'Ready? \n\nPress a key to start!'
14.8704 	EXP 	unnamed TextStim: text = 'Ready? \n\nPress a key to start!'
14.8869 	EXP 	unnamed TextStim: text = 'Ready? \n\nPress a key to start!'
14.9036 	EXP 	unnamed TextStim: text = 'Ready? \n\nPress a key to start!'
14.9205 	EXP 	unnamed TextStim: text = 'Ready? \n\nPress a key to start!'
14.9368 	EXP 	unnamed TextStim: text = 'Ready? \n\nPress a key to start!'
14.9536 	EXP 	unnamed TextStim: text = 'Ready? \n\nPress a key to start!'
14.9707 	EXP 	unnamed TextStim: text = 'Ready? \n\nPress a key to start!'
14.9868 	EXP 	unnamed TextStim: text = 'Ready? \n\nPress a key to start!'
15.0036 	EXP 	unnamed TextStim: text = 'Ready? \n\nPress a key to start!'
15.0201 	EXP 	unnamed TextStim: text = 'Ready? \n\nPress a key to start!'
15.0369 	EXP 	unnamed TextStim: text = 'Ready? \n\nPress a key to start!'
15.0536 	EXP 	unnamed TextStim: text = 'Ready? \n\nPress a key to start!'
15.0701 	EXP 	unnamed TextStim: text = 'Ready? \n\nPress a key to start!'
15.0869 	EXP 	unnamed TextStim: text = 'Ready? \n\nPress a key to start!'
15.1034 	EXP 	unnamed TextStim: text = 'Ready? \n\nPress a key to start!'
15.1203 	EXP 	unnamed TextStim: text = 'Ready? \n\nPress a key to start!'
15.1370 	EXP 	unnamed TextStim: text = 'Ready? \n\nPress a key to start!'
15.1536 	EXP 	unnamed TextStim: text = 'Ready? \n\nPress a key to start!'
15.1703 	EXP 	unnamed TextStim: text = 'Ready? \n\nPress a key to start!'
15.1868 	EXP 	unnamed TextStim: text = 'Ready? \n\nPress a key to start!'
15.2036 	EXP 	unnamed TextStim: text = 'Ready? \n\nPress a key to start!'
15.2202 	EXP 	unnamed TextStim: text = 'Ready? \n\nPress a key to start!'
15.2367 	EXP 	unnamed TextStim: text = 'Ready? \n\nPress a key to start!'
15.2533 	EXP 	unnamed TextStim: text = 'Ready? \n\nPress a key to start!'
15.2699 	EXP 	unnamed TextStim: text = 'Ready? \n\nPress a key to start!'
15.2866 	EXP 	unnamed TextStim: text = 'Ready? \n\nPress a key to start!'
15.3036 	EXP 	unnamed TextStim: text = 'Ready? \n\nPress a key to start!'
15.3203 	EXP 	unnamed TextStim: text = 'Ready? \n\nPress a key to start!'
15.3368 	EXP 	unnamed TextStim: text = 'Ready? \n\nPress a key to start!'
15.3534 	EXP 	unnamed TextStim: text = 'Ready? \n\nPress a key to start!'
15.3701 	EXP 	unnamed TextStim: text = 'Ready? \n\nPress a key to start!'
15.3868 	EXP 	unnamed TextStim: text = 'Ready? \n\nPress a key to start!'
15.4037 	EXP 	unnamed TextStim: text = 'Ready? \n\nPress a key to start!'
15.4200 	EXP 	unnamed TextStim: text = 'Ready? \n\nPress a key to start!'
15.4367 	EXP 	unnamed TextStim: text = 'Ready? \n\nPress a key to start!'
15.4536 	EXP 	unnamed TextStim: text = 'Ready? \n\nPress a key to start!'
15.4698 	EXP 	unnamed TextStim: text = 'Ready? \n\nPress a key to start!'
15.4869 	EXP 	unnamed TextStim: text = 'Ready? \n\nPress a key to start!'
15.5035 	EXP 	unnamed TextStim: text = 'Ready? \n\nPress a key to start!'
15.5201 	EXP 	unnamed TextStim: text = 'Ready? \n\nPress a key to start!'
15.5368 	EXP 	unnamed TextStim: text = 'Ready? \n\nPress a key to start!'
15.5534 	EXP 	unnamed TextStim: text = 'Ready? \n\nPress a key to start!'
15.5699 	EXP 	unnamed TextStim: text = 'Ready? \n\nPress a key to start!'
15.5866 	EXP 	unnamed TextStim: text = 'Ready? \n\nPress a key to start!'
15.6031 	EXP 	unnamed TextStim: text = 'Ready? \n\nPress a key to start!'
15.6202 	EXP 	unnamed TextStim: text = 'Ready? \n\nPress a key to start!'
15.6365 	EXP 	unnamed TextStim: text = 'Ready? \n\nPress a key to start!'
15.6538 	EXP 	unnamed TextStim: text = 'Ready? \n\nPress a key to start!'
15.6698 	EXP 	unnamed TextStim: text = 'Ready? \n\nPress a key to start!'
15.6866 	EXP 	unnamed TextStim: text = 'Ready? \n\nPress a key to start!'
15.7033 	EXP 	unnamed TextStim: text = 'Ready? \n\nPress a key to start!'
15.7201 	EXP 	unnamed TextStim: text = 'Ready? \n\nPress a key to start!'
15.7368 	EXP 	unnamed TextStim: text = 'Ready? \n\nPress a key to start!'
15.7533 	EXP 	unnamed TextStim: text = 'Ready? \n\nPress a key to start!'
15.7698 	EXP 	unnamed TextStim: text = 'Ready? \n\nPress a key to start!'
15.7865 	EXP 	unnamed TextStim: text = 'Ready? \n\nPress a key to start!'
15.8035 	EXP 	unnamed TextStim: text = 'Ready? \n\nPress a key to start!'
15.8200 	EXP 	unnamed TextStim: text = 'Ready? \n\nPress a key to start!'
15.8365 	EXP 	unnamed TextStim: text = 'Ready? \n\nPress a key to start!'
15.8534 	EXP 	unnamed TextStim: text = 'Ready? \n\nPress a key to start!'
15.8698 	EXP 	unnamed TextStim: text = 'Ready? \n\nPress a key to start!'
15.8867 	EXP 	unnamed TextStim: text = 'Ready? \n\nPress a key to start!'
15.9030 	EXP 	unnamed TextStim: text = 'Ready? \n\nPress a key to start!'
15.9200 	EXP 	unnamed TextStim: text = 'Ready? \n\nPress a key to start!'
15.9372 	EXP 	unnamed TextStim: text = 'Ready? \n\nPress a key to start!'
15.9530 	EXP 	unnamed TextStim: text = 'Ready? \n\nPress a key to start!'
15.9699 	EXP 	unnamed TextStim: text = 'Ready? \n\nPress a key to start!'
15.9706 	DATA 	Keypress: space
15.9912 	EXP 	unnamed ImageStim: size = array([8.7890625, 8.7890625])
15.9912 	EXP 	unnamed ImageStim: image = '1.png'
20.4244 	EXP 	unnamed ImageStim: size = array([8.7890625, 8.7890625])
20.4244 	EXP 	unnamed ImageStim: image = '2.png'
24.7235 	EXP 	unnamed ImageStim: size = array([8.7890625, 8.7890625])
24.7235 	EXP 	unnamed ImageStim: image = '3.png'
29.0404 	DATA 	Keypress: escape
29.0417 	DATA 	Keypress: escape
29.1492 	EXP 	window1: mouseVisible = True
