5.5233 	EXP 	Created window1 = Window(allowGUI=True, allowStencil=False, args=UNKNOWN, autoLog=True, bitsMode=UNKNOWN, blendMode='avg', color='white', colorSpace='named', fullscr=UNKNOWN, gamma=None, kwargs=UNKNOWN, lms=UNKNOWN, monitor=<psychopy.monitors.calibTools.Monitor object at 0x00000245A9F38A58>, multiSample=False, name='window1', numSamples=2, pos=[320.0, 180.0], screen=0, size=array([1280,  720]), stereo=False, units='cm', useFBO=False, useRetina=False, viewOri=0.0, viewPos=None, viewScale=None, waitBlanking=True, winType='pyglet')
5.5927 	EXP 	Created unnamed TextStim = TextStim(__class__=<class 'psychopy.visual.text.TextStim'>, alignHoriz='center', alignVert='center', antialias=True, autoLog=True, bold=False, color='black', colorSpace='named', contrast=1.0, depth=0, flipHoriz=False, flipVert=False, font='arial', fontFiles=[], height=1.0, italic=False, name='unnamed TextStim', opacity=1.0, ori=0.0, pos=array([0., 0.]), rgb=array([0., 0., 0.]), text='', units='cm', win=Window(...), wrapWidth=15.0)
5.6082 	EXP 	Created unnamed ImageStim = ImageStim(__class__=<class 'psychopy.visual.image.ImageStim'>, autoLog=True, color=array([1., 1., 1.]), colorSpace='rgb', contrast=1.0, depth=0, flipHoriz=False, flipVert=False, image=None, interpolate=False, mask=None, maskParams=None, name='unnamed ImageStim', opacity=1.0, ori=0.0, pos=array([0., 0.]), size=array([0.5, 0.5]), texRes=128, units='cm', win=Window(...))
5.6097 	EXP 	Created unnamed ImageStim = ImageStim(__class__=<class 'psychopy.visual.image.ImageStim'>, autoLog=True, color=array([1., 1., 1.]), colorSpace='rgb', contrast=1.0, depth=0, flipHoriz=False, flipVert=False, image=None, interpolate=False, mask=None, maskParams=None, name='unnamed ImageStim', opacity=1.0, ori=0.0, pos=array([0., 0.]), size=array([0.5, 0.5]), texRes=128, units='cm', win=Window(...))
5.6113 	EXP 	Created unnamed ImageStim = ImageStim(__class__=<class 'psychopy.visual.image.ImageStim'>, autoLog=True, color=array([1., 1., 1.]), colorSpace='rgb', contrast=1.0, depth=0, flipHoriz=False, flipVert=False, image=None, interpolate=False, mask=None, maskParams=None, name='unnamed ImageStim', opacity=1.0, ori=0.0, pos=array([0., 0.]), size=array([0.5, 0.5]), texRes=128, units='cm', win=Window(...))
5.6641 	EXP 	unnamed ImageStim: pos = array([-8.,  0.])
5.6641 	EXP 	unnamed ImageStim: pos = array([8., 0.])
5.6641 	EXP 	unnamed TextStim: text = 'Welcome to this experiment.\n\nPress any key to continue.'
5.6698 	EXP 	unnamed TextStim: text = 'Welcome to this experiment.\n\nPress any key to continue.'
5.6865 	EXP 	unnamed TextStim: text = 'Welcome to this experiment.\n\nPress any key to continue.'
5.7032 	EXP 	unnamed TextStim: text = 'Welcome to this experiment.\n\nPress any key to continue.'
5.7205 	EXP 	unnamed TextStim: text = 'Welcome to this experiment.\n\nPress any key to continue.'
5.7369 	EXP 	unnamed TextStim: text = 'Welcome to this experiment.\n\nPress any key to continue.'
5.7537 	EXP 	unnamed TextStim: text = 'Welcome to this experiment.\n\nPress any key to continue.'
5.7703 	EXP 	unnamed TextStim: text = 'Welcome to this experiment.\n\nPress any key to continue.'
5.7870 	EXP 	unnamed TextStim: text = 'Welcome to this experiment.\n\nPress any key to continue.'
5.8035 	EXP 	unnamed TextStim: text = 'Welcome to this experiment.\n\nPress any key to continue.'
5.8203 	EXP 	unnamed TextStim: text = 'Welcome to this experiment.\n\nPress any key to continue.'
5.8370 	EXP 	unnamed TextStim: text = 'Welcome to this experiment.\n\nPress any key to continue.'
5.8534 	EXP 	unnamed TextStim: text = 'Welcome to this experiment.\n\nPress any key to continue.'
5.8704 	EXP 	unnamed TextStim: text = 'Welcome to this experiment.\n\nPress any key to continue.'
5.8882 	EXP 	unnamed TextStim: text = 'Welcome to this experiment.\n\nPress any key to continue.'
5.9050 	EXP 	unnamed TextStim: text = 'Welcome to this experiment.\n\nPress any key to continue.'
5.9219 	EXP 	unnamed TextStim: text = 'Welcome to this experiment.\n\nPress any key to continue.'
5.9383 	EXP 	unnamed TextStim: text = 'Welcome to this experiment.\n\nPress any key to continue.'
5.9551 	EXP 	unnamed TextStim: text = 'Welcome to this experiment.\n\nPress any key to continue.'
5.9718 	EXP 	unnamed TextStim: text = 'Welcome to this experiment.\n\nPress any key to continue.'
5.9883 	EXP 	unnamed TextStim: text = 'Welcome to this experiment.\n\nPress any key to continue.'
6.0049 	EXP 	unnamed TextStim: text = 'Welcome to this experiment.\n\nPress any key to continue.'
6.0218 	EXP 	unnamed TextStim: text = 'Welcome to this experiment.\n\nPress any key to continue.'
6.0383 	EXP 	unnamed TextStim: text = 'Welcome to this experiment.\n\nPress any key to continue.'
6.0548 	EXP 	unnamed TextStim: text = 'Welcome to this experiment.\n\nPress any key to continue.'
6.0716 	EXP 	unnamed TextStim: text = 'Welcome to this experiment.\n\nPress any key to continue.'
6.0883 	EXP 	unnamed TextStim: text = 'Welcome to this experiment.\n\nPress any key to continue.'
6.1050 	EXP 	unnamed TextStim: text = 'Welcome to this experiment.\n\nPress any key to continue.'
6.1218 	EXP 	unnamed TextStim: text = 'Welcome to this experiment.\n\nPress any key to continue.'
6.1381 	EXP 	unnamed TextStim: text = 'Welcome to this experiment.\n\nPress any key to continue.'
6.1550 	EXP 	unnamed TextStim: text = 'Welcome to this experiment.\n\nPress any key to continue.'
6.1723 	EXP 	unnamed TextStim: text = 'Welcome to this experiment.\n\nPress any key to continue.'
6.1882 	EXP 	unnamed TextStim: text = 'Welcome to this experiment.\n\nPress any key to continue.'
6.1902 	DATA 	Keypress: space
6.2046 	EXP 	unnamed TextStim: text = 'Welcome to this experiment.\n\nPress any key to continue.'
6.2530 	EXP 	unnamed TextStim: text = 'You will get to see pictures. \n\nYour task is to name the pictures as quickly as possible.'
6.2694 	EXP 	unnamed TextStim: text = 'You will get to see pictures. \n\nYour task is to name the pictures as quickly as possible.'
6.2863 	EXP 	unnamed TextStim: text = 'You will get to see pictures. \n\nYour task is to name the pictures as quickly as possible.'
6.3044 	EXP 	unnamed TextStim: text = 'You will get to see pictures. \n\nYour task is to name the pictures as quickly as possible.'
6.3216 	EXP 	unnamed TextStim: text = 'You will get to see pictures. \n\nYour task is to name the pictures as quickly as possible.'
6.3379 	EXP 	unnamed TextStim: text = 'You will get to see pictures. \n\nYour task is to name the pictures as quickly as possible.'
6.3548 	EXP 	unnamed TextStim: text = 'You will get to see pictures. \n\nYour task is to name the pictures as quickly as possible.'
6.3715 	EXP 	unnamed TextStim: text = 'You will get to see pictures. \n\nYour task is to name the pictures as quickly as possible.'
6.3880 	EXP 	unnamed TextStim: text = 'You will get to see pictures. \n\nYour task is to name the pictures as quickly as possible.'
6.4049 	EXP 	unnamed TextStim: text = 'You will get to see pictures. \n\nYour task is to name the pictures as quickly as possible.'
6.4214 	EXP 	unnamed TextStim: text = 'You will get to see pictures. \n\nYour task is to name the pictures as quickly as possible.'
6.4381 	EXP 	unnamed TextStim: text = 'You will get to see pictures. \n\nYour task is to name the pictures as quickly as possible.'
6.4548 	EXP 	unnamed TextStim: text = 'You will get to see pictures. \n\nYour task is to name the pictures as quickly as possible.'
6.4714 	EXP 	unnamed TextStim: text = 'You will get to see pictures. \n\nYour task is to name the pictures as quickly as possible.'
6.4880 	EXP 	unnamed TextStim: text = 'You will get to see pictures. \n\nYour task is to name the pictures as quickly as possible.'
6.5045 	EXP 	unnamed TextStim: text = 'You will get to see pictures. \n\nYour task is to name the pictures as quickly as possible.'
6.5217 	EXP 	unnamed TextStim: text = 'You will get to see pictures. \n\nYour task is to name the pictures as quickly as possible.'
6.5381 	EXP 	unnamed TextStim: text = 'You will get to see pictures. \n\nYour task is to name the pictures as quickly as possible.'
6.5545 	EXP 	unnamed TextStim: text = 'You will get to see pictures. \n\nYour task is to name the pictures as quickly as possible.'
6.5716 	EXP 	unnamed TextStim: text = 'You will get to see pictures. \n\nYour task is to name the pictures as quickly as possible.'
6.5880 	EXP 	unnamed TextStim: text = 'You will get to see pictures. \n\nYour task is to name the pictures as quickly as possible.'
6.6046 	EXP 	unnamed TextStim: text = 'You will get to see pictures. \n\nYour task is to name the pictures as quickly as possible.'
6.6215 	EXP 	unnamed TextStim: text = 'You will get to see pictures. \n\nYour task is to name the pictures as quickly as possible.'
6.6383 	EXP 	unnamed TextStim: text = 'You will get to see pictures. \n\nYour task is to name the pictures as quickly as possible.'
6.6546 	EXP 	unnamed TextStim: text = 'You will get to see pictures. \n\nYour task is to name the pictures as quickly as possible.'
6.6715 	EXP 	unnamed TextStim: text = 'You will get to see pictures. \n\nYour task is to name the pictures as quickly as possible.'
6.6878 	EXP 	unnamed TextStim: text = 'You will get to see pictures. \n\nYour task is to name the pictures as quickly as possible.'
6.7046 	EXP 	unnamed TextStim: text = 'You will get to see pictures. \n\nYour task is to name the pictures as quickly as possible.'
6.7215 	EXP 	unnamed TextStim: text = 'You will get to see pictures. \n\nYour task is to name the pictures as quickly as possible.'
6.7379 	EXP 	unnamed TextStim: text = 'You will get to see pictures. \n\nYour task is to name the pictures as quickly as possible.'
6.7546 	EXP 	unnamed TextStim: text = 'You will get to see pictures. \n\nYour task is to name the pictures as quickly as possible.'
6.7711 	EXP 	unnamed TextStim: text = 'You will get to see pictures. \n\nYour task is to name the pictures as quickly as possible.'
6.7879 	EXP 	unnamed TextStim: text = 'You will get to see pictures. \n\nYour task is to name the pictures as quickly as possible.'
6.8046 	EXP 	unnamed TextStim: text = 'You will get to see pictures. \n\nYour task is to name the pictures as quickly as possible.'
6.8213 	EXP 	unnamed TextStim: text = 'You will get to see pictures. \n\nYour task is to name the pictures as quickly as possible.'
6.8380 	EXP 	unnamed TextStim: text = 'You will get to see pictures. \n\nYour task is to name the pictures as quickly as possible.'
6.8386 	DATA 	Keypress: space
6.8710 	EXP 	unnamed TextStim: text = 'However, there is a catch.'
6.8865 	EXP 	unnamed TextStim: text = 'However, there is a catch.'
6.9032 	EXP 	unnamed TextStim: text = 'However, there is a catch.'
6.9199 	EXP 	unnamed TextStim: text = 'However, there is a catch.'
6.9367 	EXP 	unnamed TextStim: text = 'However, there is a catch.'
6.9531 	EXP 	unnamed TextStim: text = 'However, there is a catch.'
6.9698 	EXP 	unnamed TextStim: text = 'However, there is a catch.'
6.9865 	EXP 	unnamed TextStim: text = 'However, there is a catch.'
7.0031 	EXP 	unnamed TextStim: text = 'However, there is a catch.'
7.0198 	EXP 	unnamed TextStim: text = 'However, there is a catch.'
7.0202 	DATA 	Keypress: space
7.0528 	EXP 	unnamed TextStim: text = 'If you see a picture on the LEFT side of the screen, name the picture in English.'
7.0698 	EXP 	unnamed TextStim: text = 'If you see a picture on the LEFT side of the screen, name the picture in English.'
7.0863 	EXP 	unnamed TextStim: text = 'If you see a picture on the LEFT side of the screen, name the picture in English.'
7.1030 	EXP 	unnamed TextStim: text = 'If you see a picture on the LEFT side of the screen, name the picture in English.'
7.1197 	EXP 	unnamed TextStim: text = 'If you see a picture on the LEFT side of the screen, name the picture in English.'
7.1361 	EXP 	unnamed TextStim: text = 'If you see a picture on the LEFT side of the screen, name the picture in English.'
7.1530 	EXP 	unnamed TextStim: text = 'If you see a picture on the LEFT side of the screen, name the picture in English.'
7.1695 	EXP 	unnamed TextStim: text = 'If you see a picture on the LEFT side of the screen, name the picture in English.'
7.1863 	EXP 	unnamed TextStim: text = 'If you see a picture on the LEFT side of the screen, name the picture in English.'
7.2029 	EXP 	unnamed TextStim: text = 'If you see a picture on the LEFT side of the screen, name the picture in English.'
7.2032 	DATA 	Keypress: space
7.2706 	EXP 	unnamed TextStim: text = 'If you see a picture on the RIGHT side of the screen, name the picture in Dutch.'
7.2859 	EXP 	unnamed TextStim: text = 'If you see a picture on the RIGHT side of the screen, name the picture in Dutch.'
7.3026 	EXP 	unnamed TextStim: text = 'If you see a picture on the RIGHT side of the screen, name the picture in Dutch.'
7.3192 	EXP 	unnamed TextStim: text = 'If you see a picture on the RIGHT side of the screen, name the picture in Dutch.'
7.3356 	EXP 	unnamed TextStim: text = 'If you see a picture on the RIGHT side of the screen, name the picture in Dutch.'
7.3534 	EXP 	unnamed TextStim: text = 'If you see a picture on the RIGHT side of the screen, name the picture in Dutch.'
7.3705 	EXP 	unnamed TextStim: text = 'If you see a picture on the RIGHT side of the screen, name the picture in Dutch.'
7.3873 	EXP 	unnamed TextStim: text = 'If you see a picture on the RIGHT side of the screen, name the picture in Dutch.'
7.4038 	EXP 	unnamed TextStim: text = 'If you see a picture on the RIGHT side of the screen, name the picture in Dutch.'
7.4206 	EXP 	unnamed TextStim: text = 'If you see a picture on the RIGHT side of the screen, name the picture in Dutch.'
7.4371 	EXP 	unnamed TextStim: text = 'If you see a picture on the RIGHT side of the screen, name the picture in Dutch.'
7.4538 	EXP 	unnamed TextStim: text = 'If you see a picture on the RIGHT side of the screen, name the picture in Dutch.'
7.4705 	EXP 	unnamed TextStim: text = 'If you see a picture on the RIGHT side of the screen, name the picture in Dutch.'
7.4873 	EXP 	unnamed TextStim: text = 'If you see a picture on the RIGHT side of the screen, name the picture in Dutch.'
7.5039 	EXP 	unnamed TextStim: text = 'If you see a picture on the RIGHT side of the screen, name the picture in Dutch.'
7.5206 	EXP 	unnamed TextStim: text = 'If you see a picture on the RIGHT side of the screen, name the picture in Dutch.'
7.5375 	EXP 	unnamed TextStim: text = 'If you see a picture on the RIGHT side of the screen, name the picture in Dutch.'
7.5541 	EXP 	unnamed TextStim: text = 'If you see a picture on the RIGHT side of the screen, name the picture in Dutch.'
7.5705 	EXP 	unnamed TextStim: text = 'If you see a picture on the RIGHT side of the screen, name the picture in Dutch.'
7.5874 	EXP 	unnamed TextStim: text = 'If you see a picture on the RIGHT side of the screen, name the picture in Dutch.'
7.6040 	EXP 	unnamed TextStim: text = 'If you see a picture on the RIGHT side of the screen, name the picture in Dutch.'
7.6208 	EXP 	unnamed TextStim: text = 'If you see a picture on the RIGHT side of the screen, name the picture in Dutch.'
7.6217 	DATA 	Keypress: space
7.6591 	EXP 	unnamed TextStim: text = 'Ready? \n\nPress a key to start!'
7.6705 	EXP 	unnamed TextStim: text = 'Ready? \n\nPress a key to start!'
7.6860 	EXP 	unnamed TextStim: text = 'Ready? \n\nPress a key to start!'
7.7025 	EXP 	unnamed TextStim: text = 'Ready? \n\nPress a key to start!'
7.7197 	EXP 	unnamed TextStim: text = 'Ready? \n\nPress a key to start!'
7.7364 	EXP 	unnamed TextStim: text = 'Ready? \n\nPress a key to start!'
7.7531 	EXP 	unnamed TextStim: text = 'Ready? \n\nPress a key to start!'
7.7697 	EXP 	unnamed TextStim: text = 'Ready? \n\nPress a key to start!'
7.7864 	EXP 	unnamed TextStim: text = 'Ready? \n\nPress a key to start!'
7.8040 	EXP 	unnamed TextStim: text = 'Ready? \n\nPress a key to start!'
7.8208 	EXP 	unnamed TextStim: text = 'Ready? \n\nPress a key to start!'
7.8376 	EXP 	unnamed TextStim: text = 'Ready? \n\nPress a key to start!'
7.8541 	EXP 	unnamed TextStim: text = 'Ready? \n\nPress a key to start!'
7.8705 	EXP 	unnamed TextStim: text = 'Ready? \n\nPress a key to start!'
7.8876 	EXP 	unnamed TextStim: text = 'Ready? \n\nPress a key to start!'
7.9041 	EXP 	unnamed TextStim: text = 'Ready? \n\nPress a key to start!'
7.9207 	EXP 	unnamed TextStim: text = 'Ready? \n\nPress a key to start!'
7.9373 	EXP 	unnamed TextStim: text = 'Ready? \n\nPress a key to start!'
7.9540 	EXP 	unnamed TextStim: text = 'Ready? \n\nPress a key to start!'
7.9706 	EXP 	unnamed TextStim: text = 'Ready? \n\nPress a key to start!'
7.9873 	EXP 	unnamed TextStim: text = 'Ready? \n\nPress a key to start!'
8.0039 	EXP 	unnamed TextStim: text = 'Ready? \n\nPress a key to start!'
8.0206 	EXP 	unnamed TextStim: text = 'Ready? \n\nPress a key to start!'
8.0373 	EXP 	unnamed TextStim: text = 'Ready? \n\nPress a key to start!'
8.0380 	DATA 	Keypress: space
8.0590 	EXP 	unnamed ImageStim: size = array([8.7890625, 8.7890625])
8.0590 	EXP 	unnamed ImageStim: image = '1.png'
12.4844 	EXP 	window1: mouseVisible = True
