5.4688 	EXP 	Created window1 = Window(allowGUI=True, allowStencil=False, args=UNKNOWN, autoLog=True, bitsMode=UNKNOWN, blendMode='avg', color='white', colorSpace='named', fullscr=UNKNOWN, gamma=None, kwargs=UNKNOWN, lms=UNKNOWN, monitor=<psychopy.monitors.calibTools.Monitor object at 0x000001FAB2E38A58>, multiSample=False, name='window1', numSamples=2, pos=[320.0, 180.0], screen=0, size=array([1280,  720]), stereo=False, units='cm', useFBO=False, useRetina=False, viewOri=0.0, viewPos=None, viewScale=None, waitBlanking=True, winType='pyglet')
5.5315 	EXP 	Created unnamed TextStim = TextStim(__class__=<class 'psychopy.visual.text.TextStim'>, alignHoriz='center', alignVert='center', antialias=True, autoLog=True, bold=False, color='black', colorSpace='named', contrast=1.0, depth=0, flipHoriz=False, flipVert=False, font='arial', fontFiles=[], height=1.0, italic=False, name='unnamed TextStim', opacity=1.0, ori=0.0, pos=array([0., 0.]), rgb=array([0., 0., 0.]), text='', units='cm', win=Window(...), wrapWidth=15.0)
5.5492 	EXP 	Created unnamed ImageStim = ImageStim(__class__=<class 'psychopy.visual.image.ImageStim'>, autoLog=True, color=array([1., 1., 1.]), colorSpace='rgb', contrast=1.0, depth=0, flipHoriz=False, flipVert=False, image=None, interpolate=False, mask=None, maskParams=None, name='unnamed ImageStim', opacity=1.0, ori=0.0, pos=array([0., 0.]), size=array([0.5, 0.5]), texRes=128, units='cm', win=Window(...))
5.5507 	EXP 	Created unnamed ImageStim = ImageStim(__class__=<class 'psychopy.visual.image.ImageStim'>, autoLog=True, color=array([1., 1., 1.]), colorSpace='rgb', contrast=1.0, depth=0, flipHoriz=False, flipVert=False, image=None, interpolate=False, mask=None, maskParams=None, name='unnamed ImageStim', opacity=1.0, ori=0.0, pos=array([0., 0.]), size=array([0.5, 0.5]), texRes=128, units='cm', win=Window(...))
5.5523 	EXP 	Created unnamed ImageStim = ImageStim(__class__=<class 'psychopy.visual.image.ImageStim'>, autoLog=True, color=array([1., 1., 1.]), colorSpace='rgb', contrast=1.0, depth=0, flipHoriz=False, flipVert=False, image=None, interpolate=False, mask=None, maskParams=None, name='unnamed ImageStim', opacity=1.0, ori=0.0, pos=array([0., 0.]), size=array([0.5, 0.5]), texRes=128, units='cm', win=Window(...))
5.6060 	EXP 	unnamed ImageStim: pos = array([-8.,  0.])
5.6060 	EXP 	unnamed ImageStim: pos = array([8., 0.])
5.6060 	EXP 	unnamed TextStim: text = 'Welcome to this experiment.\n\nPress any key to continue.'
5.6179 	EXP 	unnamed TextStim: text = 'Welcome to this experiment.\n\nPress any key to continue.'
5.6347 	EXP 	unnamed TextStim: text = 'Welcome to this experiment.\n\nPress any key to continue.'
5.6513 	EXP 	unnamed TextStim: text = 'Welcome to this experiment.\n\nPress any key to continue.'
5.6686 	EXP 	unnamed TextStim: text = 'Welcome to this experiment.\n\nPress any key to continue.'
5.6850 	EXP 	unnamed TextStim: text = 'Welcome to this experiment.\n\nPress any key to continue.'
5.7016 	EXP 	unnamed TextStim: text = 'Welcome to this experiment.\n\nPress any key to continue.'
5.7184 	EXP 	unnamed TextStim: text = 'Welcome to this experiment.\n\nPress any key to continue.'
5.7348 	EXP 	unnamed TextStim: text = 'Welcome to this experiment.\n\nPress any key to continue.'
5.7516 	EXP 	unnamed TextStim: text = 'Welcome to this experiment.\n\nPress any key to continue.'
5.7680 	EXP 	unnamed TextStim: text = 'Welcome to this experiment.\n\nPress any key to continue.'
5.7846 	EXP 	unnamed TextStim: text = 'Welcome to this experiment.\n\nPress any key to continue.'
5.8012 	EXP 	unnamed TextStim: text = 'Welcome to this experiment.\n\nPress any key to continue.'
5.8178 	EXP 	unnamed TextStim: text = 'Welcome to this experiment.\n\nPress any key to continue.'
5.8345 	EXP 	unnamed TextStim: text = 'Welcome to this experiment.\n\nPress any key to continue.'
5.8512 	EXP 	unnamed TextStim: text = 'Welcome to this experiment.\n\nPress any key to continue.'
5.8682 	EXP 	unnamed TextStim: text = 'Welcome to this experiment.\n\nPress any key to continue.'
5.8847 	EXP 	unnamed TextStim: text = 'Welcome to this experiment.\n\nPress any key to continue.'
5.9017 	EXP 	unnamed TextStim: text = 'Welcome to this experiment.\n\nPress any key to continue.'
5.9182 	EXP 	unnamed TextStim: text = 'Welcome to this experiment.\n\nPress any key to continue.'
5.9346 	EXP 	unnamed TextStim: text = 'Welcome to this experiment.\n\nPress any key to continue.'
5.9510 	EXP 	unnamed TextStim: text = 'Welcome to this experiment.\n\nPress any key to continue.'
5.9678 	EXP 	unnamed TextStim: text = 'Welcome to this experiment.\n\nPress any key to continue.'
5.9845 	EXP 	unnamed TextStim: text = 'Welcome to this experiment.\n\nPress any key to continue.'
6.0015 	EXP 	unnamed TextStim: text = 'Welcome to this experiment.\n\nPress any key to continue.'
6.0179 	EXP 	unnamed TextStim: text = 'Welcome to this experiment.\n\nPress any key to continue.'
6.0346 	EXP 	unnamed TextStim: text = 'Welcome to this experiment.\n\nPress any key to continue.'
6.0512 	EXP 	unnamed TextStim: text = 'Welcome to this experiment.\n\nPress any key to continue.'
6.0517 	DATA 	Keypress: space
6.0837 	EXP 	unnamed TextStim: text = 'You will get to see pictures. \n\nYour task is to name the pictures as quickly as possible.'
6.1012 	EXP 	unnamed TextStim: text = 'You will get to see pictures. \n\nYour task is to name the pictures as quickly as possible.'
6.1180 	EXP 	unnamed TextStim: text = 'You will get to see pictures. \n\nYour task is to name the pictures as quickly as possible.'
6.1348 	EXP 	unnamed TextStim: text = 'You will get to see pictures. \n\nYour task is to name the pictures as quickly as possible.'
6.1510 	EXP 	unnamed TextStim: text = 'You will get to see pictures. \n\nYour task is to name the pictures as quickly as possible.'
6.1679 	EXP 	unnamed TextStim: text = 'You will get to see pictures. \n\nYour task is to name the pictures as quickly as possible.'
6.1844 	EXP 	unnamed TextStim: text = 'You will get to see pictures. \n\nYour task is to name the pictures as quickly as possible.'
6.2011 	EXP 	unnamed TextStim: text = 'You will get to see pictures. \n\nYour task is to name the pictures as quickly as possible.'
6.2178 	EXP 	unnamed TextStim: text = 'You will get to see pictures. \n\nYour task is to name the pictures as quickly as possible.'
6.2182 	DATA 	Keypress: space
6.2349 	EXP 	unnamed TextStim: text = 'However, there is a catch.'
6.2514 	EXP 	unnamed TextStim: text = 'However, there is a catch.'
6.2680 	EXP 	unnamed TextStim: text = 'However, there is a catch.'
6.2842 	EXP 	unnamed TextStim: text = 'However, there is a catch.'
6.3017 	EXP 	unnamed TextStim: text = 'However, there is a catch.'
6.3176 	EXP 	unnamed TextStim: text = 'However, there is a catch.'
6.3343 	EXP 	unnamed TextStim: text = 'However, there is a catch.'
6.3510 	EXP 	unnamed TextStim: text = 'However, there is a catch.'
6.3677 	EXP 	unnamed TextStim: text = 'However, there is a catch.'
6.3842 	EXP 	unnamed TextStim: text = 'However, there is a catch.'
6.3847 	DATA 	Keypress: space
6.4189 	EXP 	unnamed TextStim: text = 'If you see a picture on the LEFT side of the screen, name the picture in English.'
6.4343 	EXP 	unnamed TextStim: text = 'If you see a picture on the LEFT side of the screen, name the picture in English.'
6.4511 	EXP 	unnamed TextStim: text = 'If you see a picture on the LEFT side of the screen, name the picture in English.'
6.4678 	EXP 	unnamed TextStim: text = 'If you see a picture on the LEFT side of the screen, name the picture in English.'
6.4845 	EXP 	unnamed TextStim: text = 'If you see a picture on the LEFT side of the screen, name the picture in English.'
6.5007 	EXP 	unnamed TextStim: text = 'If you see a picture on the LEFT side of the screen, name the picture in English.'
6.5174 	EXP 	unnamed TextStim: text = 'If you see a picture on the LEFT side of the screen, name the picture in English.'
6.5344 	EXP 	unnamed TextStim: text = 'If you see a picture on the LEFT side of the screen, name the picture in English.'
6.5510 	EXP 	unnamed TextStim: text = 'If you see a picture on the LEFT side of the screen, name the picture in English.'
6.5675 	EXP 	unnamed TextStim: text = 'If you see a picture on the LEFT side of the screen, name the picture in English.'
6.5679 	DATA 	Keypress: space
6.6383 	EXP 	unnamed TextStim: text = 'If you see a picture on the RIGHT side of the screen, name the picture in Dutch.'
6.6508 	EXP 	unnamed TextStim: text = 'If you see a picture on the RIGHT side of the screen, name the picture in Dutch.'
6.6678 	EXP 	unnamed TextStim: text = 'If you see a picture on the RIGHT side of the screen, name the picture in Dutch.'
6.6844 	EXP 	unnamed TextStim: text = 'If you see a picture on the RIGHT side of the screen, name the picture in Dutch.'
6.7010 	EXP 	unnamed TextStim: text = 'If you see a picture on the RIGHT side of the screen, name the picture in Dutch.'
6.7176 	EXP 	unnamed TextStim: text = 'If you see a picture on the RIGHT side of the screen, name the picture in Dutch.'
6.7343 	EXP 	unnamed TextStim: text = 'If you see a picture on the RIGHT side of the screen, name the picture in Dutch.'
6.7511 	EXP 	unnamed TextStim: text = 'If you see a picture on the RIGHT side of the screen, name the picture in Dutch.'
6.7675 	EXP 	unnamed TextStim: text = 'If you see a picture on the RIGHT side of the screen, name the picture in Dutch.'
6.7842 	EXP 	unnamed TextStim: text = 'If you see a picture on the RIGHT side of the screen, name the picture in Dutch.'
6.7846 	DATA 	Keypress: space
6.8051 	EXP 	unnamed TextStim: text = 'Ready? \n\nPress a key to start!'
6.8177 	EXP 	unnamed TextStim: text = 'Ready? \n\nPress a key to start!'
6.8343 	EXP 	unnamed TextStim: text = 'Ready? \n\nPress a key to start!'
6.8509 	EXP 	unnamed TextStim: text = 'Ready? \n\nPress a key to start!'
6.8673 	EXP 	unnamed TextStim: text = 'Ready? \n\nPress a key to start!'
6.8846 	EXP 	unnamed TextStim: text = 'Ready? \n\nPress a key to start!'
6.9004 	EXP 	unnamed TextStim: text = 'Ready? \n\nPress a key to start!'
6.9175 	EXP 	unnamed TextStim: text = 'Ready? \n\nPress a key to start!'
6.9343 	EXP 	unnamed TextStim: text = 'Ready? \n\nPress a key to start!'
6.9505 	EXP 	unnamed TextStim: text = 'Ready? \n\nPress a key to start!'
6.9673 	EXP 	unnamed TextStim: text = 'Ready? \n\nPress a key to start!'
6.9841 	EXP 	unnamed TextStim: text = 'Ready? \n\nPress a key to start!'
7.0008 	EXP 	unnamed TextStim: text = 'Ready? \n\nPress a key to start!'
7.0174 	EXP 	unnamed TextStim: text = 'Ready? \n\nPress a key to start!'
7.0340 	EXP 	unnamed TextStim: text = 'Ready? \n\nPress a key to start!'
7.0508 	EXP 	unnamed TextStim: text = 'Ready? \n\nPress a key to start!'
7.0674 	EXP 	unnamed TextStim: text = 'Ready? \n\nPress a key to start!'
7.0838 	EXP 	unnamed TextStim: text = 'Ready? \n\nPress a key to start!'
7.1009 	EXP 	unnamed TextStim: text = 'Ready? \n\nPress a key to start!'
7.1171 	EXP 	unnamed TextStim: text = 'Ready? \n\nPress a key to start!'
7.1339 	EXP 	unnamed TextStim: text = 'Ready? \n\nPress a key to start!'
7.1508 	EXP 	unnamed TextStim: text = 'Ready? \n\nPress a key to start!'
7.1670 	EXP 	unnamed TextStim: text = 'Ready? \n\nPress a key to start!'
7.1841 	EXP 	unnamed TextStim: text = 'Ready? \n\nPress a key to start!'
7.1844 	DATA 	Keypress: space
7.2006 	EXP 	unnamed ImageStim: size = array([8.7890625, 8.7890625])
7.2006 	EXP 	unnamed ImageStim: image = '1.png'
11.6494 	EXP 	unnamed ImageStim: size = array([8.7890625, 8.7890625])
11.6494 	EXP 	unnamed ImageStim: image = '2.png'
16.0201 	EXP 	unnamed ImageStim: size = array([8.7890625, 8.7890625])
16.0201 	EXP 	unnamed ImageStim: image = '3.png'
20.4053 	EXP 	unnamed ImageStim: size = array([8.7890625, 8.7890625])
20.4053 	EXP 	unnamed ImageStim: image = '4.png'
24.7650 	EXP 	unnamed ImageStim: size = array([8.7890625, 8.7890625])
24.7650 	EXP 	unnamed ImageStim: image = '5.png'
29.1474 	EXP 	unnamed ImageStim: size = array([8.7890625, 8.7890625])
29.1474 	EXP 	unnamed ImageStim: image = '6.png'
33.4987 	EXP 	unnamed ImageStim: size = array([8.7890625, 8.7890625])
33.4987 	EXP 	unnamed ImageStim: image = '7.png'
37.9223 	EXP 	window1: mouseVisible = True
