5.6081 	EXP 	Created window1 = Window(allowGUI=True, allowStencil=False, args=UNKNOWN, autoLog=True, bitsMode=UNKNOWN, blendMode='avg', color='white', colorSpace='named', fullscr=UNKNOWN, gamma=None, kwargs=UNKNOWN, lms=UNKNOWN, monitor=<psychopy.monitors.calibTools.Monitor object at 0x000001760E7E8AC8>, multiSample=False, name='window1', numSamples=2, pos=[320.0, 180.0], screen=0, size=array([1280,  720]), stereo=False, units='cm', useFBO=False, useRetina=False, viewOri=0.0, viewPos=None, viewScale=None, waitBlanking=True, winType='pyglet')
5.7070 	EXP 	Created unnamed TextStim = TextStim(__class__=<class 'psychopy.visual.text.TextStim'>, alignHoriz='center', alignVert='center', antialias=True, autoLog=True, bold=False, color='black', colorSpace='named', contrast=1.0, depth=0, flipHoriz=False, flipVert=False, font='arial', fontFiles=[], height=1.0, italic=False, name='unnamed TextStim', opacity=1.0, ori=0.0, pos=array([0., 0.]), rgb=array([0., 0., 0.]), text='', units='cm', win=Window(...), wrapWidth=15.0)
5.7298 	EXP 	Created unnamed ImageStim = ImageStim(__class__=<class 'psychopy.visual.image.ImageStim'>, autoLog=True, color=array([1., 1., 1.]), colorSpace='rgb', contrast=1.0, depth=0, flipHoriz=False, flipVert=False, image=None, interpolate=False, mask=None, maskParams=None, name='unnamed ImageStim', opacity=1.0, ori=0.0, pos=array([0., 0.]), size=array([0.5, 0.5]), texRes=128, units='cm', win=Window(...))
5.7318 	EXP 	Created unnamed ImageStim = ImageStim(__class__=<class 'psychopy.visual.image.ImageStim'>, autoLog=True, color=array([1., 1., 1.]), colorSpace='rgb', contrast=1.0, depth=0, flipHoriz=False, flipVert=False, image=None, interpolate=False, mask=None, maskParams=None, name='unnamed ImageStim', opacity=1.0, ori=0.0, pos=array([0., 0.]), size=array([0.5, 0.5]), texRes=128, units='cm', win=Window(...))
5.7341 	EXP 	Created unnamed ImageStim = ImageStim(__class__=<class 'psychopy.visual.image.ImageStim'>, autoLog=True, color=array([1., 1., 1.]), colorSpace='rgb', contrast=1.0, depth=0, flipHoriz=False, flipVert=False, image=None, interpolate=False, mask=None, maskParams=None, name='unnamed ImageStim', opacity=1.0, ori=0.0, pos=array([0., 0.]), size=array([0.5, 0.5]), texRes=128, units='cm', win=Window(...))
5.8089 	EXP 	unnamed ImageStim: pos = array([-8.,  0.])
5.8089 	EXP 	unnamed ImageStim: pos = array([8., 0.])
5.8089 	EXP 	unnamed TextStim: text = 'Welcome to this experiment.\n\nPress any key to continue.'
5.8213 	EXP 	unnamed TextStim: text = 'Welcome to this experiment.\n\nPress any key to continue.'
5.8382 	EXP 	unnamed TextStim: text = 'Welcome to this experiment.\n\nPress any key to continue.'
5.8568 	EXP 	unnamed TextStim: text = 'Welcome to this experiment.\n\nPress any key to continue.'
5.8734 	EXP 	unnamed TextStim: text = 'Welcome to this experiment.\n\nPress any key to continue.'
5.8901 	EXP 	unnamed TextStim: text = 'Welcome to this experiment.\n\nPress any key to continue.'
5.9069 	EXP 	unnamed TextStim: text = 'Welcome to this experiment.\n\nPress any key to continue.'
5.9235 	EXP 	unnamed TextStim: text = 'Welcome to this experiment.\n\nPress any key to continue.'
5.9403 	EXP 	unnamed TextStim: text = 'Welcome to this experiment.\n\nPress any key to continue.'
5.9572 	EXP 	unnamed TextStim: text = 'Welcome to this experiment.\n\nPress any key to continue.'
5.9733 	EXP 	unnamed TextStim: text = 'Welcome to this experiment.\n\nPress any key to continue.'
5.9900 	EXP 	unnamed TextStim: text = 'Welcome to this experiment.\n\nPress any key to continue.'
6.0068 	EXP 	unnamed TextStim: text = 'Welcome to this experiment.\n\nPress any key to continue.'
6.0234 	EXP 	unnamed TextStim: text = 'Welcome to this experiment.\n\nPress any key to continue.'
6.0399 	EXP 	unnamed TextStim: text = 'Welcome to this experiment.\n\nPress any key to continue.'
6.0565 	EXP 	unnamed TextStim: text = 'Welcome to this experiment.\n\nPress any key to continue.'
6.0734 	EXP 	unnamed TextStim: text = 'Welcome to this experiment.\n\nPress any key to continue.'
6.0903 	EXP 	unnamed TextStim: text = 'Welcome to this experiment.\n\nPress any key to continue.'
6.1066 	EXP 	unnamed TextStim: text = 'Welcome to this experiment.\n\nPress any key to continue.'
6.1233 	EXP 	unnamed TextStim: text = 'Welcome to this experiment.\n\nPress any key to continue.'
6.1400 	EXP 	unnamed TextStim: text = 'Welcome to this experiment.\n\nPress any key to continue.'
6.1565 	EXP 	unnamed TextStim: text = 'Welcome to this experiment.\n\nPress any key to continue.'
6.1733 	EXP 	unnamed TextStim: text = 'Welcome to this experiment.\n\nPress any key to continue.'
6.1899 	EXP 	unnamed TextStim: text = 'Welcome to this experiment.\n\nPress any key to continue.'
6.2065 	EXP 	unnamed TextStim: text = 'Welcome to this experiment.\n\nPress any key to continue.'
6.2232 	EXP 	unnamed TextStim: text = 'Welcome to this experiment.\n\nPress any key to continue.'
6.2400 	EXP 	unnamed TextStim: text = 'Welcome to this experiment.\n\nPress any key to continue.'
6.2568 	EXP 	unnamed TextStim: text = 'Welcome to this experiment.\n\nPress any key to continue.'
6.2732 	EXP 	unnamed TextStim: text = 'Welcome to this experiment.\n\nPress any key to continue.'
6.2900 	EXP 	unnamed TextStim: text = 'Welcome to this experiment.\n\nPress any key to continue.'
6.3066 	EXP 	unnamed TextStim: text = 'Welcome to this experiment.\n\nPress any key to continue.'
6.3233 	EXP 	unnamed TextStim: text = 'Welcome to this experiment.\n\nPress any key to continue.'
6.3240 	DATA 	Keypress: space
6.3880 	EXP 	unnamed TextStim: text = 'You will get to see pictures. \n\nYour task is to name the pictures as quickly as possible.'
6.4049 	EXP 	unnamed TextStim: text = 'You will get to see pictures. \n\nYour task is to name the pictures as quickly as possible.'
6.4216 	EXP 	unnamed TextStim: text = 'You will get to see pictures. \n\nYour task is to name the pictures as quickly as possible.'
6.4382 	EXP 	unnamed TextStim: text = 'You will get to see pictures. \n\nYour task is to name the pictures as quickly as possible.'
6.4556 	EXP 	unnamed TextStim: text = 'You will get to see pictures. \n\nYour task is to name the pictures as quickly as possible.'
6.4731 	EXP 	unnamed TextStim: text = 'You will get to see pictures. \n\nYour task is to name the pictures as quickly as possible.'
6.4738 	DATA 	Keypress: space
6.5115 	EXP 	unnamed TextStim: text = 'However, there is a catch.'
6.5235 	EXP 	unnamed TextStim: text = 'However, there is a catch.'
6.5393 	EXP 	unnamed TextStim: text = 'However, there is a catch.'
6.5563 	EXP 	unnamed TextStim: text = 'However, there is a catch.'
6.5728 	EXP 	unnamed TextStim: text = 'However, there is a catch.'
6.5893 	EXP 	unnamed TextStim: text = 'However, there is a catch.'
6.6064 	EXP 	unnamed TextStim: text = 'However, there is a catch.'
6.6228 	EXP 	unnamed TextStim: text = 'However, there is a catch.'
6.6397 	EXP 	unnamed TextStim: text = 'However, there is a catch.'
6.6404 	DATA 	Keypress: space
6.7032 	EXP 	unnamed TextStim: text = 'If you see a picture on the LEFT side of the screen, name the picture in English.'
6.7224 	EXP 	unnamed TextStim: text = 'If you see a picture on the LEFT side of the screen, name the picture in English.'
6.7383 	EXP 	unnamed TextStim: text = 'If you see a picture on the LEFT side of the screen, name the picture in English.'
6.7555 	EXP 	unnamed TextStim: text = 'If you see a picture on the LEFT side of the screen, name the picture in English.'
6.7721 	EXP 	unnamed TextStim: text = 'If you see a picture on the LEFT side of the screen, name the picture in English.'
6.7886 	EXP 	unnamed TextStim: text = 'If you see a picture on the LEFT side of the screen, name the picture in English.'
6.8065 	EXP 	unnamed TextStim: text = 'If you see a picture on the LEFT side of the screen, name the picture in English.'
6.8072 	DATA 	Keypress: space
6.9039 	EXP 	unnamed TextStim: text = 'If you see a picture on the RIGHT side of the screen, name the picture in Dutch.'
6.9209 	EXP 	unnamed TextStim: text = 'If you see a picture on the RIGHT side of the screen, name the picture in Dutch.'
6.9376 	EXP 	unnamed TextStim: text = 'If you see a picture on the RIGHT side of the screen, name the picture in Dutch.'
6.9549 	EXP 	unnamed TextStim: text = 'If you see a picture on the RIGHT side of the screen, name the picture in Dutch.'
6.9713 	EXP 	unnamed TextStim: text = 'If you see a picture on the RIGHT side of the screen, name the picture in Dutch.'
6.9895 	EXP 	unnamed TextStim: text = 'If you see a picture on the RIGHT side of the screen, name the picture in Dutch.'
7.0061 	EXP 	unnamed TextStim: text = 'If you see a picture on the RIGHT side of the screen, name the picture in Dutch.'
7.0228 	EXP 	unnamed TextStim: text = 'If you see a picture on the RIGHT side of the screen, name the picture in Dutch.'
7.0395 	EXP 	unnamed TextStim: text = 'If you see a picture on the RIGHT side of the screen, name the picture in Dutch.'
7.0563 	EXP 	unnamed TextStim: text = 'If you see a picture on the RIGHT side of the screen, name the picture in Dutch.'
7.0729 	EXP 	unnamed TextStim: text = 'If you see a picture on the RIGHT side of the screen, name the picture in Dutch.'
7.0893 	EXP 	unnamed TextStim: text = 'If you see a picture on the RIGHT side of the screen, name the picture in Dutch.'
7.1062 	EXP 	unnamed TextStim: text = 'If you see a picture on the RIGHT side of the screen, name the picture in Dutch.'
7.1229 	EXP 	unnamed TextStim: text = 'If you see a picture on the RIGHT side of the screen, name the picture in Dutch.'
7.1397 	EXP 	unnamed TextStim: text = 'If you see a picture on the RIGHT side of the screen, name the picture in Dutch.'
7.1568 	EXP 	unnamed TextStim: text = 'If you see a picture on the RIGHT side of the screen, name the picture in Dutch.'
7.1727 	EXP 	unnamed TextStim: text = 'If you see a picture on the RIGHT side of the screen, name the picture in Dutch.'
7.1894 	EXP 	unnamed TextStim: text = 'If you see a picture on the RIGHT side of the screen, name the picture in Dutch.'
7.2063 	EXP 	unnamed TextStim: text = 'If you see a picture on the RIGHT side of the screen, name the picture in Dutch.'
7.2229 	EXP 	unnamed TextStim: text = 'If you see a picture on the RIGHT side of the screen, name the picture in Dutch.'
7.2393 	EXP 	unnamed TextStim: text = 'If you see a picture on the RIGHT side of the screen, name the picture in Dutch.'
7.2560 	EXP 	unnamed TextStim: text = 'If you see a picture on the RIGHT side of the screen, name the picture in Dutch.'
7.2734 	EXP 	unnamed TextStim: text = 'If you see a picture on the RIGHT side of the screen, name the picture in Dutch.'
7.2893 	EXP 	unnamed TextStim: text = 'If you see a picture on the RIGHT side of the screen, name the picture in Dutch.'
7.2902 	DATA 	Keypress: space
7.3279 	EXP 	unnamed TextStim: text = 'Ready? \n\nPress a key to start!'
7.3389 	EXP 	unnamed TextStim: text = 'Ready? \n\nPress a key to start!'
7.3558 	EXP 	unnamed TextStim: text = 'Ready? \n\nPress a key to start!'
7.3720 	EXP 	unnamed TextStim: text = 'Ready? \n\nPress a key to start!'
7.3892 	EXP 	unnamed TextStim: text = 'Ready? \n\nPress a key to start!'
7.4060 	EXP 	unnamed TextStim: text = 'Ready? \n\nPress a key to start!'
7.4227 	EXP 	unnamed TextStim: text = 'Ready? \n\nPress a key to start!'
7.4394 	EXP 	unnamed TextStim: text = 'Ready? \n\nPress a key to start!'
7.4560 	EXP 	unnamed TextStim: text = 'Ready? \n\nPress a key to start!'
7.4729 	EXP 	unnamed TextStim: text = 'Ready? \n\nPress a key to start!'
7.4893 	EXP 	unnamed TextStim: text = 'Ready? \n\nPress a key to start!'
7.5062 	EXP 	unnamed TextStim: text = 'Ready? \n\nPress a key to start!'
7.5226 	EXP 	unnamed TextStim: text = 'Ready? \n\nPress a key to start!'
7.5393 	EXP 	unnamed TextStim: text = 'Ready? \n\nPress a key to start!'
7.5561 	EXP 	unnamed TextStim: text = 'Ready? \n\nPress a key to start!'
7.5727 	EXP 	unnamed TextStim: text = 'Ready? \n\nPress a key to start!'
7.5891 	EXP 	unnamed TextStim: text = 'Ready? \n\nPress a key to start!'
7.6062 	EXP 	unnamed TextStim: text = 'Ready? \n\nPress a key to start!'
7.6224 	EXP 	unnamed TextStim: text = 'Ready? \n\nPress a key to start!'
7.6393 	EXP 	unnamed TextStim: text = 'Ready? \n\nPress a key to start!'
7.6559 	EXP 	unnamed TextStim: text = 'Ready? \n\nPress a key to start!'
7.6726 	EXP 	unnamed TextStim: text = 'Ready? \n\nPress a key to start!'
7.6893 	EXP 	unnamed TextStim: text = 'Ready? \n\nPress a key to start!'
7.7065 	EXP 	unnamed TextStim: text = 'Ready? \n\nPress a key to start!'
7.7227 	EXP 	unnamed TextStim: text = 'Ready? \n\nPress a key to start!'
7.7392 	EXP 	unnamed TextStim: text = 'Ready? \n\nPress a key to start!'
7.7561 	EXP 	unnamed TextStim: text = 'Ready? \n\nPress a key to start!'
7.7725 	EXP 	unnamed TextStim: text = 'Ready? \n\nPress a key to start!'
7.7894 	EXP 	unnamed TextStim: text = 'Ready? \n\nPress a key to start!'
7.7900 	DATA 	Keypress: space
7.8112 	EXP 	unnamed ImageStim: size = array([8.7890625, 8.7890625])
7.8112 	EXP 	unnamed ImageStim: image = '1.png'
7.9606 	EXP 	window1: mouseVisible = True
