6.6333 	EXP 	Created window1 = Window(allowGUI=True, allowStencil=False, args=UNKNOWN, autoLog=True, bitsMode=UNKNOWN, blendMode='avg', color='white', colorSpace='named', fullscr=UNKNOWN, gamma=None, kwargs=UNKNOWN, lms=UNKNOWN, monitor=<psychopy.monitors.calibTools.Monitor object at 0x00000209B5E38828>, multiSample=False, name='window1', numSamples=2, pos=[320.0, 180.0], screen=0, size=array([1280,  720]), stereo=False, units='cm', useFBO=False, useRetina=False, viewOri=0.0, viewPos=None, viewScale=None, waitBlanking=True, winType='pyglet')
6.6910 	EXP 	Created unnamed TextStim = TextStim(__class__=<class 'psychopy.visual.text.TextStim'>, alignHoriz='center', alignVert='center', antialias=True, autoLog=True, bold=False, color='black', colorSpace='named', contrast=1.0, depth=0, flipHoriz=False, flipVert=False, font='arial', fontFiles=[], height=1.0, italic=False, name='unnamed TextStim', opacity=1.0, ori=0.0, pos=array([0., 0.]), rgb=array([0., 0., 0.]), text='', units='cm', win=Window(...), wrapWidth=15.0)
6.7066 	EXP 	Created unnamed ImageStim = ImageStim(__class__=<class 'psychopy.visual.image.ImageStim'>, autoLog=True, color=array([1., 1., 1.]), colorSpace='rgb', contrast=1.0, depth=0, flipHoriz=False, flipVert=False, image=None, interpolate=False, mask=None, maskParams=None, name='unnamed ImageStim', opacity=1.0, ori=0.0, pos=array([0., 0.]), size=array([0.5, 0.5]), texRes=128, units='cm', win=Window(...))
6.7081 	EXP 	Created unnamed ImageStim = ImageStim(__class__=<class 'psychopy.visual.image.ImageStim'>, autoLog=True, color=array([1., 1., 1.]), colorSpace='rgb', contrast=1.0, depth=0, flipHoriz=False, flipVert=False, image=None, interpolate=False, mask=None, maskParams=None, name='unnamed ImageStim', opacity=1.0, ori=0.0, pos=array([0., 0.]), size=array([0.5, 0.5]), texRes=128, units='cm', win=Window(...))
6.7098 	EXP 	Created unnamed ImageStim = ImageStim(__class__=<class 'psychopy.visual.image.ImageStim'>, autoLog=True, color=array([1., 1., 1.]), colorSpace='rgb', contrast=1.0, depth=0, flipHoriz=False, flipVert=False, image=None, interpolate=False, mask=None, maskParams=None, name='unnamed ImageStim', opacity=1.0, ori=0.0, pos=array([0., 0.]), size=array([0.5, 0.5]), texRes=128, units='cm', win=Window(...))
6.7645 	EXP 	unnamed ImageStim: pos = array([-8.,  0.])
6.7645 	EXP 	unnamed ImageStim: pos = array([8., 0.])
6.7645 	EXP 	unnamed TextStim: text = 'Welcome to this experiment.\n\nPress any key to continue.'
6.7813 	EXP 	unnamed TextStim: text = 'Welcome to this experiment.\n\nPress any key to continue.'
6.7987 	EXP 	unnamed TextStim: text = 'Welcome to this experiment.\n\nPress any key to continue.'
6.8152 	EXP 	unnamed TextStim: text = 'Welcome to this experiment.\n\nPress any key to continue.'
6.8325 	EXP 	unnamed TextStim: text = 'Welcome to this experiment.\n\nPress any key to continue.'
6.8507 	EXP 	unnamed TextStim: text = 'Welcome to this experiment.\n\nPress any key to continue.'
6.8670 	EXP 	unnamed TextStim: text = 'Welcome to this experiment.\n\nPress any key to continue.'
6.8839 	EXP 	unnamed TextStim: text = 'Welcome to this experiment.\n\nPress any key to continue.'
6.9006 	EXP 	unnamed TextStim: text = 'Welcome to this experiment.\n\nPress any key to continue.'
6.9172 	EXP 	unnamed TextStim: text = 'Welcome to this experiment.\n\nPress any key to continue.'
6.9339 	EXP 	unnamed TextStim: text = 'Welcome to this experiment.\n\nPress any key to continue.'
6.9506 	EXP 	unnamed TextStim: text = 'Welcome to this experiment.\n\nPress any key to continue.'
6.9673 	EXP 	unnamed TextStim: text = 'Welcome to this experiment.\n\nPress any key to continue.'
6.9840 	EXP 	unnamed TextStim: text = 'Welcome to this experiment.\n\nPress any key to continue.'
7.0007 	EXP 	unnamed TextStim: text = 'Welcome to this experiment.\n\nPress any key to continue.'
7.0173 	EXP 	unnamed TextStim: text = 'Welcome to this experiment.\n\nPress any key to continue.'
7.0339 	EXP 	unnamed TextStim: text = 'Welcome to this experiment.\n\nPress any key to continue.'
7.0505 	EXP 	unnamed TextStim: text = 'Welcome to this experiment.\n\nPress any key to continue.'
7.0671 	EXP 	unnamed TextStim: text = 'Welcome to this experiment.\n\nPress any key to continue.'
7.0840 	EXP 	unnamed TextStim: text = 'Welcome to this experiment.\n\nPress any key to continue.'
7.1004 	EXP 	unnamed TextStim: text = 'Welcome to this experiment.\n\nPress any key to continue.'
7.1174 	EXP 	unnamed TextStim: text = 'Welcome to this experiment.\n\nPress any key to continue.'
7.1339 	EXP 	unnamed TextStim: text = 'Welcome to this experiment.\n\nPress any key to continue.'
7.1505 	EXP 	unnamed TextStim: text = 'Welcome to this experiment.\n\nPress any key to continue.'
7.1673 	EXP 	unnamed TextStim: text = 'Welcome to this experiment.\n\nPress any key to continue.'
7.1838 	EXP 	unnamed TextStim: text = 'Welcome to this experiment.\n\nPress any key to continue.'
7.2003 	EXP 	unnamed TextStim: text = 'Welcome to this experiment.\n\nPress any key to continue.'
7.2170 	EXP 	unnamed TextStim: text = 'Welcome to this experiment.\n\nPress any key to continue.'
7.2338 	EXP 	unnamed TextStim: text = 'Welcome to this experiment.\n\nPress any key to continue.'
7.2504 	EXP 	unnamed TextStim: text = 'Welcome to this experiment.\n\nPress any key to continue.'
7.2670 	EXP 	unnamed TextStim: text = 'Welcome to this experiment.\n\nPress any key to continue.'
7.2836 	EXP 	unnamed TextStim: text = 'Welcome to this experiment.\n\nPress any key to continue.'
7.3008 	EXP 	unnamed TextStim: text = 'Welcome to this experiment.\n\nPress any key to continue.'
7.3169 	EXP 	unnamed TextStim: text = 'Welcome to this experiment.\n\nPress any key to continue.'
7.3336 	EXP 	unnamed TextStim: text = 'Welcome to this experiment.\n\nPress any key to continue.'
7.3507 	EXP 	unnamed TextStim: text = 'Welcome to this experiment.\n\nPress any key to continue.'
7.3672 	EXP 	unnamed TextStim: text = 'Welcome to this experiment.\n\nPress any key to continue.'
7.3837 	EXP 	unnamed TextStim: text = 'Welcome to this experiment.\n\nPress any key to continue.'
7.4006 	EXP 	unnamed TextStim: text = 'Welcome to this experiment.\n\nPress any key to continue.'
7.4170 	EXP 	unnamed TextStim: text = 'Welcome to this experiment.\n\nPress any key to continue.'
7.4336 	EXP 	unnamed TextStim: text = 'Welcome to this experiment.\n\nPress any key to continue.'
7.4506 	EXP 	unnamed TextStim: text = 'Welcome to this experiment.\n\nPress any key to continue.'
7.4670 	EXP 	unnamed TextStim: text = 'Welcome to this experiment.\n\nPress any key to continue.'
7.4837 	EXP 	unnamed TextStim: text = 'Welcome to this experiment.\n\nPress any key to continue.'
7.5003 	EXP 	unnamed TextStim: text = 'Welcome to this experiment.\n\nPress any key to continue.'
7.5169 	EXP 	unnamed TextStim: text = 'Welcome to this experiment.\n\nPress any key to continue.'
7.5336 	EXP 	unnamed TextStim: text = 'Welcome to this experiment.\n\nPress any key to continue.'
7.5506 	EXP 	unnamed TextStim: text = 'Welcome to this experiment.\n\nPress any key to continue.'
7.5668 	EXP 	unnamed TextStim: text = 'Welcome to this experiment.\n\nPress any key to continue.'
7.5691 	DATA 	Keypress: space
7.6172 	EXP 	unnamed TextStim: text = 'You will get to see pictures. \n\nYour task is to name the pictures as quickly as possible.'
7.6315 	EXP 	unnamed TextStim: text = 'You will get to see pictures. \n\nYour task is to name the pictures as quickly as possible.'
7.6485 	EXP 	unnamed TextStim: text = 'You will get to see pictures. \n\nYour task is to name the pictures as quickly as possible.'
7.6653 	EXP 	unnamed TextStim: text = 'You will get to see pictures. \n\nYour task is to name the pictures as quickly as possible.'
7.6837 	EXP 	unnamed TextStim: text = 'You will get to see pictures. \n\nYour task is to name the pictures as quickly as possible.'
7.7004 	EXP 	unnamed TextStim: text = 'You will get to see pictures. \n\nYour task is to name the pictures as quickly as possible.'
7.7169 	EXP 	unnamed TextStim: text = 'You will get to see pictures. \n\nYour task is to name the pictures as quickly as possible.'
7.7336 	EXP 	unnamed TextStim: text = 'You will get to see pictures. \n\nYour task is to name the pictures as quickly as possible.'
7.7505 	EXP 	unnamed TextStim: text = 'You will get to see pictures. \n\nYour task is to name the pictures as quickly as possible.'
7.7666 	EXP 	unnamed TextStim: text = 'You will get to see pictures. \n\nYour task is to name the pictures as quickly as possible.'
7.7836 	EXP 	unnamed TextStim: text = 'You will get to see pictures. \n\nYour task is to name the pictures as quickly as possible.'
7.8001 	EXP 	unnamed TextStim: text = 'You will get to see pictures. \n\nYour task is to name the pictures as quickly as possible.'
7.8169 	EXP 	unnamed TextStim: text = 'You will get to see pictures. \n\nYour task is to name the pictures as quickly as possible.'
7.8336 	EXP 	unnamed TextStim: text = 'You will get to see pictures. \n\nYour task is to name the pictures as quickly as possible.'
7.8501 	EXP 	unnamed TextStim: text = 'You will get to see pictures. \n\nYour task is to name the pictures as quickly as possible.'
7.8668 	EXP 	unnamed TextStim: text = 'You will get to see pictures. \n\nYour task is to name the pictures as quickly as possible.'
7.8835 	EXP 	unnamed TextStim: text = 'You will get to see pictures. \n\nYour task is to name the pictures as quickly as possible.'
7.8842 	DATA 	Keypress: space
7.9198 	EXP 	unnamed TextStim: text = 'However, there is a catch.'
7.9315 	EXP 	unnamed TextStim: text = 'However, there is a catch.'
7.9484 	EXP 	unnamed TextStim: text = 'However, there is a catch.'
7.9655 	EXP 	unnamed TextStim: text = 'However, there is a catch.'
7.9819 	EXP 	unnamed TextStim: text = 'However, there is a catch.'
7.9988 	EXP 	unnamed TextStim: text = 'However, there is a catch.'
8.0153 	EXP 	unnamed TextStim: text = 'However, there is a catch.'
8.0319 	EXP 	unnamed TextStim: text = 'However, there is a catch.'
8.0489 	EXP 	unnamed TextStim: text = 'However, there is a catch.'
8.0653 	EXP 	unnamed TextStim: text = 'However, there is a catch.'
8.0820 	EXP 	unnamed TextStim: text = 'However, there is a catch.'
8.0994 	EXP 	unnamed TextStim: text = 'However, there is a catch.'
8.1167 	EXP 	unnamed TextStim: text = 'However, there is a catch.'
8.1334 	EXP 	unnamed TextStim: text = 'However, there is a catch.'
8.1501 	EXP 	unnamed TextStim: text = 'However, there is a catch.'
8.1666 	EXP 	unnamed TextStim: text = 'However, there is a catch.'
8.1832 	EXP 	unnamed TextStim: text = 'However, there is a catch.'
8.2000 	EXP 	unnamed TextStim: text = 'However, there is a catch.'
8.2167 	EXP 	unnamed TextStim: text = 'However, there is a catch.'
8.2174 	DATA 	Keypress: space
8.2654 	EXP 	unnamed TextStim: text = 'If you see a picture on the LEFT side of the screen, name the picture in English.'
8.2813 	EXP 	unnamed TextStim: text = 'If you see a picture on the LEFT side of the screen, name the picture in English.'
8.2984 	EXP 	unnamed TextStim: text = 'If you see a picture on the LEFT side of the screen, name the picture in English.'
8.3151 	EXP 	unnamed TextStim: text = 'If you see a picture on the LEFT side of the screen, name the picture in English.'
8.3317 	EXP 	unnamed TextStim: text = 'If you see a picture on the LEFT side of the screen, name the picture in English.'
8.3485 	EXP 	unnamed TextStim: text = 'If you see a picture on the LEFT side of the screen, name the picture in English.'
8.3649 	EXP 	unnamed TextStim: text = 'If you see a picture on the LEFT side of the screen, name the picture in English.'
8.3817 	EXP 	unnamed TextStim: text = 'If you see a picture on the LEFT side of the screen, name the picture in English.'
8.3984 	EXP 	unnamed TextStim: text = 'If you see a picture on the LEFT side of the screen, name the picture in English.'
8.4149 	EXP 	unnamed TextStim: text = 'If you see a picture on the LEFT side of the screen, name the picture in English.'
8.4317 	EXP 	unnamed TextStim: text = 'If you see a picture on the LEFT side of the screen, name the picture in English.'
8.4485 	EXP 	unnamed TextStim: text = 'If you see a picture on the LEFT side of the screen, name the picture in English.'
8.4649 	EXP 	unnamed TextStim: text = 'If you see a picture on the LEFT side of the screen, name the picture in English.'
8.4817 	EXP 	unnamed TextStim: text = 'If you see a picture on the LEFT side of the screen, name the picture in English.'
8.4983 	EXP 	unnamed TextStim: text = 'If you see a picture on the LEFT side of the screen, name the picture in English.'
8.5151 	EXP 	unnamed TextStim: text = 'If you see a picture on the LEFT side of the screen, name the picture in English.'
8.5316 	EXP 	unnamed TextStim: text = 'If you see a picture on the LEFT side of the screen, name the picture in English.'
8.5482 	EXP 	unnamed TextStim: text = 'If you see a picture on the LEFT side of the screen, name the picture in English.'
8.5649 	EXP 	unnamed TextStim: text = 'If you see a picture on the LEFT side of the screen, name the picture in English.'
8.5816 	EXP 	unnamed TextStim: text = 'If you see a picture on the LEFT side of the screen, name the picture in English.'
8.5982 	EXP 	unnamed TextStim: text = 'If you see a picture on the LEFT side of the screen, name the picture in English.'
8.6149 	EXP 	unnamed TextStim: text = 'If you see a picture on the LEFT side of the screen, name the picture in English.'
8.6314 	EXP 	unnamed TextStim: text = 'If you see a picture on the LEFT side of the screen, name the picture in English.'
8.6482 	EXP 	unnamed TextStim: text = 'If you see a picture on the LEFT side of the screen, name the picture in English.'
8.6649 	EXP 	unnamed TextStim: text = 'If you see a picture on the LEFT side of the screen, name the picture in English.'
8.6815 	EXP 	unnamed TextStim: text = 'If you see a picture on the LEFT side of the screen, name the picture in English.'
8.6982 	EXP 	unnamed TextStim: text = 'If you see a picture on the LEFT side of the screen, name the picture in English.'
8.7149 	EXP 	unnamed TextStim: text = 'If you see a picture on the LEFT side of the screen, name the picture in English.'
8.7315 	EXP 	unnamed TextStim: text = 'If you see a picture on the LEFT side of the screen, name the picture in English.'
8.7482 	EXP 	unnamed TextStim: text = 'If you see a picture on the LEFT side of the screen, name the picture in English.'
8.7486 	DATA 	Keypress: space
8.8247 	EXP 	unnamed TextStim: text = 'If you see a picture on the RIGHT side of the screen, name the picture in Dutch.'
8.8309 	EXP 	unnamed TextStim: text = 'If you see a picture on the RIGHT side of the screen, name the picture in Dutch.'
8.8482 	EXP 	unnamed TextStim: text = 'If you see a picture on the RIGHT side of the screen, name the picture in Dutch.'
8.8647 	EXP 	unnamed TextStim: text = 'If you see a picture on the RIGHT side of the screen, name the picture in Dutch.'
8.8815 	EXP 	unnamed TextStim: text = 'If you see a picture on the RIGHT side of the screen, name the picture in Dutch.'
8.8981 	EXP 	unnamed TextStim: text = 'If you see a picture on the RIGHT side of the screen, name the picture in Dutch.'
8.9147 	EXP 	unnamed TextStim: text = 'If you see a picture on the RIGHT side of the screen, name the picture in Dutch.'
8.9313 	EXP 	unnamed TextStim: text = 'If you see a picture on the RIGHT side of the screen, name the picture in Dutch.'
8.9480 	EXP 	unnamed TextStim: text = 'If you see a picture on the RIGHT side of the screen, name the picture in Dutch.'
8.9648 	EXP 	unnamed TextStim: text = 'If you see a picture on the RIGHT side of the screen, name the picture in Dutch.'
8.9814 	EXP 	unnamed TextStim: text = 'If you see a picture on the RIGHT side of the screen, name the picture in Dutch.'
8.9980 	EXP 	unnamed TextStim: text = 'If you see a picture on the RIGHT side of the screen, name the picture in Dutch.'
9.0147 	EXP 	unnamed TextStim: text = 'If you see a picture on the RIGHT side of the screen, name the picture in Dutch.'
9.0313 	EXP 	unnamed TextStim: text = 'If you see a picture on the RIGHT side of the screen, name the picture in Dutch.'
9.0481 	EXP 	unnamed TextStim: text = 'If you see a picture on the RIGHT side of the screen, name the picture in Dutch.'
9.0647 	EXP 	unnamed TextStim: text = 'If you see a picture on the RIGHT side of the screen, name the picture in Dutch.'
9.0812 	EXP 	unnamed TextStim: text = 'If you see a picture on the RIGHT side of the screen, name the picture in Dutch.'
9.0980 	EXP 	unnamed TextStim: text = 'If you see a picture on the RIGHT side of the screen, name the picture in Dutch.'
9.1146 	EXP 	unnamed TextStim: text = 'If you see a picture on the RIGHT side of the screen, name the picture in Dutch.'
9.1312 	EXP 	unnamed TextStim: text = 'If you see a picture on the RIGHT side of the screen, name the picture in Dutch.'
9.1480 	EXP 	unnamed TextStim: text = 'If you see a picture on the RIGHT side of the screen, name the picture in Dutch.'
9.1646 	EXP 	unnamed TextStim: text = 'If you see a picture on the RIGHT side of the screen, name the picture in Dutch.'
9.1826 	EXP 	unnamed TextStim: text = 'If you see a picture on the RIGHT side of the screen, name the picture in Dutch.'
9.1990 	EXP 	unnamed TextStim: text = 'If you see a picture on the RIGHT side of the screen, name the picture in Dutch.'
9.2158 	EXP 	unnamed TextStim: text = 'If you see a picture on the RIGHT side of the screen, name the picture in Dutch.'
9.2325 	EXP 	unnamed TextStim: text = 'If you see a picture on the RIGHT side of the screen, name the picture in Dutch.'
9.2332 	DATA 	Keypress: space
9.2669 	EXP 	unnamed TextStim: text = 'Ready? \n\nPress a key to start!'
9.2811 	EXP 	unnamed TextStim: text = 'Ready? \n\nPress a key to start!'
9.2975 	EXP 	unnamed TextStim: text = 'Ready? \n\nPress a key to start!'
9.3149 	EXP 	unnamed TextStim: text = 'Ready? \n\nPress a key to start!'
9.3315 	EXP 	unnamed TextStim: text = 'Ready? \n\nPress a key to start!'
9.3483 	EXP 	unnamed TextStim: text = 'Ready? \n\nPress a key to start!'
9.3648 	EXP 	unnamed TextStim: text = 'Ready? \n\nPress a key to start!'
9.3813 	EXP 	unnamed TextStim: text = 'Ready? \n\nPress a key to start!'
9.3980 	EXP 	unnamed TextStim: text = 'Ready? \n\nPress a key to start!'
9.4148 	EXP 	unnamed TextStim: text = 'Ready? \n\nPress a key to start!'
9.4314 	EXP 	unnamed TextStim: text = 'Ready? \n\nPress a key to start!'
9.4487 	EXP 	unnamed TextStim: text = 'Ready? \n\nPress a key to start!'
9.4661 	EXP 	unnamed TextStim: text = 'Ready? \n\nPress a key to start!'
9.4827 	EXP 	unnamed TextStim: text = 'Ready? \n\nPress a key to start!'
9.4995 	EXP 	unnamed TextStim: text = 'Ready? \n\nPress a key to start!'
9.5160 	EXP 	unnamed TextStim: text = 'Ready? \n\nPress a key to start!'
9.5327 	EXP 	unnamed TextStim: text = 'Ready? \n\nPress a key to start!'
9.5490 	EXP 	unnamed TextStim: text = 'Ready? \n\nPress a key to start!'
9.5659 	EXP 	unnamed TextStim: text = 'Ready? \n\nPress a key to start!'
9.5826 	EXP 	unnamed TextStim: text = 'Ready? \n\nPress a key to start!'
9.5990 	EXP 	unnamed TextStim: text = 'Ready? \n\nPress a key to start!'
9.6158 	EXP 	unnamed TextStim: text = 'Ready? \n\nPress a key to start!'
9.6326 	EXP 	unnamed TextStim: text = 'Ready? \n\nPress a key to start!'
9.6491 	EXP 	unnamed TextStim: text = 'Ready? \n\nPress a key to start!'
9.6659 	EXP 	unnamed TextStim: text = 'Ready? \n\nPress a key to start!'
9.6826 	EXP 	unnamed TextStim: text = 'Ready? \n\nPress a key to start!'
9.6992 	EXP 	unnamed TextStim: text = 'Ready? \n\nPress a key to start!'
9.7159 	EXP 	unnamed TextStim: text = 'Ready? \n\nPress a key to start!'
9.7323 	EXP 	unnamed TextStim: text = 'Ready? \n\nPress a key to start!'
9.7492 	EXP 	unnamed TextStim: text = 'Ready? \n\nPress a key to start!'
9.7659 	EXP 	unnamed TextStim: text = 'Ready? \n\nPress a key to start!'
9.7825 	EXP 	unnamed TextStim: text = 'Ready? \n\nPress a key to start!'
9.7990 	EXP 	unnamed TextStim: text = 'Ready? \n\nPress a key to start!'
9.8159 	EXP 	unnamed TextStim: text = 'Ready? \n\nPress a key to start!'
9.8324 	EXP 	unnamed TextStim: text = 'Ready? \n\nPress a key to start!'
9.8490 	EXP 	unnamed TextStim: text = 'Ready? \n\nPress a key to start!'
9.8658 	EXP 	unnamed TextStim: text = 'Ready? \n\nPress a key to start!'
9.8825 	EXP 	unnamed TextStim: text = 'Ready? \n\nPress a key to start!'
9.8992 	EXP 	unnamed TextStim: text = 'Ready? \n\nPress a key to start!'
9.9157 	EXP 	unnamed TextStim: text = 'Ready? \n\nPress a key to start!'
9.9334 	EXP 	unnamed TextStim: text = 'Ready? \n\nPress a key to start!'
9.9489 	EXP 	unnamed TextStim: text = 'Ready? \n\nPress a key to start!'
9.9657 	EXP 	unnamed TextStim: text = 'Ready? \n\nPress a key to start!'
9.9823 	EXP 	unnamed TextStim: text = 'Ready? \n\nPress a key to start!'
9.9990 	EXP 	unnamed TextStim: text = 'Ready? \n\nPress a key to start!'
10.0156 	EXP 	unnamed TextStim: text = 'Ready? \n\nPress a key to start!'
10.0324 	EXP 	unnamed TextStim: text = 'Ready? \n\nPress a key to start!'
10.0331 	DATA 	Keypress: space
10.0512 	EXP 	unnamed ImageStim: size = array([8.7890625, 8.7890625])
10.0512 	EXP 	unnamed ImageStim: image = '1.png'
14.4986 	EXP 	unnamed ImageStim: size = array([8.7890625, 8.7890625])
14.4986 	EXP 	unnamed ImageStim: image = '2.png'
18.8045 	EXP 	unnamed ImageStim: size = array([8.7890625, 8.7890625])
18.8045 	EXP 	unnamed ImageStim: image = '3.png'
23.0965 	EXP 	unnamed ImageStim: size = array([8.7890625, 8.7890625])
23.0965 	EXP 	unnamed ImageStim: image = '4.png'
27.4134 	EXP 	unnamed ImageStim: size = array([8.7890625, 8.7890625])
27.4134 	EXP 	unnamed ImageStim: image = '5.png'
31.7081 	EXP 	unnamed ImageStim: size = array([8.7890625, 8.7890625])
31.7081 	EXP 	unnamed ImageStim: image = '6.png'
36.0153 	EXP 	unnamed ImageStim: size = array([8.7890625, 8.7890625])
36.0153 	EXP 	unnamed ImageStim: image = '7.png'
40.4411 	EXP 	window1: mouseVisible = True
