7.5334 	EXP 	Created window1 = Window(allowGUI=True, allowStencil=False, args=UNKNOWN, autoLog=True, bitsMode=UNKNOWN, blendMode='avg', color='white', colorSpace='named', fullscr=UNKNOWN, gamma=None, kwargs=UNKNOWN, lms=UNKNOWN, monitor=<psychopy.monitors.calibTools.Monitor object at 0x0000023C2F7689B0>, multiSample=False, name='window1', numSamples=2, pos=[320.0, 180.0], screen=0, size=array([1280,  720]), stereo=False, units='cm', useFBO=False, useRetina=False, viewOri=0.0, viewPos=None, viewScale=None, waitBlanking=True, winType='pyglet')
7.6040 	EXP 	Created unnamed TextStim = TextStim(__class__=<class 'psychopy.visual.text.TextStim'>, alignHoriz='center', alignVert='center', antialias=True, autoLog=True, bold=False, color='black', colorSpace='named', contrast=1.0, depth=0, flipHoriz=False, flipVert=False, font='arial', fontFiles=[], height=1.0, italic=False, name='unnamed TextStim', opacity=1.0, ori=0.0, pos=array([0., 0.]), rgb=array([0., 0., 0.]), text='', units='cm', win=Window(...), wrapWidth=15.0)
7.6202 	EXP 	Created unnamed ImageStim = ImageStim(__class__=<class 'psychopy.visual.image.ImageStim'>, autoLog=True, color=array([1., 1., 1.]), colorSpace='rgb', contrast=1.0, depth=0, flipHoriz=False, flipVert=False, image=None, interpolate=False, mask=None, maskParams=None, name='unnamed ImageStim', opacity=1.0, ori=0.0, pos=array([0., 0.]), size=array([0.5, 0.5]), texRes=128, units='cm', win=Window(...))
7.6219 	EXP 	Created unnamed ImageStim = ImageStim(__class__=<class 'psychopy.visual.image.ImageStim'>, autoLog=True, color=array([1., 1., 1.]), colorSpace='rgb', contrast=1.0, depth=0, flipHoriz=False, flipVert=False, image=None, interpolate=False, mask=None, maskParams=None, name='unnamed ImageStim', opacity=1.0, ori=0.0, pos=array([0., 0.]), size=array([0.5, 0.5]), texRes=128, units='cm', win=Window(...))
7.6755 	EXP 	unnamed ImageStim: pos = array([-8.,  0.])
7.6755 	EXP 	unnamed ImageStim: pos = array([8., 0.])
7.6755 	EXP 	unnamed TextStim: text = 'Welcome to this experiment.\n\nPress any key to continue.'
7.6804 	EXP 	unnamed TextStim: text = 'Welcome to this experiment.\n\nPress any key to continue.'
7.6968 	EXP 	unnamed TextStim: text = 'Welcome to this experiment.\n\nPress any key to continue.'
7.7135 	EXP 	unnamed TextStim: text = 'Welcome to this experiment.\n\nPress any key to continue.'
7.7303 	EXP 	unnamed TextStim: text = 'Welcome to this experiment.\n\nPress any key to continue.'
7.7474 	EXP 	unnamed TextStim: text = 'Welcome to this experiment.\n\nPress any key to continue.'
7.7641 	EXP 	unnamed TextStim: text = 'Welcome to this experiment.\n\nPress any key to continue.'
7.7806 	EXP 	unnamed TextStim: text = 'Welcome to this experiment.\n\nPress any key to continue.'
7.7973 	EXP 	unnamed TextStim: text = 'Welcome to this experiment.\n\nPress any key to continue.'
7.8139 	EXP 	unnamed TextStim: text = 'Welcome to this experiment.\n\nPress any key to continue.'
7.8306 	EXP 	unnamed TextStim: text = 'Welcome to this experiment.\n\nPress any key to continue.'
7.8475 	EXP 	unnamed TextStim: text = 'Welcome to this experiment.\n\nPress any key to continue.'
7.8639 	EXP 	unnamed TextStim: text = 'Welcome to this experiment.\n\nPress any key to continue.'
7.8805 	EXP 	unnamed TextStim: text = 'Welcome to this experiment.\n\nPress any key to continue.'
7.8973 	EXP 	unnamed TextStim: text = 'Welcome to this experiment.\n\nPress any key to continue.'
7.9138 	EXP 	unnamed TextStim: text = 'Welcome to this experiment.\n\nPress any key to continue.'
7.9306 	EXP 	unnamed TextStim: text = 'Welcome to this experiment.\n\nPress any key to continue.'
7.9472 	EXP 	unnamed TextStim: text = 'Welcome to this experiment.\n\nPress any key to continue.'
7.9640 	EXP 	unnamed TextStim: text = 'Welcome to this experiment.\n\nPress any key to continue.'
7.9812 	EXP 	unnamed TextStim: text = 'Welcome to this experiment.\n\nPress any key to continue.'
7.9982 	EXP 	unnamed TextStim: text = 'Welcome to this experiment.\n\nPress any key to continue.'
8.0149 	EXP 	unnamed TextStim: text = 'Welcome to this experiment.\n\nPress any key to continue.'
8.0316 	EXP 	unnamed TextStim: text = 'Welcome to this experiment.\n\nPress any key to continue.'
8.0481 	EXP 	unnamed TextStim: text = 'Welcome to this experiment.\n\nPress any key to continue.'
8.0649 	EXP 	unnamed TextStim: text = 'Welcome to this experiment.\n\nPress any key to continue.'
8.0815 	EXP 	unnamed TextStim: text = 'Welcome to this experiment.\n\nPress any key to continue.'
8.0981 	EXP 	unnamed TextStim: text = 'Welcome to this experiment.\n\nPress any key to continue.'
8.1148 	EXP 	unnamed TextStim: text = 'Welcome to this experiment.\n\nPress any key to continue.'
8.1314 	EXP 	unnamed TextStim: text = 'Welcome to this experiment.\n\nPress any key to continue.'
8.1481 	EXP 	unnamed TextStim: text = 'Welcome to this experiment.\n\nPress any key to continue.'
8.1649 	EXP 	unnamed TextStim: text = 'Welcome to this experiment.\n\nPress any key to continue.'
8.1814 	EXP 	unnamed TextStim: text = 'Welcome to this experiment.\n\nPress any key to continue.'
8.1982 	EXP 	unnamed TextStim: text = 'Welcome to this experiment.\n\nPress any key to continue.'
8.2147 	EXP 	unnamed TextStim: text = 'Welcome to this experiment.\n\nPress any key to continue.'
8.2314 	EXP 	unnamed TextStim: text = 'Welcome to this experiment.\n\nPress any key to continue.'
8.2479 	EXP 	unnamed TextStim: text = 'Welcome to this experiment.\n\nPress any key to continue.'
8.2646 	EXP 	unnamed TextStim: text = 'Welcome to this experiment.\n\nPress any key to continue.'
8.2821 	EXP 	unnamed TextStim: text = 'Welcome to this experiment.\n\nPress any key to continue.'
8.2983 	EXP 	unnamed TextStim: text = 'Welcome to this experiment.\n\nPress any key to continue.'
8.3147 	EXP 	unnamed TextStim: text = 'Welcome to this experiment.\n\nPress any key to continue.'
8.3312 	EXP 	unnamed TextStim: text = 'Welcome to this experiment.\n\nPress any key to continue.'
8.3480 	EXP 	unnamed TextStim: text = 'Welcome to this experiment.\n\nPress any key to continue.'
8.3647 	EXP 	unnamed TextStim: text = 'Welcome to this experiment.\n\nPress any key to continue.'
8.3820 	EXP 	unnamed TextStim: text = 'Welcome to this experiment.\n\nPress any key to continue.'
8.3979 	EXP 	unnamed TextStim: text = 'Welcome to this experiment.\n\nPress any key to continue.'
8.4148 	EXP 	unnamed TextStim: text = 'Welcome to this experiment.\n\nPress any key to continue.'
8.4313 	EXP 	unnamed TextStim: text = 'Welcome to this experiment.\n\nPress any key to continue.'
8.4478 	EXP 	unnamed TextStim: text = 'Welcome to this experiment.\n\nPress any key to continue.'
8.4657 	EXP 	unnamed TextStim: text = 'Welcome to this experiment.\n\nPress any key to continue.'
8.4819 	EXP 	unnamed TextStim: text = 'Welcome to this experiment.\n\nPress any key to continue.'
8.4826 	DATA 	Keypress: space
8.5389 	EXP 	unnamed TextStim: text = 'You will get to see pictures. \n\nYour task is to name the pictures as quickly as possible.'
8.5467 	EXP 	unnamed TextStim: text = 'You will get to see pictures. \n\nYour task is to name the pictures as quickly as possible.'
8.5632 	EXP 	unnamed TextStim: text = 'You will get to see pictures. \n\nYour task is to name the pictures as quickly as possible.'
8.5805 	EXP 	unnamed TextStim: text = 'You will get to see pictures. \n\nYour task is to name the pictures as quickly as possible.'
8.5972 	EXP 	unnamed TextStim: text = 'You will get to see pictures. \n\nYour task is to name the pictures as quickly as possible.'
8.6138 	EXP 	unnamed TextStim: text = 'You will get to see pictures. \n\nYour task is to name the pictures as quickly as possible.'
8.6307 	EXP 	unnamed TextStim: text = 'You will get to see pictures. \n\nYour task is to name the pictures as quickly as possible.'
8.6474 	EXP 	unnamed TextStim: text = 'You will get to see pictures. \n\nYour task is to name the pictures as quickly as possible.'
8.6641 	EXP 	unnamed TextStim: text = 'You will get to see pictures. \n\nYour task is to name the pictures as quickly as possible.'
8.6809 	EXP 	unnamed TextStim: text = 'You will get to see pictures. \n\nYour task is to name the pictures as quickly as possible.'
8.6974 	EXP 	unnamed TextStim: text = 'You will get to see pictures. \n\nYour task is to name the pictures as quickly as possible.'
8.7139 	EXP 	unnamed TextStim: text = 'You will get to see pictures. \n\nYour task is to name the pictures as quickly as possible.'
8.7306 	EXP 	unnamed TextStim: text = 'You will get to see pictures. \n\nYour task is to name the pictures as quickly as possible.'
8.7473 	EXP 	unnamed TextStim: text = 'You will get to see pictures. \n\nYour task is to name the pictures as quickly as possible.'
8.7641 	EXP 	unnamed TextStim: text = 'You will get to see pictures. \n\nYour task is to name the pictures as quickly as possible.'
8.7808 	EXP 	unnamed TextStim: text = 'You will get to see pictures. \n\nYour task is to name the pictures as quickly as possible.'
8.7813 	DATA 	Keypress: space
8.8062 	EXP 	unnamed TextStim: text = 'However, there is a catch.'
8.8140 	EXP 	unnamed TextStim: text = 'However, there is a catch.'
8.8301 	EXP 	unnamed TextStim: text = 'However, there is a catch.'
8.8468 	EXP 	unnamed TextStim: text = 'However, there is a catch.'
8.8634 	EXP 	unnamed TextStim: text = 'However, there is a catch.'
8.8800 	EXP 	unnamed TextStim: text = 'However, there is a catch.'
8.8967 	EXP 	unnamed TextStim: text = 'However, there is a catch.'
8.9136 	EXP 	unnamed TextStim: text = 'However, there is a catch.'
8.9300 	EXP 	unnamed TextStim: text = 'However, there is a catch.'
8.9468 	EXP 	unnamed TextStim: text = 'However, there is a catch.'
8.9634 	EXP 	unnamed TextStim: text = 'However, there is a catch.'
8.9805 	EXP 	unnamed TextStim: text = 'However, there is a catch.'
8.9972 	EXP 	unnamed TextStim: text = 'However, there is a catch.'
9.0138 	EXP 	unnamed TextStim: text = 'However, there is a catch.'
9.0305 	EXP 	unnamed TextStim: text = 'However, there is a catch.'
9.0472 	EXP 	unnamed TextStim: text = 'However, there is a catch.'
9.0639 	EXP 	unnamed TextStim: text = 'However, there is a catch.'
9.0804 	EXP 	unnamed TextStim: text = 'However, there is a catch.'
9.0809 	DATA 	Keypress: space
9.1218 	EXP 	unnamed TextStim: text = 'If you see a picture on the LEFT side of the screen, name the picture in English.'
9.1295 	EXP 	unnamed TextStim: text = 'If you see a picture on the LEFT side of the screen, name the picture in English.'
9.1460 	EXP 	unnamed TextStim: text = 'If you see a picture on the LEFT side of the screen, name the picture in English.'
9.1628 	EXP 	unnamed TextStim: text = 'If you see a picture on the LEFT side of the screen, name the picture in English.'
9.1801 	EXP 	unnamed TextStim: text = 'If you see a picture on the LEFT side of the screen, name the picture in English.'
9.1969 	EXP 	unnamed TextStim: text = 'If you see a picture on the LEFT side of the screen, name the picture in English.'
9.2132 	EXP 	unnamed TextStim: text = 'If you see a picture on the LEFT side of the screen, name the picture in English.'
9.2298 	EXP 	unnamed TextStim: text = 'If you see a picture on the LEFT side of the screen, name the picture in English.'
9.2485 	EXP 	unnamed TextStim: text = 'If you see a picture on the LEFT side of the screen, name the picture in English.'
9.2648 	EXP 	unnamed TextStim: text = 'If you see a picture on the LEFT side of the screen, name the picture in English.'
9.2813 	EXP 	unnamed TextStim: text = 'If you see a picture on the LEFT side of the screen, name the picture in English.'
9.2982 	EXP 	unnamed TextStim: text = 'If you see a picture on the LEFT side of the screen, name the picture in English.'
9.3146 	EXP 	unnamed TextStim: text = 'If you see a picture on the LEFT side of the screen, name the picture in English.'
9.3314 	EXP 	unnamed TextStim: text = 'If you see a picture on the LEFT side of the screen, name the picture in English.'
9.3479 	EXP 	unnamed TextStim: text = 'If you see a picture on the LEFT side of the screen, name the picture in English.'
9.3646 	EXP 	unnamed TextStim: text = 'If you see a picture on the LEFT side of the screen, name the picture in English.'
9.3813 	EXP 	unnamed TextStim: text = 'If you see a picture on the LEFT side of the screen, name the picture in English.'
9.3982 	EXP 	unnamed TextStim: text = 'If you see a picture on the LEFT side of the screen, name the picture in English.'
9.3989 	DATA 	Keypress: space
9.4779 	EXP 	unnamed TextStim: text = 'If you see a picture on the RIGHT side of the screen, name the picture in Dutch.'
9.4960 	EXP 	unnamed TextStim: text = 'If you see a picture on the RIGHT side of the screen, name the picture in Dutch.'
9.5132 	EXP 	unnamed TextStim: text = 'If you see a picture on the RIGHT side of the screen, name the picture in Dutch.'
9.5301 	EXP 	unnamed TextStim: text = 'If you see a picture on the RIGHT side of the screen, name the picture in Dutch.'
9.5480 	EXP 	unnamed TextStim: text = 'If you see a picture on the RIGHT side of the screen, name the picture in Dutch.'
9.5646 	EXP 	unnamed TextStim: text = 'If you see a picture on the RIGHT side of the screen, name the picture in Dutch.'
9.5809 	EXP 	unnamed TextStim: text = 'If you see a picture on the RIGHT side of the screen, name the picture in Dutch.'
9.5981 	EXP 	unnamed TextStim: text = 'If you see a picture on the RIGHT side of the screen, name the picture in Dutch.'
9.6146 	EXP 	unnamed TextStim: text = 'If you see a picture on the RIGHT side of the screen, name the picture in Dutch.'
9.6311 	EXP 	unnamed TextStim: text = 'If you see a picture on the RIGHT side of the screen, name the picture in Dutch.'
9.6482 	EXP 	unnamed TextStim: text = 'If you see a picture on the RIGHT side of the screen, name the picture in Dutch.'
9.6647 	EXP 	unnamed TextStim: text = 'If you see a picture on the RIGHT side of the screen, name the picture in Dutch.'
9.6812 	EXP 	unnamed TextStim: text = 'If you see a picture on the RIGHT side of the screen, name the picture in Dutch.'
9.6979 	EXP 	unnamed TextStim: text = 'If you see a picture on the RIGHT side of the screen, name the picture in Dutch.'
9.7144 	EXP 	unnamed TextStim: text = 'If you see a picture on the RIGHT side of the screen, name the picture in Dutch.'
9.7321 	EXP 	unnamed TextStim: text = 'If you see a picture on the RIGHT side of the screen, name the picture in Dutch.'
9.7480 	EXP 	unnamed TextStim: text = 'If you see a picture on the RIGHT side of the screen, name the picture in Dutch.'
9.7644 	EXP 	unnamed TextStim: text = 'If you see a picture on the RIGHT side of the screen, name the picture in Dutch.'
9.7812 	EXP 	unnamed TextStim: text = 'If you see a picture on the RIGHT side of the screen, name the picture in Dutch.'
9.7977 	EXP 	unnamed TextStim: text = 'If you see a picture on the RIGHT side of the screen, name the picture in Dutch.'
9.8145 	EXP 	unnamed TextStim: text = 'If you see a picture on the RIGHT side of the screen, name the picture in Dutch.'
9.8315 	EXP 	unnamed TextStim: text = 'If you see a picture on the RIGHT side of the screen, name the picture in Dutch.'
9.8480 	EXP 	unnamed TextStim: text = 'If you see a picture on the RIGHT side of the screen, name the picture in Dutch.'
9.8487 	DATA 	Keypress: space
9.8861 	EXP 	unnamed TextStim: text = 'Ready? \n\nPress a key to start!'
9.8974 	EXP 	unnamed TextStim: text = 'Ready? \n\nPress a key to start!'
9.9129 	EXP 	unnamed TextStim: text = 'Ready? \n\nPress a key to start!'
9.9295 	EXP 	unnamed TextStim: text = 'Ready? \n\nPress a key to start!'
9.9470 	EXP 	unnamed TextStim: text = 'Ready? \n\nPress a key to start!'
9.9634 	EXP 	unnamed TextStim: text = 'Ready? \n\nPress a key to start!'
9.9800 	EXP 	unnamed TextStim: text = 'Ready? \n\nPress a key to start!'
9.9969 	EXP 	unnamed TextStim: text = 'Ready? \n\nPress a key to start!'
10.0135 	EXP 	unnamed TextStim: text = 'Ready? \n\nPress a key to start!'
10.0300 	EXP 	unnamed TextStim: text = 'Ready? \n\nPress a key to start!'
10.0470 	EXP 	unnamed TextStim: text = 'Ready? \n\nPress a key to start!'
10.0633 	EXP 	unnamed TextStim: text = 'Ready? \n\nPress a key to start!'
10.0804 	EXP 	unnamed TextStim: text = 'Ready? \n\nPress a key to start!'
10.0976 	EXP 	unnamed TextStim: text = 'Ready? \n\nPress a key to start!'
10.1144 	EXP 	unnamed TextStim: text = 'Ready? \n\nPress a key to start!'
10.1309 	EXP 	unnamed TextStim: text = 'Ready? \n\nPress a key to start!'
10.1479 	EXP 	unnamed TextStim: text = 'Ready? \n\nPress a key to start!'
10.1643 	EXP 	unnamed TextStim: text = 'Ready? \n\nPress a key to start!'
10.1808 	EXP 	unnamed TextStim: text = 'Ready? \n\nPress a key to start!'
10.1974 	EXP 	unnamed TextStim: text = 'Ready? \n\nPress a key to start!'
10.2143 	EXP 	unnamed TextStim: text = 'Ready? \n\nPress a key to start!'
10.2310 	EXP 	unnamed TextStim: text = 'Ready? \n\nPress a key to start!'
10.2477 	EXP 	unnamed TextStim: text = 'Ready? \n\nPress a key to start!'
10.2644 	EXP 	unnamed TextStim: text = 'Ready? \n\nPress a key to start!'
10.2651 	DATA 	Keypress: space
10.2859 	EXP 	unnamed ImageStim: size = array([8.7890625, 8.7890625])
10.2859 	EXP 	unnamed ImageStim: image = '1.png'
14.7195 	EXP 	unnamed ImageStim: size = array([8.7890625, 8.7890625])
14.7195 	EXP 	unnamed ImageStim: image = '2.png'
19.0307 	EXP 	unnamed ImageStim: size = array([8.7890625, 8.7890625])
19.0307 	EXP 	unnamed ImageStim: image = '3.png'
23.3833 	EXP 	unnamed ImageStim: size = array([8.7890625, 8.7890625])
23.3833 	EXP 	unnamed ImageStim: image = '4.png'
27.7259 	DATA 	Keypress: escape
27.7271 	DATA 	Keypress: escape
27.8632 	EXP 	window1: mouseVisible = True
