5.2486 	EXP 	Created window1 = Window(allowGUI=True, allowStencil=False, args=UNKNOWN, autoLog=True, bitsMode=UNKNOWN, blendMode='avg', color='white', colorSpace='named', fullscr=UNKNOWN, gamma=None, kwargs=UNKNOWN, lms=UNKNOWN, monitor=<psychopy.monitors.calibTools.Monitor object at 0x0000013F48839DD8>, multiSample=False, name='window1', numSamples=2, pos=[320.0, 180.0], screen=0, size=array([1280,  720]), stereo=False, units='cm', useFBO=False, useRetina=False, viewOri=0.0, viewPos=None, viewScale=None, waitBlanking=True, winType='pyglet')
5.3293 	EXP 	Created unnamed TextStim = TextStim(__class__=<class 'psychopy.visual.text.TextStim'>, alignHoriz='center', alignVert='center', antialias=True, autoLog=True, bold=False, color='black', colorSpace='named', contrast=1.0, depth=0, flipHoriz=False, flipVert=False, font='arial', fontFiles=[], height=1.0, italic=False, name='unnamed TextStim', opacity=1.0, ori=0.0, pos=array([0., 0.]), rgb=array([0., 0., 0.]), text='', units='cm', win=Window(...), wrapWidth=15.0)
5.3461 	EXP 	Created unnamed ImageStim = ImageStim(__class__=<class 'psychopy.visual.image.ImageStim'>, autoLog=True, color=array([1., 1., 1.]), colorSpace='rgb', contrast=1.0, depth=0, flipHoriz=False, flipVert=False, image=None, interpolate=False, mask=None, maskParams=None, name='unnamed ImageStim', opacity=1.0, ori=0.0, pos=array([0., 0.]), size=array([0.5, 0.5]), texRes=128, units='cm', win=Window(...))
5.3491 	EXP 	Created unnamed ImageStim = ImageStim(__class__=<class 'psychopy.visual.image.ImageStim'>, autoLog=True, color=array([1., 1., 1.]), colorSpace='rgb', contrast=1.0, depth=0, flipHoriz=False, flipVert=False, image=None, interpolate=False, mask=None, maskParams=None, name='unnamed ImageStim', opacity=1.0, ori=0.0, pos=array([0., 0.]), size=array([0.5, 0.5]), texRes=128, units='cm', win=Window(...))
5.4051 	EXP 	unnamed ImageStim: pos = array([-8.,  0.])
5.4051 	EXP 	unnamed ImageStim: pos = array([8., 0.])
5.4051 	EXP 	unnamed TextStim: text = 'Welcome to this experiment.\n\nPress any key to continue.'
5.4118 	EXP 	unnamed TextStim: text = 'Welcome to this experiment.\n\nPress any key to continue.'
5.4285 	EXP 	unnamed TextStim: text = 'Welcome to this experiment.\n\nPress any key to continue.'
5.4452 	EXP 	unnamed TextStim: text = 'Welcome to this experiment.\n\nPress any key to continue.'
5.4625 	EXP 	unnamed TextStim: text = 'Welcome to this experiment.\n\nPress any key to continue.'
5.4790 	EXP 	unnamed TextStim: text = 'Welcome to this experiment.\n\nPress any key to continue.'
5.4957 	EXP 	unnamed TextStim: text = 'Welcome to this experiment.\n\nPress any key to continue.'
5.5123 	EXP 	unnamed TextStim: text = 'Welcome to this experiment.\n\nPress any key to continue.'
5.5290 	EXP 	unnamed TextStim: text = 'Welcome to this experiment.\n\nPress any key to continue.'
5.5456 	EXP 	unnamed TextStim: text = 'Welcome to this experiment.\n\nPress any key to continue.'
5.5625 	EXP 	unnamed TextStim: text = 'Welcome to this experiment.\n\nPress any key to continue.'
5.5805 	EXP 	unnamed TextStim: text = 'Welcome to this experiment.\n\nPress any key to continue.'
5.5970 	EXP 	unnamed TextStim: text = 'Welcome to this experiment.\n\nPress any key to continue.'
5.6139 	EXP 	unnamed TextStim: text = 'Welcome to this experiment.\n\nPress any key to continue.'
5.6304 	EXP 	unnamed TextStim: text = 'Welcome to this experiment.\n\nPress any key to continue.'
5.6471 	EXP 	unnamed TextStim: text = 'Welcome to this experiment.\n\nPress any key to continue.'
5.6664 	EXP 	unnamed TextStim: text = 'Welcome to this experiment.\n\nPress any key to continue.'
5.6807 	EXP 	unnamed TextStim: text = 'Welcome to this experiment.\n\nPress any key to continue.'
5.6960 	EXP 	unnamed TextStim: text = 'Welcome to this experiment.\n\nPress any key to continue.'
5.7124 	EXP 	unnamed TextStim: text = 'Welcome to this experiment.\n\nPress any key to continue.'
5.7286 	EXP 	unnamed TextStim: text = 'Welcome to this experiment.\n\nPress any key to continue.'
5.7470 	EXP 	unnamed TextStim: text = 'Welcome to this experiment.\n\nPress any key to continue.'
5.7642 	EXP 	unnamed TextStim: text = 'Welcome to this experiment.\n\nPress any key to continue.'
5.7815 	EXP 	unnamed TextStim: text = 'Welcome to this experiment.\n\nPress any key to continue.'
5.7977 	EXP 	unnamed TextStim: text = 'Welcome to this experiment.\n\nPress any key to continue.'
5.8145 	EXP 	unnamed TextStim: text = 'Welcome to this experiment.\n\nPress any key to continue.'
5.8307 	EXP 	unnamed TextStim: text = 'Welcome to this experiment.\n\nPress any key to continue.'
5.8474 	EXP 	unnamed TextStim: text = 'Welcome to this experiment.\n\nPress any key to continue.'
5.8636 	EXP 	unnamed TextStim: text = 'Welcome to this experiment.\n\nPress any key to continue.'
5.8805 	EXP 	unnamed TextStim: text = 'Welcome to this experiment.\n\nPress any key to continue.'
5.8970 	EXP 	unnamed TextStim: text = 'Welcome to this experiment.\n\nPress any key to continue.'
5.9137 	EXP 	unnamed TextStim: text = 'Welcome to this experiment.\n\nPress any key to continue.'
5.9302 	EXP 	unnamed TextStim: text = 'Welcome to this experiment.\n\nPress any key to continue.'
5.9468 	EXP 	unnamed TextStim: text = 'Welcome to this experiment.\n\nPress any key to continue.'
5.9639 	EXP 	unnamed TextStim: text = 'Welcome to this experiment.\n\nPress any key to continue.'
5.9801 	EXP 	unnamed TextStim: text = 'Welcome to this experiment.\n\nPress any key to continue.'
5.9968 	EXP 	unnamed TextStim: text = 'Welcome to this experiment.\n\nPress any key to continue.'
6.0137 	EXP 	unnamed TextStim: text = 'Welcome to this experiment.\n\nPress any key to continue.'
6.0303 	EXP 	unnamed TextStim: text = 'Welcome to this experiment.\n\nPress any key to continue.'
6.0467 	EXP 	unnamed TextStim: text = 'Welcome to this experiment.\n\nPress any key to continue.'
6.0638 	EXP 	unnamed TextStim: text = 'Welcome to this experiment.\n\nPress any key to continue.'
6.0802 	EXP 	unnamed TextStim: text = 'Welcome to this experiment.\n\nPress any key to continue.'
6.0969 	EXP 	unnamed TextStim: text = 'Welcome to this experiment.\n\nPress any key to continue.'
6.1135 	EXP 	unnamed TextStim: text = 'Welcome to this experiment.\n\nPress any key to continue.'
6.1301 	EXP 	unnamed TextStim: text = 'Welcome to this experiment.\n\nPress any key to continue.'
6.1468 	EXP 	unnamed TextStim: text = 'Welcome to this experiment.\n\nPress any key to continue.'
6.1634 	EXP 	unnamed TextStim: text = 'Welcome to this experiment.\n\nPress any key to continue.'
6.1800 	EXP 	unnamed TextStim: text = 'Welcome to this experiment.\n\nPress any key to continue.'
6.1968 	EXP 	unnamed TextStim: text = 'Welcome to this experiment.\n\nPress any key to continue.'
6.2134 	EXP 	unnamed TextStim: text = 'Welcome to this experiment.\n\nPress any key to continue.'
6.2301 	EXP 	unnamed TextStim: text = 'Welcome to this experiment.\n\nPress any key to continue.'
6.2456 	EXP 	unnamed TextStim: text = 'Welcome to this experiment.\n\nPress any key to continue.'
6.2460 	DATA 	Keypress: return
6.2762 	EXP 	unnamed TextStim: text = 'You will get to see pictures. \n\nYour task is to name the pictures as quickly as possible.'
6.2954 	EXP 	unnamed TextStim: text = 'You will get to see pictures. \n\nYour task is to name the pictures as quickly as possible.'
6.3120 	EXP 	unnamed TextStim: text = 'You will get to see pictures. \n\nYour task is to name the pictures as quickly as possible.'
6.3286 	EXP 	unnamed TextStim: text = 'You will get to see pictures. \n\nYour task is to name the pictures as quickly as possible.'
6.3451 	EXP 	unnamed TextStim: text = 'You will get to see pictures. \n\nYour task is to name the pictures as quickly as possible.'
6.3619 	EXP 	unnamed TextStim: text = 'You will get to see pictures. \n\nYour task is to name the pictures as quickly as possible.'
6.3787 	EXP 	unnamed TextStim: text = 'You will get to see pictures. \n\nYour task is to name the pictures as quickly as possible.'
6.3952 	EXP 	unnamed TextStim: text = 'You will get to see pictures. \n\nYour task is to name the pictures as quickly as possible.'
6.4119 	EXP 	unnamed TextStim: text = 'You will get to see pictures. \n\nYour task is to name the pictures as quickly as possible.'
6.4286 	EXP 	unnamed TextStim: text = 'You will get to see pictures. \n\nYour task is to name the pictures as quickly as possible.'
6.4466 	EXP 	unnamed TextStim: text = 'You will get to see pictures. \n\nYour task is to name the pictures as quickly as possible.'
6.4633 	EXP 	unnamed TextStim: text = 'You will get to see pictures. \n\nYour task is to name the pictures as quickly as possible.'
6.4800 	EXP 	unnamed TextStim: text = 'You will get to see pictures. \n\nYour task is to name the pictures as quickly as possible.'
6.4966 	EXP 	unnamed TextStim: text = 'You will get to see pictures. \n\nYour task is to name the pictures as quickly as possible.'
6.5136 	EXP 	unnamed TextStim: text = 'You will get to see pictures. \n\nYour task is to name the pictures as quickly as possible.'
6.5299 	EXP 	unnamed TextStim: text = 'You will get to see pictures. \n\nYour task is to name the pictures as quickly as possible.'
6.5460 	EXP 	unnamed TextStim: text = 'You will get to see pictures. \n\nYour task is to name the pictures as quickly as possible.'
6.5464 	DATA 	Keypress: return
6.5649 	EXP 	unnamed TextStim: text = 'However, there is a catch.'
6.5784 	EXP 	unnamed TextStim: text = 'However, there is a catch.'
6.5951 	EXP 	unnamed TextStim: text = 'However, there is a catch.'
6.6119 	EXP 	unnamed TextStim: text = 'However, there is a catch.'
6.6284 	EXP 	unnamed TextStim: text = 'However, there is a catch.'
6.6451 	EXP 	unnamed TextStim: text = 'However, there is a catch.'
6.6617 	EXP 	unnamed TextStim: text = 'However, there is a catch.'
6.6784 	EXP 	unnamed TextStim: text = 'However, there is a catch.'
6.6949 	EXP 	unnamed TextStim: text = 'However, there is a catch.'
6.7117 	EXP 	unnamed TextStim: text = 'However, there is a catch.'
6.7284 	EXP 	unnamed TextStim: text = 'However, there is a catch.'
6.7450 	EXP 	unnamed TextStim: text = 'However, there is a catch.'
6.7618 	EXP 	unnamed TextStim: text = 'However, there is a catch.'
6.7783 	EXP 	unnamed TextStim: text = 'However, there is a catch.'
6.7788 	DATA 	Keypress: return
6.8090 	EXP 	unnamed TextStim: text = 'If you see a picture on the LEFT side of the screen, name the picture in English.'
6.8283 	EXP 	unnamed TextStim: text = 'If you see a picture on the LEFT side of the screen, name the picture in English.'
6.8449 	EXP 	unnamed TextStim: text = 'If you see a picture on the LEFT side of the screen, name the picture in English.'
6.8616 	EXP 	unnamed TextStim: text = 'If you see a picture on the LEFT side of the screen, name the picture in English.'
6.8783 	EXP 	unnamed TextStim: text = 'If you see a picture on the LEFT side of the screen, name the picture in English.'
6.8950 	EXP 	unnamed TextStim: text = 'If you see a picture on the LEFT side of the screen, name the picture in English.'
6.9115 	EXP 	unnamed TextStim: text = 'If you see a picture on the LEFT side of the screen, name the picture in English.'
6.9283 	EXP 	unnamed TextStim: text = 'If you see a picture on the LEFT side of the screen, name the picture in English.'
6.9449 	EXP 	unnamed TextStim: text = 'If you see a picture on the LEFT side of the screen, name the picture in English.'
6.9614 	EXP 	unnamed TextStim: text = 'If you see a picture on the LEFT side of the screen, name the picture in English.'
6.9782 	EXP 	unnamed TextStim: text = 'If you see a picture on the LEFT side of the screen, name the picture in English.'
6.9787 	DATA 	Keypress: return
7.0421 	EXP 	unnamed TextStim: text = 'If you see a picture on the RIGHT side of the screen, name the picture in Dutch.'
7.0610 	EXP 	unnamed TextStim: text = 'If you see a picture on the RIGHT side of the screen, name the picture in Dutch.'
7.0776 	EXP 	unnamed TextStim: text = 'If you see a picture on the RIGHT side of the screen, name the picture in Dutch.'
7.0945 	EXP 	unnamed TextStim: text = 'If you see a picture on the RIGHT side of the screen, name the picture in Dutch.'
7.1115 	EXP 	unnamed TextStim: text = 'If you see a picture on the RIGHT side of the screen, name the picture in Dutch.'
7.1281 	EXP 	unnamed TextStim: text = 'If you see a picture on the RIGHT side of the screen, name the picture in Dutch.'
7.1447 	EXP 	unnamed TextStim: text = 'If you see a picture on the RIGHT side of the screen, name the picture in Dutch.'
7.1616 	EXP 	unnamed TextStim: text = 'If you see a picture on the RIGHT side of the screen, name the picture in Dutch.'
7.1780 	EXP 	unnamed TextStim: text = 'If you see a picture on the RIGHT side of the screen, name the picture in Dutch.'
7.1949 	EXP 	unnamed TextStim: text = 'If you see a picture on the RIGHT side of the screen, name the picture in Dutch.'
7.1953 	DATA 	Keypress: return
7.2126 	EXP 	unnamed TextStim: text = 'Ready? \n\nPress a key to start!'
7.2281 	EXP 	unnamed TextStim: text = 'Ready? \n\nPress a key to start!'
7.2448 	EXP 	unnamed TextStim: text = 'Ready? \n\nPress a key to start!'
7.2614 	EXP 	unnamed TextStim: text = 'Ready? \n\nPress a key to start!'
7.2781 	EXP 	unnamed TextStim: text = 'Ready? \n\nPress a key to start!'
7.2948 	EXP 	unnamed TextStim: text = 'Ready? \n\nPress a key to start!'
7.3113 	EXP 	unnamed TextStim: text = 'Ready? \n\nPress a key to start!'
7.3280 	EXP 	unnamed TextStim: text = 'Ready? \n\nPress a key to start!'
7.3451 	EXP 	unnamed TextStim: text = 'Ready? \n\nPress a key to start!'
7.3614 	EXP 	unnamed TextStim: text = 'Ready? \n\nPress a key to start!'
7.3781 	EXP 	unnamed TextStim: text = 'Ready? \n\nPress a key to start!'
7.3946 	EXP 	unnamed TextStim: text = 'Ready? \n\nPress a key to start!'
7.4114 	EXP 	unnamed TextStim: text = 'Ready? \n\nPress a key to start!'
7.4281 	EXP 	unnamed TextStim: text = 'Ready? \n\nPress a key to start!'
7.4446 	EXP 	unnamed TextStim: text = 'Ready? \n\nPress a key to start!'
7.4614 	EXP 	unnamed TextStim: text = 'Ready? \n\nPress a key to start!'
7.4780 	EXP 	unnamed TextStim: text = 'Ready? \n\nPress a key to start!'
7.4947 	EXP 	unnamed TextStim: text = 'Ready? \n\nPress a key to start!'
7.5114 	EXP 	unnamed TextStim: text = 'Ready? \n\nPress a key to start!'
7.5278 	EXP 	unnamed TextStim: text = 'Ready? \n\nPress a key to start!'
7.5446 	EXP 	unnamed TextStim: text = 'Ready? \n\nPress a key to start!'
7.5614 	EXP 	unnamed TextStim: text = 'Ready? \n\nPress a key to start!'
7.5779 	EXP 	unnamed TextStim: text = 'Ready? \n\nPress a key to start!'
7.5946 	EXP 	unnamed TextStim: text = 'Ready? \n\nPress a key to start!'
7.5950 	DATA 	Keypress: return
7.6113 	EXP 	unnamed ImageStim: size = array([8.7890625, 8.7890625])
7.6113 	EXP 	unnamed ImageStim: image = '1.png'
12.0467 	EXP 	unnamed ImageStim: size = array([8.7890625, 8.7890625])
12.0467 	EXP 	unnamed ImageStim: image = '2.png'
16.3605 	EXP 	unnamed ImageStim: size = array([8.7890625, 8.7890625])
16.3605 	EXP 	unnamed ImageStim: image = '3.png'
20.6909 	DATA 	Keypress: escape
20.6969 	EXP 	unnamed ImageStim: size = array([8.7890625, 8.7890625])
20.6969 	EXP 	unnamed ImageStim: image = '4.png'
25.1832 	EXP 	unnamed ImageStim: size = array([8.7890625, 8.7890625])
25.1832 	EXP 	unnamed ImageStim: image = '5.png'
29.5056 	EXP 	unnamed ImageStim: size = array([8.7890625, 8.7890625])
29.5056 	EXP 	unnamed ImageStim: image = '6.png'
33.8498 	EXP 	unnamed ImageStim: size = array([8.7890625, 8.7890625])
33.8498 	EXP 	unnamed ImageStim: image = '7.png'
38.3335 	EXP 	window1: mouseVisible = True
