4.9650 	EXP 	Created window1 = Window(allowGUI=True, allowStencil=False, args=UNKNOWN, autoLog=True, bitsMode=UNKNOWN, blendMode='avg', color='white', colorSpace='named', fullscr=UNKNOWN, gamma=None, kwargs=UNKNOWN, lms=UNKNOWN, monitor=<psychopy.monitors.calibTools.Monitor object at 0x000001C628C389B0>, multiSample=False, name='window1', numSamples=2, pos=[320.0, 180.0], screen=0, size=array([1280,  720]), stereo=False, units='cm', useFBO=False, useRetina=False, viewOri=0.0, viewPos=None, viewScale=None, waitBlanking=True, winType='pyglet')
5.0378 	EXP 	Created unnamed TextStim = TextStim(__class__=<class 'psychopy.visual.text.TextStim'>, alignHoriz='center', alignVert='center', antialias=True, autoLog=True, bold=False, color='black', colorSpace='named', contrast=1.0, depth=0, flipHoriz=False, flipVert=False, font='arial', fontFiles=[], height=1.0, italic=False, name='unnamed TextStim', opacity=1.0, ori=0.0, pos=array([0., 0.]), rgb=array([0., 0., 0.]), text='', units='cm', win=Window(...), wrapWidth=15.0)
5.0552 	EXP 	Created unnamed ImageStim = ImageStim(__class__=<class 'psychopy.visual.image.ImageStim'>, autoLog=True, color=array([1., 1., 1.]), colorSpace='rgb', contrast=1.0, depth=0, flipHoriz=False, flipVert=False, image=None, interpolate=False, mask=None, maskParams=None, name='unnamed ImageStim', opacity=1.0, ori=0.0, pos=array([0., 0.]), size=array([0.5, 0.5]), texRes=128, units='cm', win=Window(...))
5.0569 	EXP 	Created unnamed ImageStim = ImageStim(__class__=<class 'psychopy.visual.image.ImageStim'>, autoLog=True, color=array([1., 1., 1.]), colorSpace='rgb', contrast=1.0, depth=0, flipHoriz=False, flipVert=False, image=None, interpolate=False, mask=None, maskParams=None, name='unnamed ImageStim', opacity=1.0, ori=0.0, pos=array([0., 0.]), size=array([0.5, 0.5]), texRes=128, units='cm', win=Window(...))
5.0587 	EXP 	Created unnamed ImageStim = ImageStim(__class__=<class 'psychopy.visual.image.ImageStim'>, autoLog=True, color=array([1., 1., 1.]), colorSpace='rgb', contrast=1.0, depth=0, flipHoriz=False, flipVert=False, image=None, interpolate=False, mask=None, maskParams=None, name='unnamed ImageStim', opacity=1.0, ori=0.0, pos=array([0., 0.]), size=array([0.5, 0.5]), texRes=128, units='cm', win=Window(...))
5.1167 	EXP 	unnamed ImageStim: pos = array([-8.,  0.])
5.1167 	EXP 	unnamed ImageStim: pos = array([8., 0.])
5.1167 	EXP 	unnamed TextStim: text = 'Welcome to this experiment.\n\nPress any key to continue.'
5.1291 	EXP 	unnamed TextStim: text = 'Welcome to this experiment.\n\nPress any key to continue.'
5.1459 	EXP 	unnamed TextStim: text = 'Welcome to this experiment.\n\nPress any key to continue.'
5.1625 	EXP 	unnamed TextStim: text = 'Welcome to this experiment.\n\nPress any key to continue.'
5.1791 	EXP 	unnamed TextStim: text = 'Welcome to this experiment.\n\nPress any key to continue.'
5.1959 	EXP 	unnamed TextStim: text = 'Welcome to this experiment.\n\nPress any key to continue.'
5.2133 	EXP 	unnamed TextStim: text = 'Welcome to this experiment.\n\nPress any key to continue.'
5.2298 	EXP 	unnamed TextStim: text = 'Welcome to this experiment.\n\nPress any key to continue.'
5.2465 	EXP 	unnamed TextStim: text = 'Welcome to this experiment.\n\nPress any key to continue.'
5.2631 	EXP 	unnamed TextStim: text = 'Welcome to this experiment.\n\nPress any key to continue.'
5.2798 	EXP 	unnamed TextStim: text = 'Welcome to this experiment.\n\nPress any key to continue.'
5.2964 	EXP 	unnamed TextStim: text = 'Welcome to this experiment.\n\nPress any key to continue.'
5.3130 	EXP 	unnamed TextStim: text = 'Welcome to this experiment.\n\nPress any key to continue.'
5.3298 	EXP 	unnamed TextStim: text = 'Welcome to this experiment.\n\nPress any key to continue.'
5.3478 	EXP 	unnamed TextStim: text = 'Welcome to this experiment.\n\nPress any key to continue.'
5.3645 	EXP 	unnamed TextStim: text = 'Welcome to this experiment.\n\nPress any key to continue.'
5.3811 	EXP 	unnamed TextStim: text = 'Welcome to this experiment.\n\nPress any key to continue.'
5.3981 	EXP 	unnamed TextStim: text = 'Welcome to this experiment.\n\nPress any key to continue.'
5.4146 	EXP 	unnamed TextStim: text = 'Welcome to this experiment.\n\nPress any key to continue.'
5.4311 	EXP 	unnamed TextStim: text = 'Welcome to this experiment.\n\nPress any key to continue.'
5.4480 	EXP 	unnamed TextStim: text = 'Welcome to this experiment.\n\nPress any key to continue.'
5.4646 	EXP 	unnamed TextStim: text = 'Welcome to this experiment.\n\nPress any key to continue.'
5.4811 	EXP 	unnamed TextStim: text = 'Welcome to this experiment.\n\nPress any key to continue.'
5.4978 	EXP 	unnamed TextStim: text = 'Welcome to this experiment.\n\nPress any key to continue.'
5.5144 	EXP 	unnamed TextStim: text = 'Welcome to this experiment.\n\nPress any key to continue.'
5.5311 	EXP 	unnamed TextStim: text = 'Welcome to this experiment.\n\nPress any key to continue.'
5.5480 	EXP 	unnamed TextStim: text = 'Welcome to this experiment.\n\nPress any key to continue.'
5.5643 	EXP 	unnamed TextStim: text = 'Welcome to this experiment.\n\nPress any key to continue.'
5.5812 	EXP 	unnamed TextStim: text = 'Welcome to this experiment.\n\nPress any key to continue.'
5.5977 	EXP 	unnamed TextStim: text = 'Welcome to this experiment.\n\nPress any key to continue.'
5.6143 	EXP 	unnamed TextStim: text = 'Welcome to this experiment.\n\nPress any key to continue.'
5.6317 	EXP 	unnamed TextStim: text = 'Welcome to this experiment.\n\nPress any key to continue.'
5.6475 	EXP 	unnamed TextStim: text = 'Welcome to this experiment.\n\nPress any key to continue.'
5.6482 	DATA 	Keypress: space
5.6971 	EXP 	unnamed TextStim: text = 'You will get to see pictures. \n\nYour task is to name the pictures as quickly as possible.'
5.7124 	EXP 	unnamed TextStim: text = 'You will get to see pictures. \n\nYour task is to name the pictures as quickly as possible.'
5.7290 	EXP 	unnamed TextStim: text = 'You will get to see pictures. \n\nYour task is to name the pictures as quickly as possible.'
5.7455 	EXP 	unnamed TextStim: text = 'You will get to see pictures. \n\nYour task is to name the pictures as quickly as possible.'
5.7629 	EXP 	unnamed TextStim: text = 'You will get to see pictures. \n\nYour task is to name the pictures as quickly as possible.'
5.7795 	EXP 	unnamed TextStim: text = 'You will get to see pictures. \n\nYour task is to name the pictures as quickly as possible.'
5.7962 	EXP 	unnamed TextStim: text = 'You will get to see pictures. \n\nYour task is to name the pictures as quickly as possible.'
5.8128 	EXP 	unnamed TextStim: text = 'You will get to see pictures. \n\nYour task is to name the pictures as quickly as possible.'
5.8295 	EXP 	unnamed TextStim: text = 'You will get to see pictures. \n\nYour task is to name the pictures as quickly as possible.'
5.8462 	EXP 	unnamed TextStim: text = 'You will get to see pictures. \n\nYour task is to name the pictures as quickly as possible.'
5.8465 	DATA 	Keypress: space
5.8631 	EXP 	unnamed TextStim: text = 'However, there is a catch.'
5.8793 	EXP 	unnamed TextStim: text = 'However, there is a catch.'
5.8962 	EXP 	unnamed TextStim: text = 'However, there is a catch.'
5.9128 	EXP 	unnamed TextStim: text = 'However, there is a catch.'
5.9294 	EXP 	unnamed TextStim: text = 'However, there is a catch.'
5.9461 	EXP 	unnamed TextStim: text = 'However, there is a catch.'
5.9627 	EXP 	unnamed TextStim: text = 'However, there is a catch.'
5.9797 	EXP 	unnamed TextStim: text = 'However, there is a catch.'
5.9961 	EXP 	unnamed TextStim: text = 'However, there is a catch.'
6.0126 	EXP 	unnamed TextStim: text = 'However, there is a catch.'
6.0295 	EXP 	unnamed TextStim: text = 'However, there is a catch.'
6.0298 	DATA 	Keypress: space
6.0628 	EXP 	unnamed TextStim: text = 'If you see a picture on the LEFT side of the screen, name the picture in English.'
6.0794 	EXP 	unnamed TextStim: text = 'If you see a picture on the LEFT side of the screen, name the picture in English.'
6.0955 	EXP 	unnamed TextStim: text = 'If you see a picture on the LEFT side of the screen, name the picture in English.'
6.1121 	EXP 	unnamed TextStim: text = 'If you see a picture on the LEFT side of the screen, name the picture in English.'
6.1292 	EXP 	unnamed TextStim: text = 'If you see a picture on the LEFT side of the screen, name the picture in English.'
6.1459 	EXP 	unnamed TextStim: text = 'If you see a picture on the LEFT side of the screen, name the picture in English.'
6.1627 	EXP 	unnamed TextStim: text = 'If you see a picture on the LEFT side of the screen, name the picture in English.'
6.1793 	EXP 	unnamed TextStim: text = 'If you see a picture on the LEFT side of the screen, name the picture in English.'
6.1961 	EXP 	unnamed TextStim: text = 'If you see a picture on the LEFT side of the screen, name the picture in English.'
6.1966 	DATA 	Keypress: space
6.2604 	EXP 	unnamed TextStim: text = 'If you see a picture on the RIGHT side of the screen, name the picture in Dutch.'
6.2786 	EXP 	unnamed TextStim: text = 'If you see a picture on the RIGHT side of the screen, name the picture in Dutch.'
6.2960 	EXP 	unnamed TextStim: text = 'If you see a picture on the RIGHT side of the screen, name the picture in Dutch.'
6.3126 	EXP 	unnamed TextStim: text = 'If you see a picture on the RIGHT side of the screen, name the picture in Dutch.'
6.3293 	EXP 	unnamed TextStim: text = 'If you see a picture on the RIGHT side of the screen, name the picture in Dutch.'
6.3458 	EXP 	unnamed TextStim: text = 'If you see a picture on the RIGHT side of the screen, name the picture in Dutch.'
6.3624 	EXP 	unnamed TextStim: text = 'If you see a picture on the RIGHT side of the screen, name the picture in Dutch.'
6.3628 	DATA 	Keypress: space
6.3801 	EXP 	unnamed TextStim: text = 'Ready? \n\nPress a key to start!'
6.3959 	EXP 	unnamed TextStim: text = 'Ready? \n\nPress a key to start!'
6.4125 	EXP 	unnamed TextStim: text = 'Ready? \n\nPress a key to start!'
6.4294 	EXP 	unnamed TextStim: text = 'Ready? \n\nPress a key to start!'
6.4458 	EXP 	unnamed TextStim: text = 'Ready? \n\nPress a key to start!'
6.4626 	EXP 	unnamed TextStim: text = 'Ready? \n\nPress a key to start!'
6.4791 	EXP 	unnamed TextStim: text = 'Ready? \n\nPress a key to start!'
6.4957 	EXP 	unnamed TextStim: text = 'Ready? \n\nPress a key to start!'
6.5124 	EXP 	unnamed TextStim: text = 'Ready? \n\nPress a key to start!'
6.5291 	EXP 	unnamed TextStim: text = 'Ready? \n\nPress a key to start!'
6.5458 	EXP 	unnamed TextStim: text = 'Ready? \n\nPress a key to start!'
6.5624 	EXP 	unnamed TextStim: text = 'Ready? \n\nPress a key to start!'
6.5808 	EXP 	unnamed TextStim: text = 'Ready? \n\nPress a key to start!'
6.5975 	EXP 	unnamed TextStim: text = 'Ready? \n\nPress a key to start!'
6.6138 	EXP 	unnamed TextStim: text = 'Ready? \n\nPress a key to start!'
6.6305 	EXP 	unnamed TextStim: text = 'Ready? \n\nPress a key to start!'
6.6473 	EXP 	unnamed TextStim: text = 'Ready? \n\nPress a key to start!'
6.6640 	EXP 	unnamed TextStim: text = 'Ready? \n\nPress a key to start!'
6.6805 	EXP 	unnamed TextStim: text = 'Ready? \n\nPress a key to start!'
6.6970 	EXP 	unnamed TextStim: text = 'Ready? \n\nPress a key to start!'
6.7142 	EXP 	unnamed TextStim: text = 'Ready? \n\nPress a key to start!'
6.7307 	EXP 	unnamed TextStim: text = 'Ready? \n\nPress a key to start!'
6.7472 	EXP 	unnamed TextStim: text = 'Ready? \n\nPress a key to start!'
6.7639 	EXP 	unnamed TextStim: text = 'Ready? \n\nPress a key to start!'
6.7805 	EXP 	unnamed TextStim: text = 'Ready? \n\nPress a key to start!'
6.7972 	EXP 	unnamed TextStim: text = 'Ready? \n\nPress a key to start!'
6.7991 	DATA 	Keypress: space
6.8137 	EXP 	unnamed TextStim: text = 'Ready? \n\nPress a key to start!'
6.8349 	EXP 	unnamed ImageStim: size = array([8.7890625, 8.7890625])
6.8349 	EXP 	unnamed ImageStim: image = '1.png'
11.2647 	EXP 	unnamed ImageStim: size = array([8.7890625, 8.7890625])
11.2647 	EXP 	unnamed ImageStim: image = '2.png'
15.5833 	EXP 	unnamed ImageStim: size = array([8.7890625, 8.7890625])
15.5833 	EXP 	unnamed ImageStim: image = '3.png'
19.9181 	EXP 	unnamed ImageStim: size = array([8.7890625, 8.7890625])
19.9181 	EXP 	unnamed ImageStim: image = '4.png'
24.3001 	EXP 	unnamed ImageStim: size = array([8.7890625, 8.7890625])
24.3001 	EXP 	unnamed ImageStim: image = '5.png'
28.6649 	EXP 	unnamed ImageStim: size = array([8.7890625, 8.7890625])
28.6649 	EXP 	unnamed ImageStim: image = '6.png'
33.0103 	EXP 	unnamed ImageStim: size = array([8.7890625, 8.7890625])
33.0103 	EXP 	unnamed ImageStim: image = '7.png'
37.4488 	EXP 	window1: mouseVisible = True
