8.1247 	EXP 	Created window1 = Window(allowGUI=True, allowStencil=False, args=UNKNOWN, autoLog=True, bitsMode=UNKNOWN, blendMode='avg', color='white', colorSpace='named', fullscr=UNKNOWN, gamma=None, kwargs=UNKNOWN, lms=UNKNOWN, monitor=<psychopy.monitors.calibTools.Monitor object at 0x000001FCC62A8518>, multiSample=False, name='window1', numSamples=2, pos=[320.0, 180.0], screen=0, size=array([1280,  720]), stereo=False, units='cm', useFBO=False, useRetina=False, viewOri=0.0, viewPos=None, viewScale=None, waitBlanking=True, winType='pyglet')
8.2048 	EXP 	Created unnamed TextStim = TextStim(__class__=<class 'psychopy.visual.text.TextStim'>, alignHoriz='center', alignVert='center', antialias=True, autoLog=True, bold=False, color='black', colorSpace='named', contrast=1.0, depth=0, flipHoriz=False, flipVert=False, font='arial', fontFiles=[], height=1.0, italic=False, name='unnamed TextStim', opacity=1.0, ori=0.0, pos=array([0., 0.]), rgb=array([0., 0., 0.]), text='', units='cm', win=Window(...), wrapWidth=15.0)
8.2205 	EXP 	Created unnamed ImageStim = ImageStim(__class__=<class 'psychopy.visual.image.ImageStim'>, autoLog=True, color=array([1., 1., 1.]), colorSpace='rgb', contrast=1.0, depth=0, flipHoriz=False, flipVert=False, image=None, interpolate=False, mask=None, maskParams=None, name='unnamed ImageStim', opacity=1.0, ori=0.0, pos=array([0., 0.]), size=array([0.5, 0.5]), texRes=128, units='cm', win=Window(...))
8.2222 	EXP 	Created unnamed ImageStim = ImageStim(__class__=<class 'psychopy.visual.image.ImageStim'>, autoLog=True, color=array([1., 1., 1.]), colorSpace='rgb', contrast=1.0, depth=0, flipHoriz=False, flipVert=False, image=None, interpolate=False, mask=None, maskParams=None, name='unnamed ImageStim', opacity=1.0, ori=0.0, pos=array([0., 0.]), size=array([0.5, 0.5]), texRes=128, units='cm', win=Window(...))
8.2776 	EXP 	unnamed ImageStim: pos = array([-8.,  0.])
8.2776 	EXP 	unnamed ImageStim: pos = array([8., 0.])
8.2776 	EXP 	unnamed TextStim: text = 'Welcome to this experiment.\n\nPress any key to continue.'
8.2863 	EXP 	unnamed TextStim: text = 'Welcome to this experiment.\n\nPress any key to continue.'
8.3039 	EXP 	unnamed TextStim: text = 'Welcome to this experiment.\n\nPress any key to continue.'
8.3209 	EXP 	unnamed TextStim: text = 'Welcome to this experiment.\n\nPress any key to continue.'
8.3386 	EXP 	unnamed TextStim: text = 'Welcome to this experiment.\n\nPress any key to continue.'
8.3547 	EXP 	unnamed TextStim: text = 'Welcome to this experiment.\n\nPress any key to continue.'
8.3716 	EXP 	unnamed TextStim: text = 'Welcome to this experiment.\n\nPress any key to continue.'
8.3879 	EXP 	unnamed TextStim: text = 'Welcome to this experiment.\n\nPress any key to continue.'
8.4045 	EXP 	unnamed TextStim: text = 'Welcome to this experiment.\n\nPress any key to continue.'
8.4214 	EXP 	unnamed TextStim: text = 'Welcome to this experiment.\n\nPress any key to continue.'
8.4381 	EXP 	unnamed TextStim: text = 'Welcome to this experiment.\n\nPress any key to continue.'
8.4547 	EXP 	unnamed TextStim: text = 'Welcome to this experiment.\n\nPress any key to continue.'
8.4714 	EXP 	unnamed TextStim: text = 'Welcome to this experiment.\n\nPress any key to continue.'
8.4880 	EXP 	unnamed TextStim: text = 'Welcome to this experiment.\n\nPress any key to continue.'
8.5046 	EXP 	unnamed TextStim: text = 'Welcome to this experiment.\n\nPress any key to continue.'
8.5218 	EXP 	unnamed TextStim: text = 'Welcome to this experiment.\n\nPress any key to continue.'
8.5382 	EXP 	unnamed TextStim: text = 'Welcome to this experiment.\n\nPress any key to continue.'
8.5546 	EXP 	unnamed TextStim: text = 'Welcome to this experiment.\n\nPress any key to continue.'
8.5711 	EXP 	unnamed TextStim: text = 'Welcome to this experiment.\n\nPress any key to continue.'
8.5879 	EXP 	unnamed TextStim: text = 'Welcome to this experiment.\n\nPress any key to continue.'
8.6047 	EXP 	unnamed TextStim: text = 'Welcome to this experiment.\n\nPress any key to continue.'
8.6214 	EXP 	unnamed TextStim: text = 'Welcome to this experiment.\n\nPress any key to continue.'
8.6379 	EXP 	unnamed TextStim: text = 'Welcome to this experiment.\n\nPress any key to continue.'
8.6546 	EXP 	unnamed TextStim: text = 'Welcome to this experiment.\n\nPress any key to continue.'
8.6715 	EXP 	unnamed TextStim: text = 'Welcome to this experiment.\n\nPress any key to continue.'
8.6878 	EXP 	unnamed TextStim: text = 'Welcome to this experiment.\n\nPress any key to continue.'
8.7047 	EXP 	unnamed TextStim: text = 'Welcome to this experiment.\n\nPress any key to continue.'
8.7214 	EXP 	unnamed TextStim: text = 'Welcome to this experiment.\n\nPress any key to continue.'
8.7377 	EXP 	unnamed TextStim: text = 'Welcome to this experiment.\n\nPress any key to continue.'
8.7548 	EXP 	unnamed TextStim: text = 'Welcome to this experiment.\n\nPress any key to continue.'
8.7716 	EXP 	unnamed TextStim: text = 'Welcome to this experiment.\n\nPress any key to continue.'
8.7882 	EXP 	unnamed TextStim: text = 'Welcome to this experiment.\n\nPress any key to continue.'
8.8051 	EXP 	unnamed TextStim: text = 'Welcome to this experiment.\n\nPress any key to continue.'
8.8216 	EXP 	unnamed TextStim: text = 'Welcome to this experiment.\n\nPress any key to continue.'
8.8383 	EXP 	unnamed TextStim: text = 'Welcome to this experiment.\n\nPress any key to continue.'
8.8548 	EXP 	unnamed TextStim: text = 'Welcome to this experiment.\n\nPress any key to continue.'
8.8717 	EXP 	unnamed TextStim: text = 'Welcome to this experiment.\n\nPress any key to continue.'
8.8882 	EXP 	unnamed TextStim: text = 'Welcome to this experiment.\n\nPress any key to continue.'
8.9050 	EXP 	unnamed TextStim: text = 'Welcome to this experiment.\n\nPress any key to continue.'
8.9221 	EXP 	unnamed TextStim: text = 'Welcome to this experiment.\n\nPress any key to continue.'
8.9379 	EXP 	unnamed TextStim: text = 'Welcome to this experiment.\n\nPress any key to continue.'
8.9545 	EXP 	unnamed TextStim: text = 'Welcome to this experiment.\n\nPress any key to continue.'
8.9713 	EXP 	unnamed TextStim: text = 'Welcome to this experiment.\n\nPress any key to continue.'
8.9881 	EXP 	unnamed TextStim: text = 'Welcome to this experiment.\n\nPress any key to continue.'
9.0047 	EXP 	unnamed TextStim: text = 'Welcome to this experiment.\n\nPress any key to continue.'
9.0215 	EXP 	unnamed TextStim: text = 'Welcome to this experiment.\n\nPress any key to continue.'
9.0379 	EXP 	unnamed TextStim: text = 'Welcome to this experiment.\n\nPress any key to continue.'
9.0546 	EXP 	unnamed TextStim: text = 'Welcome to this experiment.\n\nPress any key to continue.'
9.0713 	EXP 	unnamed TextStim: text = 'Welcome to this experiment.\n\nPress any key to continue.'
9.0879 	EXP 	unnamed TextStim: text = 'Welcome to this experiment.\n\nPress any key to continue.'
9.1046 	EXP 	unnamed TextStim: text = 'Welcome to this experiment.\n\nPress any key to continue.'
9.1212 	EXP 	unnamed TextStim: text = 'Welcome to this experiment.\n\nPress any key to continue.'
9.1378 	EXP 	unnamed TextStim: text = 'Welcome to this experiment.\n\nPress any key to continue.'
9.1386 	DATA 	Keypress: space
9.2052 	EXP 	unnamed TextStim: text = 'You will get to see pictures. \n\nYour task is to name the pictures as quickly as possible.'
9.2196 	EXP 	unnamed TextStim: text = 'You will get to see pictures. \n\nYour task is to name the pictures as quickly as possible.'
9.2365 	EXP 	unnamed TextStim: text = 'You will get to see pictures. \n\nYour task is to name the pictures as quickly as possible.'
9.2530 	EXP 	unnamed TextStim: text = 'You will get to see pictures. \n\nYour task is to name the pictures as quickly as possible.'
9.2713 	EXP 	unnamed TextStim: text = 'You will get to see pictures. \n\nYour task is to name the pictures as quickly as possible.'
9.2878 	EXP 	unnamed TextStim: text = 'You will get to see pictures. \n\nYour task is to name the pictures as quickly as possible.'
9.3044 	EXP 	unnamed TextStim: text = 'You will get to see pictures. \n\nYour task is to name the pictures as quickly as possible.'
9.3214 	EXP 	unnamed TextStim: text = 'You will get to see pictures. \n\nYour task is to name the pictures as quickly as possible.'
9.3378 	EXP 	unnamed TextStim: text = 'You will get to see pictures. \n\nYour task is to name the pictures as quickly as possible.'
9.3545 	EXP 	unnamed TextStim: text = 'You will get to see pictures. \n\nYour task is to name the pictures as quickly as possible.'
9.3710 	EXP 	unnamed TextStim: text = 'You will get to see pictures. \n\nYour task is to name the pictures as quickly as possible.'
9.3878 	EXP 	unnamed TextStim: text = 'You will get to see pictures. \n\nYour task is to name the pictures as quickly as possible.'
9.4048 	EXP 	unnamed TextStim: text = 'You will get to see pictures. \n\nYour task is to name the pictures as quickly as possible.'
9.4210 	EXP 	unnamed TextStim: text = 'You will get to see pictures. \n\nYour task is to name the pictures as quickly as possible.'
9.4376 	EXP 	unnamed TextStim: text = 'You will get to see pictures. \n\nYour task is to name the pictures as quickly as possible.'
9.4543 	EXP 	unnamed TextStim: text = 'You will get to see pictures. \n\nYour task is to name the pictures as quickly as possible.'
9.4561 	DATA 	Keypress: space
9.4710 	EXP 	unnamed TextStim: text = 'You will get to see pictures. \n\nYour task is to name the pictures as quickly as possible.'
9.5105 	EXP 	unnamed TextStim: text = 'However, there is a catch.'
9.5205 	EXP 	unnamed TextStim: text = 'However, there is a catch.'
9.5372 	EXP 	unnamed TextStim: text = 'However, there is a catch.'
9.5546 	EXP 	unnamed TextStim: text = 'However, there is a catch.'
9.5709 	EXP 	unnamed TextStim: text = 'However, there is a catch.'
9.5878 	EXP 	unnamed TextStim: text = 'However, there is a catch.'
9.6042 	EXP 	unnamed TextStim: text = 'However, there is a catch.'
9.6211 	EXP 	unnamed TextStim: text = 'However, there is a catch.'
9.6378 	EXP 	unnamed TextStim: text = 'However, there is a catch.'
9.6543 	EXP 	unnamed TextStim: text = 'However, there is a catch.'
9.6712 	EXP 	unnamed TextStim: text = 'However, there is a catch.'
9.6876 	EXP 	unnamed TextStim: text = 'However, there is a catch.'
9.7043 	EXP 	unnamed TextStim: text = 'However, there is a catch.'
9.7210 	EXP 	unnamed TextStim: text = 'However, there is a catch.'
9.7378 	EXP 	unnamed TextStim: text = 'However, there is a catch.'
9.7544 	EXP 	unnamed TextStim: text = 'However, there is a catch.'
9.7711 	EXP 	unnamed TextStim: text = 'However, there is a catch.'
9.7875 	EXP 	unnamed TextStim: text = 'However, there is a catch.'
9.8045 	EXP 	unnamed TextStim: text = 'However, there is a catch.'
9.8210 	EXP 	unnamed TextStim: text = 'However, there is a catch.'
9.8381 	EXP 	unnamed TextStim: text = 'However, there is a catch.'
9.8390 	DATA 	Keypress: space
9.9110 	EXP 	unnamed TextStim: text = 'If you see a picture on the LEFT side of the screen, name the picture in English.'
9.9203 	EXP 	unnamed TextStim: text = 'If you see a picture on the LEFT side of the screen, name the picture in English.'
9.9373 	EXP 	unnamed TextStim: text = 'If you see a picture on the LEFT side of the screen, name the picture in English.'
9.9540 	EXP 	unnamed TextStim: text = 'If you see a picture on the LEFT side of the screen, name the picture in English.'
9.9703 	EXP 	unnamed TextStim: text = 'If you see a picture on the LEFT side of the screen, name the picture in English.'
9.9876 	EXP 	unnamed TextStim: text = 'If you see a picture on the LEFT side of the screen, name the picture in English.'
10.0047 	EXP 	unnamed TextStim: text = 'If you see a picture on the LEFT side of the screen, name the picture in English.'
10.0209 	EXP 	unnamed TextStim: text = 'If you see a picture on the LEFT side of the screen, name the picture in English.'
10.0374 	EXP 	unnamed TextStim: text = 'If you see a picture on the LEFT side of the screen, name the picture in English.'
10.0542 	EXP 	unnamed TextStim: text = 'If you see a picture on the LEFT side of the screen, name the picture in English.'
10.0710 	EXP 	unnamed TextStim: text = 'If you see a picture on the LEFT side of the screen, name the picture in English.'
10.0874 	EXP 	unnamed TextStim: text = 'If you see a picture on the LEFT side of the screen, name the picture in English.'
10.1043 	EXP 	unnamed TextStim: text = 'If you see a picture on the LEFT side of the screen, name the picture in English.'
10.1208 	EXP 	unnamed TextStim: text = 'If you see a picture on the LEFT side of the screen, name the picture in English.'
10.1374 	EXP 	unnamed TextStim: text = 'If you see a picture on the LEFT side of the screen, name the picture in English.'
10.1542 	EXP 	unnamed TextStim: text = 'If you see a picture on the LEFT side of the screen, name the picture in English.'
10.1707 	EXP 	unnamed TextStim: text = 'If you see a picture on the LEFT side of the screen, name the picture in English.'
10.1873 	EXP 	unnamed TextStim: text = 'If you see a picture on the LEFT side of the screen, name the picture in English.'
10.2039 	EXP 	unnamed TextStim: text = 'If you see a picture on the LEFT side of the screen, name the picture in English.'
10.2207 	EXP 	unnamed TextStim: text = 'If you see a picture on the LEFT side of the screen, name the picture in English.'
10.2214 	DATA 	Keypress: space
10.3056 	EXP 	unnamed TextStim: text = 'If you see a picture on the RIGHT side of the screen, name the picture in Dutch.'
10.3188 	EXP 	unnamed TextStim: text = 'If you see a picture on the RIGHT side of the screen, name the picture in Dutch.'
10.3355 	EXP 	unnamed TextStim: text = 'If you see a picture on the RIGHT side of the screen, name the picture in Dutch.'
10.3535 	EXP 	unnamed TextStim: text = 'If you see a picture on the RIGHT side of the screen, name the picture in Dutch.'
10.3709 	EXP 	unnamed TextStim: text = 'If you see a picture on the RIGHT side of the screen, name the picture in Dutch.'
10.3874 	EXP 	unnamed TextStim: text = 'If you see a picture on the RIGHT side of the screen, name the picture in Dutch.'
10.4041 	EXP 	unnamed TextStim: text = 'If you see a picture on the RIGHT side of the screen, name the picture in Dutch.'
10.4209 	EXP 	unnamed TextStim: text = 'If you see a picture on the RIGHT side of the screen, name the picture in Dutch.'
10.4375 	EXP 	unnamed TextStim: text = 'If you see a picture on the RIGHT side of the screen, name the picture in Dutch.'
10.4540 	EXP 	unnamed TextStim: text = 'If you see a picture on the RIGHT side of the screen, name the picture in Dutch.'
10.4709 	EXP 	unnamed TextStim: text = 'If you see a picture on the RIGHT side of the screen, name the picture in Dutch.'
10.4872 	EXP 	unnamed TextStim: text = 'If you see a picture on the RIGHT side of the screen, name the picture in Dutch.'
10.5041 	EXP 	unnamed TextStim: text = 'If you see a picture on the RIGHT side of the screen, name the picture in Dutch.'
10.5207 	EXP 	unnamed TextStim: text = 'If you see a picture on the RIGHT side of the screen, name the picture in Dutch.'
10.5373 	EXP 	unnamed TextStim: text = 'If you see a picture on the RIGHT side of the screen, name the picture in Dutch.'
10.5540 	EXP 	unnamed TextStim: text = 'If you see a picture on the RIGHT side of the screen, name the picture in Dutch.'
10.5708 	EXP 	unnamed TextStim: text = 'If you see a picture on the RIGHT side of the screen, name the picture in Dutch.'
10.5875 	EXP 	unnamed TextStim: text = 'If you see a picture on the RIGHT side of the screen, name the picture in Dutch.'
10.6038 	EXP 	unnamed TextStim: text = 'If you see a picture on the RIGHT side of the screen, name the picture in Dutch.'
10.6205 	EXP 	unnamed TextStim: text = 'If you see a picture on the RIGHT side of the screen, name the picture in Dutch.'
10.6374 	EXP 	unnamed TextStim: text = 'If you see a picture on the RIGHT side of the screen, name the picture in Dutch.'
10.6537 	EXP 	unnamed TextStim: text = 'If you see a picture on the RIGHT side of the screen, name the picture in Dutch.'
10.6707 	EXP 	unnamed TextStim: text = 'If you see a picture on the RIGHT side of the screen, name the picture in Dutch.'
10.6871 	EXP 	unnamed TextStim: text = 'If you see a picture on the RIGHT side of the screen, name the picture in Dutch.'
10.6878 	DATA 	Keypress: space
10.7245 	EXP 	unnamed TextStim: text = 'Ready? \n\nPress a key to start!'
10.7370 	EXP 	unnamed TextStim: text = 'Ready? \n\nPress a key to start!'
10.7535 	EXP 	unnamed TextStim: text = 'Ready? \n\nPress a key to start!'
10.7703 	EXP 	unnamed TextStim: text = 'Ready? \n\nPress a key to start!'
10.7873 	EXP 	unnamed TextStim: text = 'Ready? \n\nPress a key to start!'
10.8037 	EXP 	unnamed TextStim: text = 'Ready? \n\nPress a key to start!'
10.8207 	EXP 	unnamed TextStim: text = 'Ready? \n\nPress a key to start!'
10.8369 	EXP 	unnamed TextStim: text = 'Ready? \n\nPress a key to start!'
10.8538 	EXP 	unnamed TextStim: text = 'Ready? \n\nPress a key to start!'
10.8707 	EXP 	unnamed TextStim: text = 'Ready? \n\nPress a key to start!'
10.8869 	EXP 	unnamed TextStim: text = 'Ready? \n\nPress a key to start!'
10.9036 	EXP 	unnamed TextStim: text = 'Ready? \n\nPress a key to start!'
10.9206 	EXP 	unnamed TextStim: text = 'Ready? \n\nPress a key to start!'
10.9371 	EXP 	unnamed TextStim: text = 'Ready? \n\nPress a key to start!'
10.9538 	EXP 	unnamed TextStim: text = 'Ready? \n\nPress a key to start!'
10.9704 	EXP 	unnamed TextStim: text = 'Ready? \n\nPress a key to start!'
10.9870 	EXP 	unnamed TextStim: text = 'Ready? \n\nPress a key to start!'
11.0039 	EXP 	unnamed TextStim: text = 'Ready? \n\nPress a key to start!'
11.0205 	EXP 	unnamed TextStim: text = 'Ready? \n\nPress a key to start!'
11.0369 	EXP 	unnamed TextStim: text = 'Ready? \n\nPress a key to start!'
11.0538 	EXP 	unnamed TextStim: text = 'Ready? \n\nPress a key to start!'
11.0707 	EXP 	unnamed TextStim: text = 'Ready? \n\nPress a key to start!'
11.0870 	EXP 	unnamed TextStim: text = 'Ready? \n\nPress a key to start!'
11.1036 	EXP 	unnamed TextStim: text = 'Ready? \n\nPress a key to start!'
11.1205 	EXP 	unnamed TextStim: text = 'Ready? \n\nPress a key to start!'
11.1369 	EXP 	unnamed TextStim: text = 'Ready? \n\nPress a key to start!'
11.1536 	EXP 	unnamed TextStim: text = 'Ready? \n\nPress a key to start!'
11.1704 	EXP 	unnamed TextStim: text = 'Ready? \n\nPress a key to start!'
11.1869 	EXP 	unnamed TextStim: text = 'Ready? \n\nPress a key to start!'
11.2035 	EXP 	unnamed TextStim: text = 'Ready? \n\nPress a key to start!'
11.2203 	EXP 	unnamed TextStim: text = 'Ready? \n\nPress a key to start!'
11.2369 	EXP 	unnamed TextStim: text = 'Ready? \n\nPress a key to start!'
11.2537 	EXP 	unnamed TextStim: text = 'Ready? \n\nPress a key to start!'
11.2701 	EXP 	unnamed TextStim: text = 'Ready? \n\nPress a key to start!'
11.2870 	EXP 	unnamed TextStim: text = 'Ready? \n\nPress a key to start!'
11.3036 	EXP 	unnamed TextStim: text = 'Ready? \n\nPress a key to start!'
11.3200 	EXP 	unnamed TextStim: text = 'Ready? \n\nPress a key to start!'
11.3369 	EXP 	unnamed TextStim: text = 'Ready? \n\nPress a key to start!'
11.3535 	EXP 	unnamed TextStim: text = 'Ready? \n\nPress a key to start!'
11.3703 	EXP 	unnamed TextStim: text = 'Ready? \n\nPress a key to start!'
11.3869 	EXP 	unnamed TextStim: text = 'Ready? \n\nPress a key to start!'
11.4034 	EXP 	unnamed TextStim: text = 'Ready? \n\nPress a key to start!'
11.4201 	EXP 	unnamed TextStim: text = 'Ready? \n\nPress a key to start!'
11.4371 	EXP 	unnamed TextStim: text = 'Ready? \n\nPress a key to start!'
11.4533 	EXP 	unnamed TextStim: text = 'Ready? \n\nPress a key to start!'
11.4704 	EXP 	unnamed TextStim: text = 'Ready? \n\nPress a key to start!'
11.4869 	EXP 	unnamed TextStim: text = 'Ready? \n\nPress a key to start!'
11.5036 	EXP 	unnamed TextStim: text = 'Ready? \n\nPress a key to start!'
11.5202 	EXP 	unnamed TextStim: text = 'Ready? \n\nPress a key to start!'
11.5368 	EXP 	unnamed TextStim: text = 'Ready? \n\nPress a key to start!'
11.5536 	EXP 	unnamed TextStim: text = 'Ready? \n\nPress a key to start!'
11.5704 	EXP 	unnamed TextStim: text = 'Ready? \n\nPress a key to start!'
11.5867 	EXP 	unnamed TextStim: text = 'Ready? \n\nPress a key to start!'
11.6035 	EXP 	unnamed TextStim: text = 'Ready? \n\nPress a key to start!'
11.6202 	EXP 	unnamed TextStim: text = 'Ready? \n\nPress a key to start!'
11.6367 	EXP 	unnamed TextStim: text = 'Ready? \n\nPress a key to start!'
11.6534 	EXP 	unnamed TextStim: text = 'Ready? \n\nPress a key to start!'
11.6700 	EXP 	unnamed TextStim: text = 'Ready? \n\nPress a key to start!'
11.6866 	EXP 	unnamed TextStim: text = 'Ready? \n\nPress a key to start!'
11.7035 	EXP 	unnamed TextStim: text = 'Ready? \n\nPress a key to start!'
11.7201 	EXP 	unnamed TextStim: text = 'Ready? \n\nPress a key to start!'
11.7211 	DATA 	Keypress: space
11.7412 	EXP 	unnamed ImageStim: size = array([8.7890625, 8.7890625])
11.7412 	EXP 	unnamed ImageStim: image = 'stimuli/1.png'
16.3047 	EXP 	unnamed ImageStim: size = array([8.7890625, 8.7890625])
16.3047 	EXP 	unnamed ImageStim: image = 'stimuli/2.png'
20.6546 	EXP 	unnamed ImageStim: size = array([8.7890625, 8.7890625])
20.6546 	EXP 	unnamed ImageStim: image = 'stimuli/3.png'
25.0390 	EXP 	unnamed ImageStim: size = array([8.7890625, 8.7890625])
25.0390 	EXP 	unnamed ImageStim: image = 'stimuli/4.png'
29.3963 	EXP 	unnamed ImageStim: size = array([8.7890625, 8.7890625])
29.3963 	EXP 	unnamed ImageStim: image = 'stimuli/5.png'
33.7488 	EXP 	unnamed ImageStim: size = array([8.7890625, 8.7890625])
33.7488 	EXP 	unnamed ImageStim: image = 'stimuli/6.png'
38.1307 	EXP 	unnamed ImageStim: size = array([8.7890625, 8.7890625])
38.1307 	EXP 	unnamed ImageStim: image = 'stimuli/7.png'
42.6059 	EXP 	window1: mouseVisible = True
