4.8353 	EXP 	Created window1 = Window(allowGUI=True, allowStencil=False, args=UNKNOWN, autoLog=True, bitsMode=UNKNOWN, blendMode='avg', color='white', colorSpace='named', fullscr=UNKNOWN, gamma=None, kwargs=UNKNOWN, lms=UNKNOWN, monitor=<psychopy.monitors.calibTools.Monitor object at 0x000001A592A589B0>, multiSample=False, name='window1', numSamples=2, pos=[320.0, 180.0], screen=0, size=array([1280,  720]), stereo=False, units='cm', useFBO=False, useRetina=False, viewOri=0.0, viewPos=None, viewScale=None, waitBlanking=True, winType='pyglet')
4.9004 	EXP 	Created unnamed TextStim = TextStim(__class__=<class 'psychopy.visual.text.TextStim'>, alignHoriz='center', alignVert='center', antialias=True, autoLog=True, bold=False, color='black', colorSpace='named', contrast=1.0, depth=0, flipHoriz=False, flipVert=False, font='arial', fontFiles=[], height=1.0, italic=False, name='unnamed TextStim', opacity=1.0, ori=0.0, pos=array([0., 0.]), rgb=array([0., 0., 0.]), text='', units='cm', win=Window(...), wrapWidth=15.0)
4.9175 	EXP 	Created unnamed ImageStim = ImageStim(__class__=<class 'psychopy.visual.image.ImageStim'>, autoLog=True, color=array([1., 1., 1.]), colorSpace='rgb', contrast=1.0, depth=0, flipHoriz=False, flipVert=False, image=None, interpolate=False, mask=None, maskParams=None, name='unnamed ImageStim', opacity=1.0, ori=0.0, pos=array([0., 0.]), size=array([0.5, 0.5]), texRes=128, units='cm', win=Window(...))
4.9190 	EXP 	Created unnamed ImageStim = ImageStim(__class__=<class 'psychopy.visual.image.ImageStim'>, autoLog=True, color=array([1., 1., 1.]), colorSpace='rgb', contrast=1.0, depth=0, flipHoriz=False, flipVert=False, image=None, interpolate=False, mask=None, maskParams=None, name='unnamed ImageStim', opacity=1.0, ori=0.0, pos=array([0., 0.]), size=array([0.5, 0.5]), texRes=128, units='cm', win=Window(...))
4.9205 	EXP 	Created unnamed ImageStim = ImageStim(__class__=<class 'psychopy.visual.image.ImageStim'>, autoLog=True, color=array([1., 1., 1.]), colorSpace='rgb', contrast=1.0, depth=0, flipHoriz=False, flipVert=False, image=None, interpolate=False, mask=None, maskParams=None, name='unnamed ImageStim', opacity=1.0, ori=0.0, pos=array([0., 0.]), size=array([0.5, 0.5]), texRes=128, units='cm', win=Window(...))
4.9744 	EXP 	unnamed ImageStim: pos = array([-8.,  0.])
4.9744 	EXP 	unnamed ImageStim: pos = array([8., 0.])
4.9744 	EXP 	unnamed TextStim: text = 'Welcome to this experiment.\n\nPress any key to continue.'
4.9835 	EXP 	unnamed TextStim: text = 'Welcome to this experiment.\n\nPress any key to continue.'
5.0000 	EXP 	unnamed TextStim: text = 'Welcome to this experiment.\n\nPress any key to continue.'
5.0172 	EXP 	unnamed TextStim: text = 'Welcome to this experiment.\n\nPress any key to continue.'
5.0339 	EXP 	unnamed TextStim: text = 'Welcome to this experiment.\n\nPress any key to continue.'
5.0508 	EXP 	unnamed TextStim: text = 'Welcome to this experiment.\n\nPress any key to continue.'
5.0671 	EXP 	unnamed TextStim: text = 'Welcome to this experiment.\n\nPress any key to continue.'
5.0838 	EXP 	unnamed TextStim: text = 'Welcome to this experiment.\n\nPress any key to continue.'
5.1003 	EXP 	unnamed TextStim: text = 'Welcome to this experiment.\n\nPress any key to continue.'
5.1171 	EXP 	unnamed TextStim: text = 'Welcome to this experiment.\n\nPress any key to continue.'
5.1338 	EXP 	unnamed TextStim: text = 'Welcome to this experiment.\n\nPress any key to continue.'
5.1503 	EXP 	unnamed TextStim: text = 'Welcome to this experiment.\n\nPress any key to continue.'
5.1671 	EXP 	unnamed TextStim: text = 'Welcome to this experiment.\n\nPress any key to continue.'
5.1836 	EXP 	unnamed TextStim: text = 'Welcome to this experiment.\n\nPress any key to continue.'
5.2003 	EXP 	unnamed TextStim: text = 'Welcome to this experiment.\n\nPress any key to continue.'
5.2170 	EXP 	unnamed TextStim: text = 'Welcome to this experiment.\n\nPress any key to continue.'
5.2336 	EXP 	unnamed TextStim: text = 'Welcome to this experiment.\n\nPress any key to continue.'
5.2505 	EXP 	unnamed TextStim: text = 'Welcome to this experiment.\n\nPress any key to continue.'
5.2671 	EXP 	unnamed TextStim: text = 'Welcome to this experiment.\n\nPress any key to continue.'
5.2837 	EXP 	unnamed TextStim: text = 'Welcome to this experiment.\n\nPress any key to continue.'
5.3004 	EXP 	unnamed TextStim: text = 'Welcome to this experiment.\n\nPress any key to continue.'
5.3168 	EXP 	unnamed TextStim: text = 'Welcome to this experiment.\n\nPress any key to continue.'
5.3337 	EXP 	unnamed TextStim: text = 'Welcome to this experiment.\n\nPress any key to continue.'
5.3509 	EXP 	unnamed TextStim: text = 'Welcome to this experiment.\n\nPress any key to continue.'
5.3682 	EXP 	unnamed TextStim: text = 'Welcome to this experiment.\n\nPress any key to continue.'
5.3847 	EXP 	unnamed TextStim: text = 'Welcome to this experiment.\n\nPress any key to continue.'
5.4015 	EXP 	unnamed TextStim: text = 'Welcome to this experiment.\n\nPress any key to continue.'
5.4185 	EXP 	unnamed TextStim: text = 'Welcome to this experiment.\n\nPress any key to continue.'
5.4351 	EXP 	unnamed TextStim: text = 'Welcome to this experiment.\n\nPress any key to continue.'
5.4517 	EXP 	unnamed TextStim: text = 'Welcome to this experiment.\n\nPress any key to continue.'
5.4685 	EXP 	unnamed TextStim: text = 'Welcome to this experiment.\n\nPress any key to continue.'
5.4849 	EXP 	unnamed TextStim: text = 'Welcome to this experiment.\n\nPress any key to continue.'
5.5018 	EXP 	unnamed TextStim: text = 'Welcome to this experiment.\n\nPress any key to continue.'
5.5183 	EXP 	unnamed TextStim: text = 'Welcome to this experiment.\n\nPress any key to continue.'
5.5350 	EXP 	unnamed TextStim: text = 'Welcome to this experiment.\n\nPress any key to continue.'
5.5516 	EXP 	unnamed TextStim: text = 'Welcome to this experiment.\n\nPress any key to continue.'
5.5684 	EXP 	unnamed TextStim: text = 'Welcome to this experiment.\n\nPress any key to continue.'
5.5851 	EXP 	unnamed TextStim: text = 'Welcome to this experiment.\n\nPress any key to continue.'
5.6017 	EXP 	unnamed TextStim: text = 'Welcome to this experiment.\n\nPress any key to continue.'
5.6183 	EXP 	unnamed TextStim: text = 'Welcome to this experiment.\n\nPress any key to continue.'
5.6351 	EXP 	unnamed TextStim: text = 'Welcome to this experiment.\n\nPress any key to continue.'
5.6519 	EXP 	unnamed TextStim: text = 'Welcome to this experiment.\n\nPress any key to continue.'
5.6680 	EXP 	unnamed TextStim: text = 'Welcome to this experiment.\n\nPress any key to continue.'
5.6852 	EXP 	unnamed TextStim: text = 'Welcome to this experiment.\n\nPress any key to continue.'
5.7016 	EXP 	unnamed TextStim: text = 'Welcome to this experiment.\n\nPress any key to continue.'
5.7182 	EXP 	unnamed TextStim: text = 'Welcome to this experiment.\n\nPress any key to continue.'
5.7349 	EXP 	unnamed TextStim: text = 'Welcome to this experiment.\n\nPress any key to continue.'
5.7516 	EXP 	unnamed TextStim: text = 'Welcome to this experiment.\n\nPress any key to continue.'
5.7683 	EXP 	unnamed TextStim: text = 'Welcome to this experiment.\n\nPress any key to continue.'
5.7850 	EXP 	unnamed TextStim: text = 'Welcome to this experiment.\n\nPress any key to continue.'
5.8017 	EXP 	unnamed TextStim: text = 'Welcome to this experiment.\n\nPress any key to continue.'
5.8184 	EXP 	unnamed TextStim: text = 'Welcome to this experiment.\n\nPress any key to continue.'
5.8350 	EXP 	unnamed TextStim: text = 'Welcome to this experiment.\n\nPress any key to continue.'
5.8357 	DATA 	Keypress: space
5.8845 	EXP 	unnamed TextStim: text = 'You will get to see pictures. \n\nYour task is to name the pictures as quickly as possible.'
5.8993 	EXP 	unnamed TextStim: text = 'You will get to see pictures. \n\nYour task is to name the pictures as quickly as possible.'
5.9162 	EXP 	unnamed TextStim: text = 'You will get to see pictures. \n\nYour task is to name the pictures as quickly as possible.'
5.9329 	EXP 	unnamed TextStim: text = 'You will get to see pictures. \n\nYour task is to name the pictures as quickly as possible.'
5.9500 	EXP 	unnamed TextStim: text = 'You will get to see pictures. \n\nYour task is to name the pictures as quickly as possible.'
5.9667 	EXP 	unnamed TextStim: text = 'You will get to see pictures. \n\nYour task is to name the pictures as quickly as possible.'
5.9834 	EXP 	unnamed TextStim: text = 'You will get to see pictures. \n\nYour task is to name the pictures as quickly as possible.'
6.0001 	EXP 	unnamed TextStim: text = 'You will get to see pictures. \n\nYour task is to name the pictures as quickly as possible.'
6.0167 	EXP 	unnamed TextStim: text = 'You will get to see pictures. \n\nYour task is to name the pictures as quickly as possible.'
6.0333 	EXP 	unnamed TextStim: text = 'You will get to see pictures. \n\nYour task is to name the pictures as quickly as possible.'
6.0337 	DATA 	Keypress: space
6.0523 	EXP 	unnamed TextStim: text = 'However, there is a catch.'
6.0666 	EXP 	unnamed TextStim: text = 'However, there is a catch.'
6.0833 	EXP 	unnamed TextStim: text = 'However, there is a catch.'
6.1002 	EXP 	unnamed TextStim: text = 'However, there is a catch.'
6.1166 	EXP 	unnamed TextStim: text = 'However, there is a catch.'
6.1333 	EXP 	unnamed TextStim: text = 'However, there is a catch.'
6.1498 	EXP 	unnamed TextStim: text = 'However, there is a catch.'
6.1665 	EXP 	unnamed TextStim: text = 'However, there is a catch.'
6.1832 	EXP 	unnamed TextStim: text = 'However, there is a catch.'
6.1998 	EXP 	unnamed TextStim: text = 'However, there is a catch.'
6.2002 	DATA 	Keypress: space
6.2306 	EXP 	unnamed TextStim: text = 'If you see a picture on the LEFT side of the screen, name the picture in English.'
6.2495 	EXP 	unnamed TextStim: text = 'If you see a picture on the LEFT side of the screen, name the picture in English.'
6.2659 	EXP 	unnamed TextStim: text = 'If you see a picture on the LEFT side of the screen, name the picture in English.'
6.2845 	EXP 	unnamed TextStim: text = 'If you see a picture on the LEFT side of the screen, name the picture in English.'
6.3010 	EXP 	unnamed TextStim: text = 'If you see a picture on the LEFT side of the screen, name the picture in English.'
6.3177 	EXP 	unnamed TextStim: text = 'If you see a picture on the LEFT side of the screen, name the picture in English.'
6.3343 	EXP 	unnamed TextStim: text = 'If you see a picture on the LEFT side of the screen, name the picture in English.'
6.3511 	EXP 	unnamed TextStim: text = 'If you see a picture on the LEFT side of the screen, name the picture in English.'
6.3517 	DATA 	Keypress: space
6.4282 	EXP 	unnamed TextStim: text = 'If you see a picture on the RIGHT side of the screen, name the picture in Dutch.'
6.4331 	EXP 	unnamed TextStim: text = 'If you see a picture on the RIGHT side of the screen, name the picture in Dutch.'
6.4493 	EXP 	unnamed TextStim: text = 'If you see a picture on the RIGHT side of the screen, name the picture in Dutch.'
6.4674 	EXP 	unnamed TextStim: text = 'If you see a picture on the RIGHT side of the screen, name the picture in Dutch.'
6.4851 	EXP 	unnamed TextStim: text = 'If you see a picture on the RIGHT side of the screen, name the picture in Dutch.'
6.5000 	EXP 	unnamed TextStim: text = 'If you see a picture on the RIGHT side of the screen, name the picture in Dutch.'
6.5168 	EXP 	unnamed TextStim: text = 'If you see a picture on the RIGHT side of the screen, name the picture in Dutch.'
6.5342 	EXP 	unnamed TextStim: text = 'If you see a picture on the RIGHT side of the screen, name the picture in Dutch.'
6.5509 	EXP 	unnamed TextStim: text = 'If you see a picture on the RIGHT side of the screen, name the picture in Dutch.'
6.5515 	DATA 	Keypress: space
6.5832 	EXP 	unnamed TextStim: text = 'Ready? \n\nPress a key to start!'
6.5997 	EXP 	unnamed TextStim: text = 'Ready? \n\nPress a key to start!'
6.6168 	EXP 	unnamed TextStim: text = 'Ready? \n\nPress a key to start!'
6.6335 	EXP 	unnamed TextStim: text = 'Ready? \n\nPress a key to start!'
6.6502 	EXP 	unnamed TextStim: text = 'Ready? \n\nPress a key to start!'
6.6668 	EXP 	unnamed TextStim: text = 'Ready? \n\nPress a key to start!'
6.6834 	EXP 	unnamed TextStim: text = 'Ready? \n\nPress a key to start!'
6.7000 	EXP 	unnamed TextStim: text = 'Ready? \n\nPress a key to start!'
6.7167 	EXP 	unnamed TextStim: text = 'Ready? \n\nPress a key to start!'
6.7333 	EXP 	unnamed TextStim: text = 'Ready? \n\nPress a key to start!'
6.7337 	DATA 	Keypress: space
6.7505 	EXP 	unnamed ImageStim: size = array([8.7890625, 8.7890625])
6.7505 	EXP 	unnamed ImageStim: image = '1.png'
11.2328 	EXP 	window1: mouseVisible = True
