5924.1373 	EXP 	Created window1 = Window(allowGUI=True, allowStencil=False, args=UNKNOWN, autoLog=True, bitsMode=UNKNOWN, blendMode='avg', color='white', colorSpace='named', fullscr=UNKNOWN, gamma=None, kwargs=UNKNOWN, lms=UNKNOWN, monitor=<psychopy.monitors.calibTools.Monitor object at 0x00000181146A6B70>, multiSample=False, name='window1', numSamples=2, pos=[320.0, 180.0], screen=0, size=array([1280,  720]), stereo=False, units='cm', useFBO=False, useRetina=False, viewOri=0.0, viewPos=None, viewScale=None, waitBlanking=True, winType='pyglet')
5924.3517 	EXP 	Created unnamed TextStim = TextStim(__class__=<class 'psychopy.visual.text.TextStim'>, alignHoriz='center', alignVert='center', antialias=True, autoLog=True, bold=False, color='black', colorSpace='named', contrast=1.0, depth=0, flipHoriz=False, flipVert=False, font='arial', fontFiles=[], height=1.0, italic=False, name='unnamed TextStim', opacity=1.0, ori=0.0, pos=array([0., 0.]), rgb=array([0., 0., 0.]), text='', units='cm', win=Window(...), wrapWidth=15.0)
5924.3860 	EXP 	Created unnamed ImageStim = ImageStim(__class__=<class 'psychopy.visual.image.ImageStim'>, autoLog=True, color=array([1., 1., 1.]), colorSpace='rgb', contrast=1.0, depth=0, flipHoriz=False, flipVert=False, image=None, interpolate=False, mask=None, maskParams=None, name='unnamed ImageStim', opacity=1.0, ori=0.0, pos=array([0., 0.]), size=array([0.5, 0.5]), texRes=128, units='cm', win=Window(...))
5924.3879 	EXP 	Created unnamed ImageStim = ImageStim(__class__=<class 'psychopy.visual.image.ImageStim'>, autoLog=True, color=array([1., 1., 1.]), colorSpace='rgb', contrast=1.0, depth=0, flipHoriz=False, flipVert=False, image=None, interpolate=False, mask=None, maskParams=None, name='unnamed ImageStim', opacity=1.0, ori=0.0, pos=array([0., 0.]), size=array([0.5, 0.5]), texRes=128, units='cm', win=Window(...))
5924.4495 	EXP 	unnamed ImageStim: pos = array([-8.,  0.])
5924.4495 	EXP 	unnamed ImageStim: pos = array([8., 0.])
5924.4495 	EXP 	unnamed TextStim: text = 'Welcome to this experiment.\n\nPress any key to continue.'
5924.4635 	EXP 	unnamed TextStim: text = 'Welcome to this experiment.\n\nPress any key to continue.'
5924.4808 	EXP 	unnamed TextStim: text = 'Welcome to this experiment.\n\nPress any key to continue.'
5924.4974 	EXP 	unnamed TextStim: text = 'Welcome to this experiment.\n\nPress any key to continue.'
5924.5142 	EXP 	unnamed TextStim: text = 'Welcome to this experiment.\n\nPress any key to continue.'
5924.5308 	EXP 	unnamed TextStim: text = 'Welcome to this experiment.\n\nPress any key to continue.'
5924.5475 	EXP 	unnamed TextStim: text = 'Welcome to this experiment.\n\nPress any key to continue.'
5924.5642 	EXP 	unnamed TextStim: text = 'Welcome to this experiment.\n\nPress any key to continue.'
5924.5808 	EXP 	unnamed TextStim: text = 'Welcome to this experiment.\n\nPress any key to continue.'
5924.5975 	EXP 	unnamed TextStim: text = 'Welcome to this experiment.\n\nPress any key to continue.'
5924.6141 	EXP 	unnamed TextStim: text = 'Welcome to this experiment.\n\nPress any key to continue.'
5924.6308 	EXP 	unnamed TextStim: text = 'Welcome to this experiment.\n\nPress any key to continue.'
5924.6474 	EXP 	unnamed TextStim: text = 'Welcome to this experiment.\n\nPress any key to continue.'
5924.6641 	EXP 	unnamed TextStim: text = 'Welcome to this experiment.\n\nPress any key to continue.'
5924.6808 	EXP 	unnamed TextStim: text = 'Welcome to this experiment.\n\nPress any key to continue.'
5924.6974 	EXP 	unnamed TextStim: text = 'Welcome to this experiment.\n\nPress any key to continue.'
5924.7141 	EXP 	unnamed TextStim: text = 'Welcome to this experiment.\n\nPress any key to continue.'
5924.7308 	EXP 	unnamed TextStim: text = 'Welcome to this experiment.\n\nPress any key to continue.'
5924.7475 	EXP 	unnamed TextStim: text = 'Welcome to this experiment.\n\nPress any key to continue.'
5924.7644 	EXP 	unnamed TextStim: text = 'Welcome to this experiment.\n\nPress any key to continue.'
5924.7808 	EXP 	unnamed TextStim: text = 'Welcome to this experiment.\n\nPress any key to continue.'
5924.7987 	EXP 	unnamed TextStim: text = 'Welcome to this experiment.\n\nPress any key to continue.'
5924.8153 	EXP 	unnamed TextStim: text = 'Welcome to this experiment.\n\nPress any key to continue.'
5924.8318 	EXP 	unnamed TextStim: text = 'Welcome to this experiment.\n\nPress any key to continue.'
5924.8489 	EXP 	unnamed TextStim: text = 'Welcome to this experiment.\n\nPress any key to continue.'
5924.8670 	EXP 	unnamed TextStim: text = 'Welcome to this experiment.\n\nPress any key to continue.'
5924.8808 	EXP 	unnamed TextStim: text = 'Welcome to this experiment.\n\nPress any key to continue.'
5924.8971 	EXP 	unnamed TextStim: text = 'Welcome to this experiment.\n\nPress any key to continue.'
5924.9149 	EXP 	unnamed TextStim: text = 'Welcome to this experiment.\n\nPress any key to continue.'
5924.9316 	EXP 	unnamed TextStim: text = 'Welcome to this experiment.\n\nPress any key to continue.'
5924.9488 	EXP 	unnamed TextStim: text = 'Welcome to this experiment.\n\nPress any key to continue.'
5924.9654 	EXP 	unnamed TextStim: text = 'Welcome to this experiment.\n\nPress any key to continue.'
5924.9822 	EXP 	unnamed TextStim: text = 'Welcome to this experiment.\n\nPress any key to continue.'
5924.9988 	EXP 	unnamed TextStim: text = 'Welcome to this experiment.\n\nPress any key to continue.'
5925.0153 	EXP 	unnamed TextStim: text = 'Welcome to this experiment.\n\nPress any key to continue.'
5925.0321 	EXP 	unnamed TextStim: text = 'Welcome to this experiment.\n\nPress any key to continue.'
5925.0488 	EXP 	unnamed TextStim: text = 'Welcome to this experiment.\n\nPress any key to continue.'
5925.0653 	EXP 	unnamed TextStim: text = 'Welcome to this experiment.\n\nPress any key to continue.'
5925.0820 	EXP 	unnamed TextStim: text = 'Welcome to this experiment.\n\nPress any key to continue.'
5925.0986 	EXP 	unnamed TextStim: text = 'Welcome to this experiment.\n\nPress any key to continue.'
5925.1154 	EXP 	unnamed TextStim: text = 'Welcome to this experiment.\n\nPress any key to continue.'
5925.1320 	EXP 	unnamed TextStim: text = 'Welcome to this experiment.\n\nPress any key to continue.'
5925.1486 	EXP 	unnamed TextStim: text = 'Welcome to this experiment.\n\nPress any key to continue.'
5925.1654 	EXP 	unnamed TextStim: text = 'Welcome to this experiment.\n\nPress any key to continue.'
5925.1821 	EXP 	unnamed TextStim: text = 'Welcome to this experiment.\n\nPress any key to continue.'
5925.1993 	EXP 	unnamed TextStim: text = 'Welcome to this experiment.\n\nPress any key to continue.'
5925.2153 	EXP 	unnamed TextStim: text = 'Welcome to this experiment.\n\nPress any key to continue.'
5925.2322 	EXP 	unnamed TextStim: text = 'Welcome to this experiment.\n\nPress any key to continue.'
5925.2486 	EXP 	unnamed TextStim: text = 'Welcome to this experiment.\n\nPress any key to continue.'
5925.2653 	EXP 	unnamed TextStim: text = 'Welcome to this experiment.\n\nPress any key to continue.'
5925.2825 	EXP 	unnamed TextStim: text = 'Welcome to this experiment.\n\nPress any key to continue.'
5925.2987 	EXP 	unnamed TextStim: text = 'Welcome to this experiment.\n\nPress any key to continue.'
5925.3157 	EXP 	unnamed TextStim: text = 'Welcome to this experiment.\n\nPress any key to continue.'
5925.3321 	EXP 	unnamed TextStim: text = 'Welcome to this experiment.\n\nPress any key to continue.'
5925.3486 	EXP 	unnamed TextStim: text = 'Welcome to this experiment.\n\nPress any key to continue.'
5925.3652 	EXP 	unnamed TextStim: text = 'Welcome to this experiment.\n\nPress any key to continue.'
5925.3818 	EXP 	unnamed TextStim: text = 'Welcome to this experiment.\n\nPress any key to continue.'
5925.3985 	EXP 	unnamed TextStim: text = 'Welcome to this experiment.\n\nPress any key to continue.'
5925.4153 	EXP 	unnamed TextStim: text = 'Welcome to this experiment.\n\nPress any key to continue.'
5925.4318 	EXP 	unnamed TextStim: text = 'Welcome to this experiment.\n\nPress any key to continue.'
5925.4486 	EXP 	unnamed TextStim: text = 'Welcome to this experiment.\n\nPress any key to continue.'
5925.4654 	EXP 	unnamed TextStim: text = 'Welcome to this experiment.\n\nPress any key to continue.'
5925.4818 	EXP 	unnamed TextStim: text = 'Welcome to this experiment.\n\nPress any key to continue.'
5925.4984 	EXP 	unnamed TextStim: text = 'Welcome to this experiment.\n\nPress any key to continue.'
5925.5154 	EXP 	unnamed TextStim: text = 'Welcome to this experiment.\n\nPress any key to continue.'
5925.5317 	EXP 	unnamed TextStim: text = 'Welcome to this experiment.\n\nPress any key to continue.'
5925.5484 	EXP 	unnamed TextStim: text = 'Welcome to this experiment.\n\nPress any key to continue.'
5925.5650 	EXP 	unnamed TextStim: text = 'Welcome to this experiment.\n\nPress any key to continue.'
5925.5818 	EXP 	unnamed TextStim: text = 'Welcome to this experiment.\n\nPress any key to continue.'
5925.5986 	EXP 	unnamed TextStim: text = 'Welcome to this experiment.\n\nPress any key to continue.'
5925.6154 	EXP 	unnamed TextStim: text = 'Welcome to this experiment.\n\nPress any key to continue.'
5925.6317 	EXP 	unnamed TextStim: text = 'Welcome to this experiment.\n\nPress any key to continue.'
5925.6484 	EXP 	unnamed TextStim: text = 'Welcome to this experiment.\n\nPress any key to continue.'
5925.6652 	EXP 	unnamed TextStim: text = 'Welcome to this experiment.\n\nPress any key to continue.'
5925.6819 	EXP 	unnamed TextStim: text = 'Welcome to this experiment.\n\nPress any key to continue.'
5925.6984 	EXP 	unnamed TextStim: text = 'Welcome to this experiment.\n\nPress any key to continue.'
5925.7154 	EXP 	unnamed TextStim: text = 'Welcome to this experiment.\n\nPress any key to continue.'
5925.7316 	EXP 	unnamed TextStim: text = 'Welcome to this experiment.\n\nPress any key to continue.'
5925.7483 	EXP 	unnamed TextStim: text = 'Welcome to this experiment.\n\nPress any key to continue.'
5925.7653 	EXP 	unnamed TextStim: text = 'Welcome to this experiment.\n\nPress any key to continue.'
5925.7816 	EXP 	unnamed TextStim: text = 'Welcome to this experiment.\n\nPress any key to continue.'
5925.7982 	EXP 	unnamed TextStim: text = 'Welcome to this experiment.\n\nPress any key to continue.'
5925.7989 	DATA 	Keypress: space
5925.8528 	EXP 	unnamed TextStim: text = 'You will get to see pictures. \n\nYour task is to name the pictures as quickly as possible.'
5925.8631 	EXP 	unnamed TextStim: text = 'You will get to see pictures. \n\nYour task is to name the pictures as quickly as possible.'
5925.8799 	EXP 	unnamed TextStim: text = 'You will get to see pictures. \n\nYour task is to name the pictures as quickly as possible.'
5925.8969 	EXP 	unnamed TextStim: text = 'You will get to see pictures. \n\nYour task is to name the pictures as quickly as possible.'
5925.9138 	EXP 	unnamed TextStim: text = 'You will get to see pictures. \n\nYour task is to name the pictures as quickly as possible.'
5925.9302 	EXP 	unnamed TextStim: text = 'You will get to see pictures. \n\nYour task is to name the pictures as quickly as possible.'
5925.9465 	EXP 	unnamed TextStim: text = 'You will get to see pictures. \n\nYour task is to name the pictures as quickly as possible.'
5925.9636 	EXP 	unnamed TextStim: text = 'You will get to see pictures. \n\nYour task is to name the pictures as quickly as possible.'
5925.9796 	EXP 	unnamed TextStim: text = 'You will get to see pictures. \n\nYour task is to name the pictures as quickly as possible.'
5925.9972 	EXP 	unnamed TextStim: text = 'You will get to see pictures. \n\nYour task is to name the pictures as quickly as possible.'
5926.0138 	EXP 	unnamed TextStim: text = 'You will get to see pictures. \n\nYour task is to name the pictures as quickly as possible.'
5926.0304 	EXP 	unnamed TextStim: text = 'You will get to see pictures. \n\nYour task is to name the pictures as quickly as possible.'
5926.0463 	EXP 	unnamed TextStim: text = 'You will get to see pictures. \n\nYour task is to name the pictures as quickly as possible.'
5926.0633 	EXP 	unnamed TextStim: text = 'You will get to see pictures. \n\nYour task is to name the pictures as quickly as possible.'
5926.0800 	EXP 	unnamed TextStim: text = 'You will get to see pictures. \n\nYour task is to name the pictures as quickly as possible.'
5926.0966 	EXP 	unnamed TextStim: text = 'You will get to see pictures. \n\nYour task is to name the pictures as quickly as possible.'
5926.1137 	EXP 	unnamed TextStim: text = 'You will get to see pictures. \n\nYour task is to name the pictures as quickly as possible.'
5926.1299 	EXP 	unnamed TextStim: text = 'You will get to see pictures. \n\nYour task is to name the pictures as quickly as possible.'
5926.1465 	EXP 	unnamed TextStim: text = 'You will get to see pictures. \n\nYour task is to name the pictures as quickly as possible.'
5926.1629 	EXP 	unnamed TextStim: text = 'You will get to see pictures. \n\nYour task is to name the pictures as quickly as possible.'
5926.1795 	EXP 	unnamed TextStim: text = 'You will get to see pictures. \n\nYour task is to name the pictures as quickly as possible.'
5926.1962 	EXP 	unnamed TextStim: text = 'You will get to see pictures. \n\nYour task is to name the pictures as quickly as possible.'
5926.2136 	EXP 	unnamed TextStim: text = 'You will get to see pictures. \n\nYour task is to name the pictures as quickly as possible.'
5926.2318 	EXP 	unnamed TextStim: text = 'You will get to see pictures. \n\nYour task is to name the pictures as quickly as possible.'
5926.2481 	EXP 	unnamed TextStim: text = 'You will get to see pictures. \n\nYour task is to name the pictures as quickly as possible.'
5926.2649 	EXP 	unnamed TextStim: text = 'You will get to see pictures. \n\nYour task is to name the pictures as quickly as possible.'
5926.2812 	EXP 	unnamed TextStim: text = 'You will get to see pictures. \n\nYour task is to name the pictures as quickly as possible.'
5926.2980 	EXP 	unnamed TextStim: text = 'You will get to see pictures. \n\nYour task is to name the pictures as quickly as possible.'
5926.2987 	DATA 	Keypress: space
5926.3334 	EXP 	unnamed TextStim: text = 'However, there is a catch.'
5926.3468 	EXP 	unnamed TextStim: text = 'However, there is a catch.'
5926.3634 	EXP 	unnamed TextStim: text = 'However, there is a catch.'
5926.3812 	EXP 	unnamed TextStim: text = 'However, there is a catch.'
5926.3976 	EXP 	unnamed TextStim: text = 'However, there is a catch.'
5926.4138 	EXP 	unnamed TextStim: text = 'However, there is a catch.'
5926.4304 	EXP 	unnamed TextStim: text = 'However, there is a catch.'
5926.4469 	EXP 	unnamed TextStim: text = 'However, there is a catch.'
5926.4634 	EXP 	unnamed TextStim: text = 'However, there is a catch.'
5926.4800 	EXP 	unnamed TextStim: text = 'However, there is a catch.'
5926.4967 	EXP 	unnamed TextStim: text = 'However, there is a catch.'
5926.5139 	EXP 	unnamed TextStim: text = 'However, there is a catch.'
5926.5298 	EXP 	unnamed TextStim: text = 'However, there is a catch.'
5926.5476 	EXP 	unnamed TextStim: text = 'However, there is a catch.'
5926.5682 	EXP 	unnamed TextStim: text = 'However, there is a catch.'
5926.5849 	EXP 	unnamed TextStim: text = 'However, there is a catch.'
5926.6014 	EXP 	unnamed TextStim: text = 'However, there is a catch.'
5926.6184 	EXP 	unnamed TextStim: text = 'However, there is a catch.'
5926.6347 	EXP 	unnamed TextStim: text = 'However, there is a catch.'
5926.6514 	EXP 	unnamed TextStim: text = 'However, there is a catch.'
5926.6644 	EXP 	unnamed TextStim: text = 'However, there is a catch.'
5926.6799 	EXP 	unnamed TextStim: text = 'However, there is a catch.'
5926.6964 	EXP 	unnamed TextStim: text = 'However, there is a catch.'
5926.7130 	EXP 	unnamed TextStim: text = 'However, there is a catch.'
5926.7297 	EXP 	unnamed TextStim: text = 'However, there is a catch.'
5926.7301 	DATA 	Keypress: space
5926.7592 	EXP 	unnamed TextStim: text = 'If you see a picture on the LEFT side of the screen, name the picture in English.'
5926.7786 	EXP 	unnamed TextStim: text = 'If you see a picture on the LEFT side of the screen, name the picture in English.'
5926.7978 	EXP 	unnamed TextStim: text = 'If you see a picture on the LEFT side of the screen, name the picture in English.'
5926.8147 	EXP 	unnamed TextStim: text = 'If you see a picture on the LEFT side of the screen, name the picture in English.'
5926.8312 	EXP 	unnamed TextStim: text = 'If you see a picture on the LEFT side of the screen, name the picture in English.'
5926.8478 	EXP 	unnamed TextStim: text = 'If you see a picture on the LEFT side of the screen, name the picture in English.'
5926.8647 	EXP 	unnamed TextStim: text = 'If you see a picture on the LEFT side of the screen, name the picture in English.'
5926.8812 	EXP 	unnamed TextStim: text = 'If you see a picture on the LEFT side of the screen, name the picture in English.'
5926.8983 	EXP 	unnamed TextStim: text = 'If you see a picture on the LEFT side of the screen, name the picture in English.'
5926.9144 	EXP 	unnamed TextStim: text = 'If you see a picture on the LEFT side of the screen, name the picture in English.'
5926.9314 	EXP 	unnamed TextStim: text = 'If you see a picture on the LEFT side of the screen, name the picture in English.'
5926.9478 	EXP 	unnamed TextStim: text = 'If you see a picture on the LEFT side of the screen, name the picture in English.'
5926.9645 	EXP 	unnamed TextStim: text = 'If you see a picture on the LEFT side of the screen, name the picture in English.'
5926.9810 	EXP 	unnamed TextStim: text = 'If you see a picture on the LEFT side of the screen, name the picture in English.'
5926.9979 	EXP 	unnamed TextStim: text = 'If you see a picture on the LEFT side of the screen, name the picture in English.'
5927.0142 	EXP 	unnamed TextStim: text = 'If you see a picture on the LEFT side of the screen, name the picture in English.'
5927.0312 	EXP 	unnamed TextStim: text = 'If you see a picture on the LEFT side of the screen, name the picture in English.'
5927.0477 	EXP 	unnamed TextStim: text = 'If you see a picture on the LEFT side of the screen, name the picture in English.'
5927.0650 	EXP 	unnamed TextStim: text = 'If you see a picture on the LEFT side of the screen, name the picture in English.'
5927.0808 	EXP 	unnamed TextStim: text = 'If you see a picture on the LEFT side of the screen, name the picture in English.'
5927.0976 	EXP 	unnamed TextStim: text = 'If you see a picture on the LEFT side of the screen, name the picture in English.'
5927.1143 	EXP 	unnamed TextStim: text = 'If you see a picture on the LEFT side of the screen, name the picture in English.'
5927.1309 	EXP 	unnamed TextStim: text = 'If you see a picture on the LEFT side of the screen, name the picture in English.'
5927.1476 	EXP 	unnamed TextStim: text = 'If you see a picture on the LEFT side of the screen, name the picture in English.'
5927.1648 	EXP 	unnamed TextStim: text = 'If you see a picture on the LEFT side of the screen, name the picture in English.'
5927.1810 	EXP 	unnamed TextStim: text = 'If you see a picture on the LEFT side of the screen, name the picture in English.'
5927.1817 	DATA 	Keypress: space
5927.2244 	EXP 	unnamed TextStim: text = 'If you see a picture on the RIGHT side of the screen, name the picture in Dutch.'
5927.2293 	EXP 	unnamed TextStim: text = 'If you see a picture on the RIGHT side of the screen, name the picture in Dutch.'
5927.2459 	EXP 	unnamed TextStim: text = 'If you see a picture on the RIGHT side of the screen, name the picture in Dutch.'
5927.2630 	EXP 	unnamed TextStim: text = 'If you see a picture on the RIGHT side of the screen, name the picture in Dutch.'
5927.2811 	EXP 	unnamed TextStim: text = 'If you see a picture on the RIGHT side of the screen, name the picture in Dutch.'
5927.2976 	EXP 	unnamed TextStim: text = 'If you see a picture on the RIGHT side of the screen, name the picture in Dutch.'
5927.3149 	EXP 	unnamed TextStim: text = 'If you see a picture on the RIGHT side of the screen, name the picture in Dutch.'
5927.3316 	EXP 	unnamed TextStim: text = 'If you see a picture on the RIGHT side of the screen, name the picture in Dutch.'
5927.3460 	EXP 	unnamed TextStim: text = 'If you see a picture on the RIGHT side of the screen, name the picture in Dutch.'
5927.3627 	EXP 	unnamed TextStim: text = 'If you see a picture on the RIGHT side of the screen, name the picture in Dutch.'
5927.3792 	EXP 	unnamed TextStim: text = 'If you see a picture on the RIGHT side of the screen, name the picture in Dutch.'
5927.3963 	EXP 	unnamed TextStim: text = 'If you see a picture on the RIGHT side of the screen, name the picture in Dutch.'
5927.4128 	EXP 	unnamed TextStim: text = 'If you see a picture on the RIGHT side of the screen, name the picture in Dutch.'
5927.4298 	EXP 	unnamed TextStim: text = 'If you see a picture on the RIGHT side of the screen, name the picture in Dutch.'
5927.4462 	EXP 	unnamed TextStim: text = 'If you see a picture on the RIGHT side of the screen, name the picture in Dutch.'
5927.4628 	EXP 	unnamed TextStim: text = 'If you see a picture on the RIGHT side of the screen, name the picture in Dutch.'
5927.4788 	EXP 	unnamed TextStim: text = 'If you see a picture on the RIGHT side of the screen, name the picture in Dutch.'
5927.4955 	EXP 	unnamed TextStim: text = 'If you see a picture on the RIGHT side of the screen, name the picture in Dutch.'
5927.5121 	EXP 	unnamed TextStim: text = 'If you see a picture on the RIGHT side of the screen, name the picture in Dutch.'
5927.5294 	EXP 	unnamed TextStim: text = 'If you see a picture on the RIGHT side of the screen, name the picture in Dutch.'
5927.5460 	EXP 	unnamed TextStim: text = 'If you see a picture on the RIGHT side of the screen, name the picture in Dutch.'
5927.5627 	EXP 	unnamed TextStim: text = 'If you see a picture on the RIGHT side of the screen, name the picture in Dutch.'
5927.5793 	EXP 	unnamed TextStim: text = 'If you see a picture on the RIGHT side of the screen, name the picture in Dutch.'
5927.5959 	EXP 	unnamed TextStim: text = 'If you see a picture on the RIGHT side of the screen, name the picture in Dutch.'
5927.6127 	EXP 	unnamed TextStim: text = 'If you see a picture on the RIGHT side of the screen, name the picture in Dutch.'
5927.6292 	EXP 	unnamed TextStim: text = 'If you see a picture on the RIGHT side of the screen, name the picture in Dutch.'
5927.6458 	EXP 	unnamed TextStim: text = 'If you see a picture on the RIGHT side of the screen, name the picture in Dutch.'
5927.6626 	EXP 	unnamed TextStim: text = 'If you see a picture on the RIGHT side of the screen, name the picture in Dutch.'
5927.6793 	EXP 	unnamed TextStim: text = 'If you see a picture on the RIGHT side of the screen, name the picture in Dutch.'
5927.6959 	EXP 	unnamed TextStim: text = 'If you see a picture on the RIGHT side of the screen, name the picture in Dutch.'
5927.7127 	EXP 	unnamed TextStim: text = 'If you see a picture on the RIGHT side of the screen, name the picture in Dutch.'
5927.7292 	EXP 	unnamed TextStim: text = 'If you see a picture on the RIGHT side of the screen, name the picture in Dutch.'
5927.7459 	EXP 	unnamed TextStim: text = 'If you see a picture on the RIGHT side of the screen, name the picture in Dutch.'
5927.7626 	EXP 	unnamed TextStim: text = 'If you see a picture on the RIGHT side of the screen, name the picture in Dutch.'
5927.7793 	EXP 	unnamed TextStim: text = 'If you see a picture on the RIGHT side of the screen, name the picture in Dutch.'
5927.7959 	EXP 	unnamed TextStim: text = 'If you see a picture on the RIGHT side of the screen, name the picture in Dutch.'
5927.8128 	EXP 	unnamed TextStim: text = 'If you see a picture on the RIGHT side of the screen, name the picture in Dutch.'
5927.8306 	EXP 	unnamed TextStim: text = 'If you see a picture on the RIGHT side of the screen, name the picture in Dutch.'
5927.8474 	EXP 	unnamed TextStim: text = 'If you see a picture on the RIGHT side of the screen, name the picture in Dutch.'
5927.8643 	EXP 	unnamed TextStim: text = 'If you see a picture on the RIGHT side of the screen, name the picture in Dutch.'
5927.8807 	EXP 	unnamed TextStim: text = 'If you see a picture on the RIGHT side of the screen, name the picture in Dutch.'
5927.8975 	EXP 	unnamed TextStim: text = 'If you see a picture on the RIGHT side of the screen, name the picture in Dutch.'
5927.9139 	EXP 	unnamed TextStim: text = 'If you see a picture on the RIGHT side of the screen, name the picture in Dutch.'
5927.9317 	EXP 	unnamed TextStim: text = 'If you see a picture on the RIGHT side of the screen, name the picture in Dutch.'
5927.9482 	EXP 	unnamed TextStim: text = 'If you see a picture on the RIGHT side of the screen, name the picture in Dutch.'
5927.9653 	EXP 	unnamed TextStim: text = 'If you see a picture on the RIGHT side of the screen, name the picture in Dutch.'
5927.9804 	EXP 	unnamed TextStim: text = 'If you see a picture on the RIGHT side of the screen, name the picture in Dutch.'
5927.9973 	EXP 	unnamed TextStim: text = 'If you see a picture on the RIGHT side of the screen, name the picture in Dutch.'
5928.0138 	EXP 	unnamed TextStim: text = 'If you see a picture on the RIGHT side of the screen, name the picture in Dutch.'
5928.0311 	EXP 	unnamed TextStim: text = 'If you see a picture on the RIGHT side of the screen, name the picture in Dutch.'
5928.0318 	DATA 	Keypress: space
5928.0606 	EXP 	unnamed TextStim: text = 'Ready? \n\nPress a key to start!'
5928.0788 	EXP 	unnamed TextStim: text = 'Ready? \n\nPress a key to start!'
5928.0953 	EXP 	unnamed TextStim: text = 'Ready? \n\nPress a key to start!'
5928.1128 	EXP 	unnamed TextStim: text = 'Ready? \n\nPress a key to start!'
5928.1306 	EXP 	unnamed TextStim: text = 'Ready? \n\nPress a key to start!'
5928.1478 	EXP 	unnamed TextStim: text = 'Ready? \n\nPress a key to start!'
5928.1641 	EXP 	unnamed TextStim: text = 'Ready? \n\nPress a key to start!'
5928.1810 	EXP 	unnamed TextStim: text = 'Ready? \n\nPress a key to start!'
5928.1970 	EXP 	unnamed TextStim: text = 'Ready? \n\nPress a key to start!'
5928.2126 	EXP 	unnamed TextStim: text = 'Ready? \n\nPress a key to start!'
5928.2293 	EXP 	unnamed TextStim: text = 'Ready? \n\nPress a key to start!'
5928.2451 	EXP 	unnamed TextStim: text = 'Ready? \n\nPress a key to start!'
5928.2619 	EXP 	unnamed TextStim: text = 'Ready? \n\nPress a key to start!'
5928.2790 	EXP 	unnamed TextStim: text = 'Ready? \n\nPress a key to start!'
5928.2957 	EXP 	unnamed TextStim: text = 'Ready? \n\nPress a key to start!'
5928.3124 	EXP 	unnamed TextStim: text = 'Ready? \n\nPress a key to start!'
5928.3305 	EXP 	unnamed TextStim: text = 'Ready? \n\nPress a key to start!'
5928.3469 	EXP 	unnamed TextStim: text = 'Ready? \n\nPress a key to start!'
5928.3637 	EXP 	unnamed TextStim: text = 'Ready? \n\nPress a key to start!'
5928.3805 	EXP 	unnamed TextStim: text = 'Ready? \n\nPress a key to start!'
5928.3970 	EXP 	unnamed TextStim: text = 'Ready? \n\nPress a key to start!'
5928.4142 	EXP 	unnamed TextStim: text = 'Ready? \n\nPress a key to start!'
5928.4303 	EXP 	unnamed TextStim: text = 'Ready? \n\nPress a key to start!'
5928.4469 	EXP 	unnamed TextStim: text = 'Ready? \n\nPress a key to start!'
5928.4644 	EXP 	unnamed TextStim: text = 'Ready? \n\nPress a key to start!'
5928.4803 	EXP 	unnamed TextStim: text = 'Ready? \n\nPress a key to start!'
5928.4965 	EXP 	unnamed TextStim: text = 'Ready? \n\nPress a key to start!'
5928.5131 	EXP 	unnamed TextStim: text = 'Ready? \n\nPress a key to start!'
5928.5302 	EXP 	unnamed TextStim: text = 'Ready? \n\nPress a key to start!'
5928.5474 	EXP 	unnamed TextStim: text = 'Ready? \n\nPress a key to start!'
5928.5642 	EXP 	unnamed TextStim: text = 'Ready? \n\nPress a key to start!'
5928.5821 	EXP 	unnamed TextStim: text = 'Ready? \n\nPress a key to start!'
5928.6008 	EXP 	unnamed TextStim: text = 'Ready? \n\nPress a key to start!'
5928.6176 	EXP 	unnamed TextStim: text = 'Ready? \n\nPress a key to start!'
5928.6342 	EXP 	unnamed TextStim: text = 'Ready? \n\nPress a key to start!'
5928.6514 	EXP 	unnamed TextStim: text = 'Ready? \n\nPress a key to start!'
5928.6664 	EXP 	unnamed TextStim: text = 'Ready? \n\nPress a key to start!'
5928.6799 	EXP 	unnamed TextStim: text = 'Ready? \n\nPress a key to start!'
5928.6954 	EXP 	unnamed TextStim: text = 'Ready? \n\nPress a key to start!'
5928.7120 	EXP 	unnamed TextStim: text = 'Ready? \n\nPress a key to start!'
5928.7282 	EXP 	unnamed TextStim: text = 'Ready? \n\nPress a key to start!'
5928.7448 	EXP 	unnamed TextStim: text = 'Ready? \n\nPress a key to start!'
5928.7615 	EXP 	unnamed TextStim: text = 'Ready? \n\nPress a key to start!'
5928.7781 	EXP 	unnamed TextStim: text = 'Ready? \n\nPress a key to start!'
5928.7954 	EXP 	unnamed TextStim: text = 'Ready? \n\nPress a key to start!'
5928.8120 	EXP 	unnamed TextStim: text = 'Ready? \n\nPress a key to start!'
5928.8286 	EXP 	unnamed TextStim: text = 'Ready? \n\nPress a key to start!'
5928.8453 	EXP 	unnamed TextStim: text = 'Ready? \n\nPress a key to start!'
5928.8620 	EXP 	unnamed TextStim: text = 'Ready? \n\nPress a key to start!'
5928.8786 	EXP 	unnamed TextStim: text = 'Ready? \n\nPress a key to start!'
5928.8952 	EXP 	unnamed TextStim: text = 'Ready? \n\nPress a key to start!'
5928.9120 	EXP 	unnamed TextStim: text = 'Ready? \n\nPress a key to start!'
5928.9286 	EXP 	unnamed TextStim: text = 'Ready? \n\nPress a key to start!'
5928.9452 	EXP 	unnamed TextStim: text = 'Ready? \n\nPress a key to start!'
5928.9618 	EXP 	unnamed TextStim: text = 'Ready? \n\nPress a key to start!'
5928.9790 	EXP 	unnamed TextStim: text = 'Ready? \n\nPress a key to start!'
5928.9953 	EXP 	unnamed TextStim: text = 'Ready? \n\nPress a key to start!'
5929.0119 	EXP 	unnamed TextStim: text = 'Ready? \n\nPress a key to start!'
5929.0286 	EXP 	unnamed TextStim: text = 'Ready? \n\nPress a key to start!'
5929.0453 	EXP 	unnamed TextStim: text = 'Ready? \n\nPress a key to start!'
5929.0619 	EXP 	unnamed TextStim: text = 'Ready? \n\nPress a key to start!'
5929.0785 	EXP 	unnamed TextStim: text = 'Ready? \n\nPress a key to start!'
5929.0951 	EXP 	unnamed TextStim: text = 'Ready? \n\nPress a key to start!'
5929.1118 	EXP 	unnamed TextStim: text = 'Ready? \n\nPress a key to start!'
5929.1285 	EXP 	unnamed TextStim: text = 'Ready? \n\nPress a key to start!'
5929.1451 	EXP 	unnamed TextStim: text = 'Ready? \n\nPress a key to start!'
5929.1620 	EXP 	unnamed TextStim: text = 'Ready? \n\nPress a key to start!'
5929.1798 	EXP 	unnamed TextStim: text = 'Ready? \n\nPress a key to start!'
5929.1964 	EXP 	unnamed TextStim: text = 'Ready? \n\nPress a key to start!'
5929.2131 	EXP 	unnamed TextStim: text = 'Ready? \n\nPress a key to start!'
5929.2298 	EXP 	unnamed TextStim: text = 'Ready? \n\nPress a key to start!'
5929.2465 	EXP 	unnamed TextStim: text = 'Ready? \n\nPress a key to start!'
5929.2631 	EXP 	unnamed TextStim: text = 'Ready? \n\nPress a key to start!'
5929.2798 	EXP 	unnamed TextStim: text = 'Ready? \n\nPress a key to start!'
5929.2967 	EXP 	unnamed TextStim: text = 'Ready? \n\nPress a key to start!'
5929.3132 	EXP 	unnamed TextStim: text = 'Ready? \n\nPress a key to start!'
5929.3297 	EXP 	unnamed TextStim: text = 'Ready? \n\nPress a key to start!'
5929.3463 	EXP 	unnamed TextStim: text = 'Ready? \n\nPress a key to start!'
5929.3630 	EXP 	unnamed TextStim: text = 'Ready? \n\nPress a key to start!'
5929.3801 	EXP 	unnamed TextStim: text = 'Ready? \n\nPress a key to start!'
5929.3970 	EXP 	unnamed TextStim: text = 'Ready? \n\nPress a key to start!'
5929.4133 	EXP 	unnamed TextStim: text = 'Ready? \n\nPress a key to start!'
5929.4300 	EXP 	unnamed TextStim: text = 'Ready? \n\nPress a key to start!'
5929.4450 	EXP 	unnamed TextStim: text = 'Ready? \n\nPress a key to start!'
5929.4624 	EXP 	unnamed TextStim: text = 'Ready? \n\nPress a key to start!'
5929.4788 	EXP 	unnamed TextStim: text = 'Ready? \n\nPress a key to start!'
5929.4955 	EXP 	unnamed TextStim: text = 'Ready? \n\nPress a key to start!'
5929.5116 	EXP 	unnamed TextStim: text = 'Ready? \n\nPress a key to start!'
5929.5277 	EXP 	unnamed TextStim: text = 'Ready? \n\nPress a key to start!'
5929.5450 	EXP 	unnamed TextStim: text = 'Ready? \n\nPress a key to start!'
5929.5620 	EXP 	unnamed TextStim: text = 'Ready? \n\nPress a key to start!'
5929.5784 	EXP 	unnamed TextStim: text = 'Ready? \n\nPress a key to start!'
5929.5944 	EXP 	unnamed TextStim: text = 'Ready? \n\nPress a key to start!'
5929.6113 	EXP 	unnamed TextStim: text = 'Ready? \n\nPress a key to start!'
5929.6281 	EXP 	unnamed TextStim: text = 'Ready? \n\nPress a key to start!'
5929.6445 	EXP 	unnamed TextStim: text = 'Ready? \n\nPress a key to start!'
5929.6613 	EXP 	unnamed TextStim: text = 'Ready? \n\nPress a key to start!'
5929.6778 	EXP 	unnamed TextStim: text = 'Ready? \n\nPress a key to start!'
5929.6945 	EXP 	unnamed TextStim: text = 'Ready? \n\nPress a key to start!'
5929.7123 	EXP 	unnamed TextStim: text = 'Ready? \n\nPress a key to start!'
5929.7286 	EXP 	unnamed TextStim: text = 'Ready? \n\nPress a key to start!'
5929.7456 	EXP 	unnamed TextStim: text = 'Ready? \n\nPress a key to start!'
5929.7619 	EXP 	unnamed TextStim: text = 'Ready? \n\nPress a key to start!'
5929.7782 	EXP 	unnamed TextStim: text = 'Ready? \n\nPress a key to start!'
5929.7948 	EXP 	unnamed TextStim: text = 'Ready? \n\nPress a key to start!'
5929.8119 	EXP 	unnamed TextStim: text = 'Ready? \n\nPress a key to start!'
5929.8285 	EXP 	unnamed TextStim: text = 'Ready? \n\nPress a key to start!'
5929.8452 	EXP 	unnamed TextStim: text = 'Ready? \n\nPress a key to start!'
5929.8618 	EXP 	unnamed TextStim: text = 'Ready? \n\nPress a key to start!'
5929.8785 	EXP 	unnamed TextStim: text = 'Ready? \n\nPress a key to start!'
5929.8949 	EXP 	unnamed TextStim: text = 'Ready? \n\nPress a key to start!'
5929.9115 	EXP 	unnamed TextStim: text = 'Ready? \n\nPress a key to start!'
5929.9287 	EXP 	unnamed TextStim: text = 'Ready? \n\nPress a key to start!'
5929.9451 	EXP 	unnamed TextStim: text = 'Ready? \n\nPress a key to start!'
5929.9617 	EXP 	unnamed TextStim: text = 'Ready? \n\nPress a key to start!'
5929.9783 	EXP 	unnamed TextStim: text = 'Ready? \n\nPress a key to start!'
5929.9946 	EXP 	unnamed TextStim: text = 'Ready? \n\nPress a key to start!'
5930.0112 	EXP 	unnamed TextStim: text = 'Ready? \n\nPress a key to start!'
5930.0281 	EXP 	unnamed TextStim: text = 'Ready? \n\nPress a key to start!'
5930.0445 	EXP 	unnamed TextStim: text = 'Ready? \n\nPress a key to start!'
5930.0611 	EXP 	unnamed TextStim: text = 'Ready? \n\nPress a key to start!'
5930.0616 	DATA 	Keypress: space
5930.0625 	ERROR 	Couldn't find image stimuli/1.png; check path? (tried: C:\Users\saski\mpi-python-intro\Session6\recordings\stimuli\1.png)
